<?xml version="1.0" encoding="UTF-8"?>
<!-- Generated by org.testng.reporters.JUnitXMLReporter -->
<testsuite hostname="DESKTOP-MRVJBNT" failures="1" tests="2" name="Test" time="14.935" errors="0" timestamp="2 Jul 2025 18:50:28 GMT">
  <testcase classname="com.menumitratCommonAPITestScript.OutletMultipleTestScript" name="createMultipleOutletsTest" time="10.611">
    <failure type="com.menumitra.utilityclass.customException" message="Error in creating multiple outlets: Created 5 out of 20 outlets successfully - Some outlets failed to create">
      <![CDATA[com.menumitra.utilityclass.customException: Error in creating multiple outlets: Created 5 out of 20 outlets successfully - Some outlets failed to create
	at com.menumitratCommonAPITestScript.OutletMultipleTestScript.createMultipleOutletsTest(OutletMultipleTestScript.java:318)
... Removed 22 stack frames]]>
    </failure>
  </testcase> <!-- createMultipleOutletsTest -->
  <testcase classname="com.menumitratCommonAPITestScript.OutletMultipleTestScript" name="outletMultipleTest" time="0.097"/>
</testsuite> <!-- Test -->
