<?xml version="1.0" encoding="UTF-8"?>
<!-- Generated by org.testng.reporters.JUnitXMLReporter -->
<testsuite hostname="DESKTOP-MRVJBNT" failures="32" tests="202" name="Test" time="63.575" errors="0" timestamp="26 Jun 2025 09:55:28 GMT">
  <testcase classname="com.menumitratCommonAPITestScript.sectionCreateTestScript" name="@BeforeClass sectionCreateSetup" time="0.0">
    <failure type="com.menumitra.utilityclass.customException" message="Error during setup: Cannot invoke &amp;quot;String.isEmpty()&amp;quot; because &amp;quot;this.accessToken&amp;quot; is null">
      <![CDATA[com.menumitra.utilityclass.customException: Error during setup: Cannot invoke "String.isEmpty()" because "this.accessToken" is null
	at com.menumitratCommonAPITestScript.sectionCreateTestScript.sectionCreateSetup(sectionCreateTestScript.java:148)
... Removed 22 stack frames]]>
    </failure>
  </testcase> <!-- @BeforeClass sectionCreateSetup -->
  <testcase classname="com.menumitratCommonAPITestScript.sectionCreateTestScript" name="@AfterClass tearDown" time="0.0">
    <skipped/>
  </testcase> <!-- @AfterClass tearDown -->
  <testcase classname="com.menumitratCommonAPITestScript.CaptainCreateTestScript" name="@BeforeClass captainCreateSetUp" time="0.0">
    <failure type="com.menumitra.utilityclass.customException" message="Error in captain create setup: Cannot invoke &amp;quot;String.isEmpty()&amp;quot; because &amp;quot;this.accessToken&amp;quot; is null">
      <![CDATA[com.menumitra.utilityclass.customException: Error in captain create setup: Cannot invoke "String.isEmpty()" because "this.accessToken" is null
	at com.menumitratCommonAPITestScript.CaptainCreateTestScript.captainCreateSetUp(CaptainCreateTestScript.java:90)
... Removed 22 stack frames]]>
    </failure>
  </testcase> <!-- @BeforeClass captainCreateSetUp -->
  <testcase classname="com.menumitratCommonAPITestScript.UpdateTableTestScript" name="@BeforeClass setup" time="0.0">
    <failure type="com.menumitra.utilityclass.customException" message="Error during setup: Cannot invoke &amp;quot;String.isEmpty()&amp;quot; because &amp;quot;this.accessToken&amp;quot; is null">
      <![CDATA[com.menumitra.utilityclass.customException: Error during setup: Cannot invoke "String.isEmpty()" because "this.accessToken" is null
	at com.menumitratCommonAPITestScript.UpdateTableTestScript.setup(UpdateTableTestScript.java:155)
... Removed 22 stack frames]]>
    </failure>
  </testcase> <!-- @BeforeClass setup -->
  <testcase classname="com.menumitratCommonAPITestScript.UpdateTableTestScript" name="@AfterClass tearDown" time="0.0">
    <skipped/>
  </testcase> <!-- @AfterClass tearDown -->
  <testcase classname="com.menumitratCommonAPITestScript.SectionViewTestScript" name="@BeforeClass sectionViewSetup" time="0.0">
    <failure type="com.menumitra.utilityclass.customException" message="Error during setup: Cannot invoke &amp;quot;String.isEmpty()&amp;quot; because &amp;quot;this.accessToken&amp;quot; is null">
      <![CDATA[com.menumitra.utilityclass.customException: Error during setup: Cannot invoke "String.isEmpty()" because "this.accessToken" is null
	at com.menumitratCommonAPITestScript.SectionViewTestScript.sectionViewSetup(SectionViewTestScript.java:152)
... Removed 22 stack frames]]>
    </failure>
  </testcase> <!-- @BeforeClass sectionViewSetup -->
  <testcase classname="com.menumitratCommonAPITestScript.CheckTableIsReservedTestScript" name="@BeforeClass setup" time="0.0">
    <failure type="com.menumitra.utilityclass.customException" message="Error during setup: Cannot invoke &amp;quot;String.isEmpty()&amp;quot; because &amp;quot;this.accessToken&amp;quot; is null">
      <![CDATA[com.menumitra.utilityclass.customException: Error during setup: Cannot invoke "String.isEmpty()" because "this.accessToken" is null
	at com.menumitratCommonAPITestScript.CheckTableIsReservedTestScript.setup(CheckTableIsReservedTestScript.java:143)
... Removed 22 stack frames]]>
    </failure>
  </testcase> <!-- @BeforeClass setup -->
  <testcase classname="com.menumitratCommonAPITestScript.InventoryCreateTestScript" name="@BeforeClass setup" time="0.0">
    <failure type="com.menumitra.utilityclass.customException" message="Error during setup: Cannot invoke &amp;quot;String.isEmpty()&amp;quot; because &amp;quot;this.accessToken&amp;quot; is null">
      <![CDATA[com.menumitra.utilityclass.customException: Error during setup: Cannot invoke "String.isEmpty()" because "this.accessToken" is null
	at com.menumitratCommonAPITestScript.InventoryCreateTestScript.setup(InventoryCreateTestScript.java:157)
... Removed 22 stack frames]]>
    </failure>
  </testcase> <!-- @BeforeClass setup -->
  <testcase classname="com.menumitratCommonAPITestScript.GetTemplatesListTestScript" name="@BeforeClass getTemplatesListSetUp" time="0.0">
    <failure type="com.menumitra.utilityclass.customException" message="Error in get templates list setup: Cannot invoke &amp;quot;String.isEmpty()&amp;quot; because &amp;quot;this.accessToken&amp;quot; is null">
      <![CDATA[com.menumitra.utilityclass.customException: Error in get templates list setup: Cannot invoke "String.isEmpty()" because "this.accessToken" is null
	at com.menumitratCommonAPITestScript.GetTemplatesListTestScript.getTemplatesListSetUp(GetTemplatesListTestScript.java:90)
... Removed 22 stack frames]]>
    </failure>
  </testcase> <!-- @BeforeClass getTemplatesListSetUp -->
  <testcase classname="com.menumitratCommonAPITestScript.CreateOrderTestScript" name="@BeforeClass createOrderSetUp" time="0.0">
    <failure type="com.menumitra.utilityclass.customException" message="Error in create order setup: Cannot invoke &amp;quot;String.isEmpty()&amp;quot; because &amp;quot;this.accessToken&amp;quot; is null">
      <![CDATA[com.menumitra.utilityclass.customException: Error in create order setup: Cannot invoke "String.isEmpty()" because "this.accessToken" is null
	at com.menumitratCommonAPITestScript.CreateOrderTestScript.createOrderSetUp(CreateOrderTestScript.java:85)
... Removed 22 stack frames]]>
    </failure>
  </testcase> <!-- @BeforeClass createOrderSetUp -->
  <testcase classname="com.menumitratCommonAPITestScript.JoinTablesTestScript" name="@BeforeClass setup" time="0.0">
    <failure type="com.menumitra.utilityclass.customException" message="Error during setup: Cannot invoke &amp;quot;String.isEmpty()&amp;quot; because &amp;quot;this.accessToken&amp;quot; is null">
      <![CDATA[com.menumitra.utilityclass.customException: Error during setup: Cannot invoke "String.isEmpty()" because "this.accessToken" is null
	at com.menumitratCommonAPITestScript.JoinTablesTestScript.setup(JoinTablesTestScript.java:160)
... Removed 22 stack frames]]>
    </failure>
  </testcase> <!-- @BeforeClass setup -->
  <testcase classname="com.menumitratCommonAPITestScript.StaffViewTestScript" name="@BeforeClass staffviewsetUp" time="0.0">
    <failure type="com.menumitra.utilityclass.customException" message="Error in staff view setUp: Cannot invoke &amp;quot;String.isEmpty()&amp;quot; because &amp;quot;this.accessToken&amp;quot; is null">
      <![CDATA[com.menumitra.utilityclass.customException: Error in staff view setUp: Cannot invoke "String.isEmpty()" because "this.accessToken" is null
	at com.menumitratCommonAPITestScript.StaffViewTestScript.staffviewsetUp(StaffViewTestScript.java:187)
... Removed 22 stack frames]]>
    </failure>
  </testcase> <!-- @BeforeClass staffviewsetUp -->
  <testcase classname="com.menumitratCommonAPITestScript.sectionListViewTestScript" name="@BeforeClass sectionListViewSetup" time="0.0">
    <failure type="com.menumitra.utilityclass.customException" message="Error during setup: Cannot invoke &amp;quot;String.isEmpty()&amp;quot; because &amp;quot;this.accessToken&amp;quot; is null">
      <![CDATA[com.menumitra.utilityclass.customException: Error during setup: Cannot invoke "String.isEmpty()" because "this.accessToken" is null
	at com.menumitratCommonAPITestScript.sectionListViewTestScript.sectionListViewSetup(sectionListViewTestScript.java:154)
... Removed 22 stack frames]]>
    </failure>
  </testcase> <!-- @BeforeClass sectionListViewSetup -->
  <testcase classname="com.menumitratCommonAPITestScript.sectionListViewTestScript" name="@AfterClass tearDown" time="0.0">
    <skipped/>
  </testcase> <!-- @AfterClass tearDown -->
  <testcase classname="com.menumitratCommonAPITestScript.ViewTemplatesTestScript" name="@BeforeClass viewTemplatesSetUp" time="0.0">
    <failure type="com.menumitra.utilityclass.customException" message="Error in view templates setup: Cannot invoke &amp;quot;String.isEmpty()&amp;quot; because &amp;quot;this.accessToken&amp;quot; is null">
      <![CDATA[com.menumitra.utilityclass.customException: Error in view templates setup: Cannot invoke "String.isEmpty()" because "this.accessToken" is null
	at com.menumitratCommonAPITestScript.ViewTemplatesTestScript.viewTemplatesSetUp(ViewTemplatesTestScript.java:90)
... Removed 22 stack frames]]>
    </failure>
  </testcase> <!-- @BeforeClass viewTemplatesSetUp -->
  <testcase classname="com.menumitratCommonAPITestScript.GetOutletListTestScript" name="@BeforeClass getOutletListSetUp" time="0.0">
    <failure type="com.menumitra.utilityclass.customException" message="Error in get outlet list setup: Cannot invoke &amp;quot;String.isEmpty()&amp;quot; because &amp;quot;this.accessToken&amp;quot; is null">
      <![CDATA[com.menumitra.utilityclass.customException: Error in get outlet list setup: Cannot invoke "String.isEmpty()" because "this.accessToken" is null
	at com.menumitratCommonAPITestScript.GetOutletListTestScript.getOutletListSetUp(GetOutletListTestScript.java:88)
... Removed 22 stack frames]]>
    </failure>
  </testcase> <!-- @BeforeClass getOutletListSetUp -->
  <testcase classname="com.menumitratCommonAPITestScript.CaptainUpdateTestScript" name="@BeforeClass captainUpdateSetUp" time="0.0">
    <failure type="com.menumitra.utilityclass.customException" message="Error in captain update setup: Cannot invoke &amp;quot;String.isEmpty()&amp;quot; because &amp;quot;this.accessToken&amp;quot; is null">
      <![CDATA[com.menumitra.utilityclass.customException: Error in captain update setup: Cannot invoke "String.isEmpty()" because "this.accessToken" is null
	at com.menumitratCommonAPITestScript.CaptainUpdateTestScript.captainUpdateSetUp(CaptainUpdateTestScript.java:90)
... Removed 22 stack frames]]>
    </failure>
  </testcase> <!-- @BeforeClass captainUpdateSetUp -->
  <testcase classname="com.menumitratCommonAPITestScript.WaiterUpdateTestScript" name="@BeforeClass waiterUpdateSetUp" time="0.0">
    <failure type="com.menumitra.utilityclass.customException" message="Error in waiter update setup: Cannot invoke &amp;quot;String.isEmpty()&amp;quot; because &amp;quot;this.accessToken&amp;quot; is null">
      <![CDATA[com.menumitra.utilityclass.customException: Error in waiter update setup: Cannot invoke "String.isEmpty()" because "this.accessToken" is null
	at com.menumitratCommonAPITestScript.WaiterUpdateTestScript.waiterUpdateSetUp(WaiterUpdateTestScript.java:95)
... Removed 22 stack frames]]>
    </failure>
  </testcase> <!-- @BeforeClass waiterUpdateSetUp -->
  <testcase classname="com.menumitratCommonAPITestScript.MenuListView" name="@BeforeClass menuListViewSetUp" time="0.0">
    <failure type="com.menumitra.utilityclass.customException" message="Error in menu list view setup: Cannot invoke &amp;quot;String.isEmpty()&amp;quot; because &amp;quot;this.accessToken&amp;quot; is null">
      <![CDATA[com.menumitra.utilityclass.customException: Error in menu list view setup: Cannot invoke "String.isEmpty()" because "this.accessToken" is null
	at com.menumitratCommonAPITestScript.MenuListView.menuListViewSetUp(MenuListView.java:96)
... Removed 22 stack frames]]>
    </failure>
  </testcase> <!-- @BeforeClass menuListViewSetUp -->
  <testcase classname="com.menumitratCommonAPITestScript.RemoveTemplateTestScript" name="@BeforeClass setup" time="0.0">
    <failure type="com.menumitra.utilityclass.customException" message="Error during setup: Cannot invoke &amp;quot;String.isEmpty()&amp;quot; because &amp;quot;this.accessToken&amp;quot; is null">
      <![CDATA[com.menumitra.utilityclass.customException: Error during setup: Cannot invoke "String.isEmpty()" because "this.accessToken" is null
	at com.menumitratCommonAPITestScript.RemoveTemplateTestScript.setup(RemoveTemplateTestScript.java:157)
... Removed 22 stack frames]]>
    </failure>
  </testcase> <!-- @BeforeClass setup -->
  <testcase classname="com.menumitratCommonAPITestScript.MenuCategoryDeleteTestScript" name="@BeforeClass menuCategoryDeleteSetUp" time="0.0">
    <failure type="com.menumitra.utilityclass.customException" message="Error in menu category delete setup: Cannot invoke &amp;quot;String.isEmpty()&amp;quot; because &amp;quot;this.accessToken&amp;quot; is null">
      <![CDATA[com.menumitra.utilityclass.customException: Error in menu category delete setup: Cannot invoke "String.isEmpty()" because "this.accessToken" is null
	at com.menumitratCommonAPITestScript.MenuCategoryDeleteTestScript.menuCategoryDeleteSetUp(MenuCategoryDeleteTestScript.java:97)
... Removed 22 stack frames]]>
    </failure>
  </testcase> <!-- @BeforeClass menuCategoryDeleteSetUp -->
  <testcase classname="com.menumitratCommonAPITestScript.GetInorOutList" name="@BeforeClass setup" time="0.0">
    <failure type="com.menumitra.utilityclass.customException" message="Error in in or out list setup: Cannot invoke &amp;quot;String.isEmpty()&amp;quot; because &amp;quot;this.accessToken&amp;quot; is null">
      <![CDATA[com.menumitra.utilityclass.customException: Error in in or out list setup: Cannot invoke "String.isEmpty()" because "this.accessToken" is null
	at com.menumitratCommonAPITestScript.GetInorOutList.setup(GetInorOutList.java:166)
... Removed 22 stack frames]]>
    </failure>
  </testcase> <!-- @BeforeClass setup -->
  <testcase classname="com.menumitratCommonAPITestScript.MenuView" name="@BeforeClass menuViewSetUp" time="0.0">
    <failure type="com.menumitra.utilityclass.customException" message="Error in menu view setUp: Cannot invoke &amp;quot;String.isEmpty()&amp;quot; because &amp;quot;this.accessToken&amp;quot; is null">
      <![CDATA[com.menumitra.utilityclass.customException: Error in menu view setUp: Cannot invoke "String.isEmpty()" because "this.accessToken" is null
	at com.menumitratCommonAPITestScript.MenuView.menuViewSetUp(MenuView.java:173)
... Removed 22 stack frames]]>
    </failure>
  </testcase> <!-- @BeforeClass menuViewSetUp -->
  <testcase classname="com.menumitratCommonAPITestScript.OrderListViewCdskdsTestScript" name="@BeforeClass orderListViewCdskdsSetUp" time="0.0">
    <failure type="com.menumitra.utilityclass.customException" message="Error in order list view cdskds setup: Cannot invoke &amp;quot;String.isEmpty()&amp;quot; because &amp;quot;this.accessToken&amp;quot; is null">
      <![CDATA[com.menumitra.utilityclass.customException: Error in order list view cdskds setup: Cannot invoke "String.isEmpty()" because "this.accessToken" is null
	at com.menumitratCommonAPITestScript.OrderListViewCdskdsTestScript.orderListViewCdskdsSetUp(OrderListViewCdskdsTestScript.java:89)
... Removed 22 stack frames]]>
    </failure>
  </testcase> <!-- @BeforeClass orderListViewCdskdsSetUp -->
  <testcase classname="com.menumitratCommonAPITestScript.UpdateMenuQuantity" name="@BeforeClass updateMenuQuantitySetUp" time="0.0">
    <failure type="com.menumitra.utilityclass.customException" message="Error in update menu quantity setup: Cannot invoke &amp;quot;String.isEmpty()&amp;quot; because &amp;quot;this.accessToken&amp;quot; is null">
      <![CDATA[com.menumitra.utilityclass.customException: Error in update menu quantity setup: Cannot invoke "String.isEmpty()" because "this.accessToken" is null
	at com.menumitratCommonAPITestScript.UpdateMenuQuantity.updateMenuQuantitySetUp(UpdateMenuQuantity.java:97)
... Removed 22 stack frames]]>
    </failure>
  </testcase> <!-- @BeforeClass updateMenuQuantitySetUp -->
  <testcase classname="com.menumitratCommonAPITestScript.CaptainViewTestScript" name="@BeforeClass captainViewSetUp" time="0.0">
    <failure type="com.menumitra.utilityclass.customException" message="Error in captain view setup: Cannot invoke &amp;quot;String.isEmpty()&amp;quot; because &amp;quot;this.accessToken&amp;quot; is null">
      <![CDATA[com.menumitra.utilityclass.customException: Error in captain view setup: Cannot invoke "String.isEmpty()" because "this.accessToken" is null
	at com.menumitratCommonAPITestScript.CaptainViewTestScript.captainViewSetUp(CaptainViewTestScript.java:88)
... Removed 22 stack frames]]>
    </failure>
  </testcase> <!-- @BeforeClass captainViewSetUp -->
  <testcase classname="com.menumitratCommonAPITestScript.SupplierCreateTestScript" name="@BeforeClass setup" time="0.0">
    <failure type="com.menumitra.utilityclass.customException" message="Error during setup: Cannot invoke &amp;quot;String.isEmpty()&amp;quot; because &amp;quot;this.accessToken&amp;quot; is null">
      <![CDATA[com.menumitra.utilityclass.customException: Error during setup: Cannot invoke "String.isEmpty()" because "this.accessToken" is null
	at com.menumitratCommonAPITestScript.SupplierCreateTestScript.setup(SupplierCreateTestScript.java:191)
... Removed 22 stack frames]]>
    </failure>
  </testcase> <!-- @BeforeClass setup -->
  <testcase classname="com.menumitratCommonAPITestScript.CreateQRTemplatesTestScript" name="@BeforeClass setup" time="0.0">
    <failure type="com.menumitra.utilityclass.customException" message="Error during setup: Cannot invoke &amp;quot;String.isEmpty()&amp;quot; because &amp;quot;this.accessToken&amp;quot; is null">
      <![CDATA[com.menumitra.utilityclass.customException: Error during setup: Cannot invoke "String.isEmpty()" because "this.accessToken" is null
	at com.menumitratCommonAPITestScript.CreateQRTemplatesTestScript.setup(CreateQRTemplatesTestScript.java:143)
... Removed 22 stack frames]]>
    </failure>
  </testcase> <!-- @BeforeClass setup -->
  <testcase classname="com.menumitratCommonAPITestScript.CreateQRTemplatesTestScript" name="@AfterClass tearDown" time="0.0">
    <skipped/>
  </testcase> <!-- @AfterClass tearDown -->
  <testcase classname="com.menumitratCommonAPITestScript.SelectTemplateTestScript" name="@BeforeClass setup" time="0.0">
    <failure type="com.menumitra.utilityclass.customException" message="Error during setup: Cannot invoke &amp;quot;String.isEmpty()&amp;quot; because &amp;quot;this.accessToken&amp;quot; is null">
      <![CDATA[com.menumitra.utilityclass.customException: Error during setup: Cannot invoke "String.isEmpty()" because "this.accessToken" is null
	at com.menumitratCommonAPITestScript.SelectTemplateTestScript.setup(SelectTemplateTestScript.java:147)
... Removed 22 stack frames]]>
    </failure>
  </testcase> <!-- @BeforeClass setup -->
  <testcase classname="com.menumitratCommonAPITestScript.SelectTemplateTestScript" name="@AfterClass tearDown" time="0.0">
    <skipped/>
  </testcase> <!-- @AfterClass tearDown -->
  <testcase classname="com.menumitratCommonAPITestScript.SelectOutletTestScript" name="@BeforeClass selectOutletSetUp" time="0.0">
    <failure type="com.menumitra.utilityclass.customException" message="Error in select outlet setup: Cannot invoke &amp;quot;String.isEmpty()&amp;quot; because &amp;quot;this.accessToken&amp;quot; is null">
      <![CDATA[com.menumitra.utilityclass.customException: Error in select outlet setup: Cannot invoke "String.isEmpty()" because "this.accessToken" is null
	at com.menumitratCommonAPITestScript.SelectOutletTestScript.selectOutletSetUp(SelectOutletTestScript.java:88)
... Removed 22 stack frames]]>
    </failure>
  </testcase> <!-- @BeforeClass selectOutletSetUp -->
  <testcase classname="com.menumitratCommonAPITestScript.InventoryListViewTestScript" name="@BeforeClass inventoryListSetUp" time="0.0">
    <failure type="com.menumitra.utilityclass.customException" message="Error in inventory list setup: Cannot invoke &amp;quot;String.isEmpty()&amp;quot; because &amp;quot;this.accessToken&amp;quot; is null">
      <![CDATA[com.menumitra.utilityclass.customException: Error in inventory list setup: Cannot invoke "String.isEmpty()" because "this.accessToken" is null
	at com.menumitratCommonAPITestScript.InventoryListViewTestScript.inventoryListSetUp(InventoryListViewTestScript.java:95)
... Removed 22 stack frames]]>
    </failure>
  </testcase> <!-- @BeforeClass inventoryListSetUp -->
  <testcase classname="com.menumitratCommonAPITestScript.ContinueChatTestScript" name="@BeforeClass continueChatSetUp" time="0.0">
    <failure type="com.menumitra.utilityclass.customException" message="Error in continue chat setup: Cannot invoke &amp;quot;String.isEmpty()&amp;quot; because &amp;quot;this.accessToken&amp;quot; is null">
      <![CDATA[com.menumitra.utilityclass.customException: Error in continue chat setup: Cannot invoke "String.isEmpty()" because "this.accessToken" is null
	at com.menumitratCommonAPITestScript.ContinueChatTestScript.continueChatSetUp(ContinueChatTestScript.java:89)
... Removed 22 stack frames]]>
    </failure>
  </testcase> <!-- @BeforeClass continueChatSetUp -->
  <testcase classname="com.menumitratCommonAPITestScript.DeleteTemplatesTestScript" name="@BeforeClass deleteTemplatesSetUp" time="0.0">
    <failure type="com.menumitra.utilityclass.customException" message="Error in delete templates setup: Cannot invoke &amp;quot;String.isEmpty()&amp;quot; because &amp;quot;this.accessToken&amp;quot; is null">
      <![CDATA[com.menumitra.utilityclass.customException: Error in delete templates setup: Cannot invoke "String.isEmpty()" because "this.accessToken" is null
	at com.menumitratCommonAPITestScript.DeleteTemplatesTestScript.deleteTemplatesSetUp(DeleteTemplatesTestScript.java:90)
... Removed 22 stack frames]]>
    </failure>
  </testcase> <!-- @BeforeClass deleteTemplatesSetUp -->
  <testcase classname="com.menumitratCommonAPITestScript.UpdateProfileDetailTestScript" name="@BeforeClass updateProfileDetailSetUp" time="0.0">
    <failure type="com.menumitra.utilityclass.customException" message="Error in update profile detail setup: Cannot invoke &amp;quot;String.isEmpty()&amp;quot; because &amp;quot;this.accessToken&amp;quot; is null">
      <![CDATA[com.menumitra.utilityclass.customException: Error in update profile detail setup: Cannot invoke "String.isEmpty()" because "this.accessToken" is null
	at com.menumitratCommonAPITestScript.UpdateProfileDetailTestScript.updateProfileDetailSetUp(UpdateProfileDetailTestScript.java:97)
... Removed 22 stack frames]]>
    </failure>
  </testcase> <!-- @BeforeClass updateProfileDetailSetUp -->
  <testcase classname="com.menumitratCommonAPITestScript.TicketListViewTestScript" name="@BeforeClass ticketListViewSetUp" time="0.0">
    <failure type="com.menumitra.utilityclass.customException" message="Error in ticket list view setup: Cannot invoke &amp;quot;String.isEmpty()&amp;quot; because &amp;quot;this.accessToken&amp;quot; is null">
      <![CDATA[com.menumitra.utilityclass.customException: Error in ticket list view setup: Cannot invoke "String.isEmpty()" because "this.accessToken" is null
	at com.menumitratCommonAPITestScript.TicketListViewTestScript.ticketListViewSetUp(TicketListViewTestScript.java:88)
... Removed 22 stack frames]]>
    </failure>
  </testcase> <!-- @BeforeClass ticketListViewSetUp -->
  <testcase classname="com.menumitratCommonAPITestScript.PosDetailsTestScript" name="@BeforeClass posDetailsSetUp" time="0.0">
    <failure type="com.menumitra.utilityclass.customException" message="Error in pos details setup: Cannot invoke &amp;quot;String.isEmpty()&amp;quot; because &amp;quot;this.accessToken&amp;quot; is null">
      <![CDATA[com.menumitra.utilityclass.customException: Error in pos details setup: Cannot invoke "String.isEmpty()" because "this.accessToken" is null
	at com.menumitratCommonAPITestScript.PosDetailsTestScript.posDetailsSetUp(PosDetailsTestScript.java:91)
... Removed 22 stack frames]]>
    </failure>
  </testcase> <!-- @BeforeClass posDetailsSetUp -->
  <testcase classname="com.menumitratCommonAPITestScript.TableDeleteTestScript" name="@BeforeClass setup" time="0.0">
    <failure type="com.menumitra.utilityclass.customException" message="Setup failed: Cannot invoke &amp;quot;String.isEmpty()&amp;quot; because &amp;quot;this.accessToken&amp;quot; is null">
      <![CDATA[com.menumitra.utilityclass.customException: Setup failed: Cannot invoke "String.isEmpty()" because "this.accessToken" is null
	at com.menumitratCommonAPITestScript.TableDeleteTestScript.setup(TableDeleteTestScript.java:173)
... Removed 22 stack frames]]>
    </failure>
  </testcase> <!-- @BeforeClass setup -->
  <testcase classname="com.menumitratCommonAPITestScript.TotalTicketsTestScript" name="@BeforeClass totalTicketsSetUp" time="0.0">
    <failure type="com.menumitra.utilityclass.customException" message="Error in total tickets setup: Cannot invoke &amp;quot;String.isEmpty()&amp;quot; because &amp;quot;this.accessToken&amp;quot; is null">
      <![CDATA[com.menumitra.utilityclass.customException: Error in total tickets setup: Cannot invoke "String.isEmpty()" because "this.accessToken" is null
	at com.menumitratCommonAPITestScript.TotalTicketsTestScript.totalTicketsSetUp(TotalTicketsTestScript.java:88)
... Removed 22 stack frames]]>
    </failure>
  </testcase> <!-- @BeforeClass totalTicketsSetUp -->
  <testcase classname="com.menumitratCommonAPITestScript.ChefCreateTestScript" name="@BeforeClass setup" time="0.0">
    <failure type="com.menumitra.utilityclass.customException" message="Error during setup: Cannot invoke &amp;quot;String.isEmpty()&amp;quot; because &amp;quot;this.accessToken&amp;quot; is null">
      <![CDATA[com.menumitra.utilityclass.customException: Error during setup: Cannot invoke "String.isEmpty()" because "this.accessToken" is null
	at com.menumitratCommonAPITestScript.ChefCreateTestScript.setup(ChefCreateTestScript.java:148)
... Removed 22 stack frames]]>
    </failure>
  </testcase> <!-- @BeforeClass setup -->
  <testcase classname="com.menumitratCommonAPITestScript.ChangeSettingsTestScript" name="@BeforeClass changeSettingsSetUp" time="0.0">
    <failure type="com.menumitra.utilityclass.customException" message="Error in change settings setup: Cannot invoke &amp;quot;String.isEmpty()&amp;quot; because &amp;quot;this.accessToken&amp;quot; is null">
      <![CDATA[com.menumitra.utilityclass.customException: Error in change settings setup: Cannot invoke "String.isEmpty()" because "this.accessToken" is null
	at com.menumitratCommonAPITestScript.ChangeSettingsTestScript.changeSettingsSetUp(ChangeSettingsTestScript.java:90)
... Removed 22 stack frames]]>
    </failure>
  </testcase> <!-- @BeforeClass changeSettingsSetUp -->
  <testcase classname="com.menumitratCommonAPITestScript.UpdateActiveStatusTestScript" name="@BeforeClass updateActiveStatusSetUp" time="0.0">
    <failure type="com.menumitra.utilityclass.customException" message="Error in update active status setup: Cannot invoke &amp;quot;String.isEmpty()&amp;quot; because &amp;quot;this.accessToken&amp;quot; is null">
      <![CDATA[com.menumitra.utilityclass.customException: Error in update active status setup: Cannot invoke "String.isEmpty()" because "this.accessToken" is null
	at com.menumitratCommonAPITestScript.UpdateActiveStatusTestScript.updateActiveStatusSetUp(UpdateActiveStatusTestScript.java:83)
... Removed 22 stack frames]]>
    </failure>
  </testcase> <!-- @BeforeClass updateActiveStatusSetUp -->
  <testcase classname="com.menumitratCommonAPITestScript.ChefUpdateTestScript" name="@BeforeClass setup" time="0.0">
    <failure type="com.menumitra.utilityclass.customException" message="Error during setup: Cannot invoke &amp;quot;String.isEmpty()&amp;quot; because &amp;quot;this.accessToken&amp;quot; is null">
      <![CDATA[com.menumitra.utilityclass.customException: Error during setup: Cannot invoke "String.isEmpty()" because "this.accessToken" is null
	at com.menumitratCommonAPITestScript.ChefUpdateTestScript.setup(ChefUpdateTestScript.java:148)
... Removed 22 stack frames]]>
    </failure>
  </testcase> <!-- @BeforeClass setup -->
  <testcase classname="com.menumitratCommonAPITestScript.ListViewOutletTestScript" name="@BeforeClass listViewOutletSetUp" time="0.0">
    <failure type="com.menumitra.utilityclass.customException" message="Error in list view outlet setup: Cannot invoke &amp;quot;String.isEmpty()&amp;quot; because &amp;quot;this.accessToken&amp;quot; is null">
      <![CDATA[com.menumitra.utilityclass.customException: Error in list view outlet setup: Cannot invoke "String.isEmpty()" because "this.accessToken" is null
	at com.menumitratCommonAPITestScript.ListViewOutletTestScript.listViewOutletSetUp(ListViewOutletTestScript.java:98)
... Removed 22 stack frames]]>
    </failure>
  </testcase> <!-- @BeforeClass listViewOutletSetUp -->
  <testcase classname="com.menumitratCommonAPITestScript.TableIsReservedTestScript" name="@BeforeClass setup" time="0.0">
    <failure type="com.menumitra.utilityclass.customException" message="Error during setup: Cannot invoke &amp;quot;String.isEmpty()&amp;quot; because &amp;quot;this.accessToken&amp;quot; is null">
      <![CDATA[com.menumitra.utilityclass.customException: Error during setup: Cannot invoke "String.isEmpty()" because "this.accessToken" is null
	at com.menumitratCommonAPITestScript.TableIsReservedTestScript.setup(TableIsReservedTestScript.java:143)
... Removed 22 stack frames]]>
    </failure>
  </testcase> <!-- @BeforeClass setup -->
  <testcase classname="com.menumitratCommonAPITestScript.AddMenusToOrder" name="@BeforeClass addMenusToOrderSetUp" time="0.0">
    <failure type="com.menumitra.utilityclass.customException" message="Error in add menus to order setup: Cannot invoke &amp;quot;String.isEmpty()&amp;quot; because &amp;quot;this.accessToken&amp;quot; is null">
      <![CDATA[com.menumitra.utilityclass.customException: Error in add menus to order setup: Cannot invoke "String.isEmpty()" because "this.accessToken" is null
	at com.menumitratCommonAPITestScript.AddMenusToOrder.addMenusToOrderSetUp(AddMenusToOrder.java:97)
... Removed 22 stack frames]]>
    </failure>
  </testcase> <!-- @BeforeClass addMenusToOrderSetUp -->
  <testcase classname="com.menumitratCommonAPITestScript.SupplierStatusChoicesTestScript" name="@BeforeClass setup" time="0.0">
    <failure type="com.menumitra.utilityclass.customException" message="Error in supplier status choices setup: Cannot invoke &amp;quot;String.isEmpty()&amp;quot; because &amp;quot;this.accessToken&amp;quot; is null">
      <![CDATA[com.menumitra.utilityclass.customException: Error in supplier status choices setup: Cannot invoke "String.isEmpty()" because "this.accessToken" is null
	at com.menumitratCommonAPITestScript.SupplierStatusChoicesTestScript.setup(SupplierStatusChoicesTestScript.java:166)
... Removed 22 stack frames]]>
    </failure>
  </testcase> <!-- @BeforeClass setup -->
  <testcase classname="com.menumitratCommonAPITestScript.MenuDelete" name="@BeforeClass setup" time="0.0">
    <failure type="com.menumitra.utilityclass.customException" message="Error during setup: Cannot invoke &amp;quot;String.isEmpty()&amp;quot; because &amp;quot;this.accessToken&amp;quot; is null">
      <![CDATA[com.menumitra.utilityclass.customException: Error during setup: Cannot invoke "String.isEmpty()" because "this.accessToken" is null
	at com.menumitratCommonAPITestScript.MenuDelete.setup(MenuDelete.java:161)
... Removed 22 stack frames]]>
    </failure>
  </testcase> <!-- @BeforeClass setup -->
  <testcase classname="com.menumitratCommonAPITestScript.GetMenuList" name="@BeforeClass menuListSetUp" time="0.0">
    <failure type="com.menumitra.utilityclass.customException" message="Error in menu list setup: Cannot invoke &amp;quot;String.isEmpty()&amp;quot; because &amp;quot;this.accessToken&amp;quot; is null">
      <![CDATA[com.menumitra.utilityclass.customException: Error in menu list setup: Cannot invoke "String.isEmpty()" because "this.accessToken" is null
	at com.menumitratCommonAPITestScript.GetMenuList.menuListSetUp(GetMenuList.java:95)
... Removed 22 stack frames]]>
    </failure>
  </testcase> <!-- @BeforeClass menuListSetUp -->
  <testcase classname="com.menumitratCommonAPITestScript.OwnerDetailsTestScript" name="@BeforeClass ownerDetailsSetUp" time="0.0">
    <failure type="com.menumitra.utilityclass.customException" message="Error in owner details setup: Cannot invoke &amp;quot;String.isEmpty()&amp;quot; because &amp;quot;this.accessToken&amp;quot; is null">
      <![CDATA[com.menumitra.utilityclass.customException: Error in owner details setup: Cannot invoke "String.isEmpty()" because "this.accessToken" is null
	at com.menumitratCommonAPITestScript.OwnerDetailsTestScript.ownerDetailsSetUp(OwnerDetailsTestScript.java:92)
... Removed 22 stack frames]]>
    </failure>
  </testcase> <!-- @BeforeClass ownerDetailsSetUp -->
  <testcase classname="com.menumitratCommonAPITestScript.StaffDeleteTestScript" name="@BeforeClass staffDeleteSetUp" time="0.0">
    <failure type="com.menumitra.utilityclass.customException" message="Error in staff delete setup: Cannot invoke &amp;quot;String.isEmpty()&amp;quot; because &amp;quot;this.access&amp;quot; is null">
      <![CDATA[com.menumitra.utilityclass.customException: Error in staff delete setup: Cannot invoke "String.isEmpty()" because "this.access" is null
	at com.menumitratCommonAPITestScript.StaffDeleteTestScript.staffDeleteSetUp(StaffDeleteTestScript.java:148)
... Removed 22 stack frames]]>
    </failure>
  </testcase> <!-- @BeforeClass staffDeleteSetUp -->
  <testcase classname="com.menumitratCommonAPITestScript.MenuCategorysTestScript" name="@BeforeClass menuCategorysSetUp" time="0.0">
    <failure type="com.menumitra.utilityclass.customException" message="Error in menu categorys setup: Cannot invoke &amp;quot;String.isEmpty()&amp;quot; because &amp;quot;this.accessToken&amp;quot; is null">
      <![CDATA[com.menumitra.utilityclass.customException: Error in menu categorys setup: Cannot invoke "String.isEmpty()" because "this.accessToken" is null
	at com.menumitratCommonAPITestScript.MenuCategorysTestScript.menuCategorysSetUp(MenuCategorysTestScript.java:95)
... Removed 22 stack frames]]>
    </failure>
  </testcase> <!-- @BeforeClass menuCategorysSetUp -->
  <testcase classname="com.menumitratCommonAPITestScript.CreateTicketTestScript" name="@BeforeClass setup" time="0.0">
    <failure type="com.menumitra.utilityclass.customException" message="Error during setup: Cannot invoke &amp;quot;String.isEmpty()&amp;quot; because &amp;quot;this.accessToken&amp;quot; is null">
      <![CDATA[com.menumitra.utilityclass.customException: Error during setup: Cannot invoke "String.isEmpty()" because "this.accessToken" is null
	at com.menumitratCommonAPITestScript.CreateTicketTestScript.setup(CreateTicketTestScript.java:151)
... Removed 22 stack frames]]>
    </failure>
  </testcase> <!-- @BeforeClass setup -->
  <testcase classname="com.menumitratCommonAPITestScript.CreateTicketTestScript" name="@AfterClass tearDown" time="0.0">
    <skipped/>
  </testcase> <!-- @AfterClass tearDown -->
  <testcase classname="com.menumitratCommonAPITestScript.WaiterDeleteTestScript" name="@BeforeClass setup" time="0.0">
    <failure type="com.menumitra.utilityclass.customException" message="Error during setup: Cannot invoke &amp;quot;String.isEmpty()&amp;quot; because &amp;quot;this.accessToken&amp;quot; is null">
      <![CDATA[com.menumitra.utilityclass.customException: Error during setup: Cannot invoke "String.isEmpty()" because "this.accessToken" is null
	at com.menumitratCommonAPITestScript.WaiterDeleteTestScript.setup(WaiterDeleteTestScript.java:160)
... Removed 22 stack frames]]>
    </failure>
  </testcase> <!-- @BeforeClass setup -->
  <testcase classname="com.menumitratCommonAPITestScript.OrderMenuDetailsTestScript" name="@BeforeClass orderMenuDetailsSetUp" time="0.0">
    <failure type="com.menumitra.utilityclass.customException" message="Error in order menu details setup: Cannot invoke &amp;quot;String.isEmpty()&amp;quot; because &amp;quot;this.accessToken&amp;quot; is null">
      <![CDATA[com.menumitra.utilityclass.customException: Error in order menu details setup: Cannot invoke "String.isEmpty()" because "this.accessToken" is null
	at com.menumitratCommonAPITestScript.OrderMenuDetailsTestScript.orderMenuDetailsSetUp(OrderMenuDetailsTestScript.java:95)
... Removed 22 stack frames]]>
    </failure>
  </testcase> <!-- @BeforeClass orderMenuDetailsSetUp -->
  <testcase classname="com.menumitratCommonAPITestScript.ViewProfileTestScript" name="@BeforeClass viewProfileSetUp" time="0.0">
    <failure type="com.menumitra.utilityclass.customException" message="Error in view profile setup: Cannot invoke &amp;quot;String.isEmpty()&amp;quot; because &amp;quot;this.accessToken&amp;quot; is null">
      <![CDATA[com.menumitra.utilityclass.customException: Error in view profile setup: Cannot invoke "String.isEmpty()" because "this.accessToken" is null
	at com.menumitratCommonAPITestScript.ViewProfileTestScript.viewProfileSetUp(ViewProfileTestScript.java:98)
... Removed 22 stack frames]]>
    </failure>
  </testcase> <!-- @BeforeClass viewProfileSetUp -->
  <testcase classname="com.menumitratCommonAPITestScript.ChefListViewTestScript" name="@BeforeClass chefListViewSetUp" time="0.0">
    <failure type="com.menumitra.utilityclass.customException" message="Error in chef list view setup: Cannot invoke &amp;quot;String.isEmpty()&amp;quot; because &amp;quot;this.accessToken&amp;quot; is null">
      <![CDATA[com.menumitra.utilityclass.customException: Error in chef list view setup: Cannot invoke "String.isEmpty()" because "this.accessToken" is null
	at com.menumitratCommonAPITestScript.ChefListViewTestScript.chefListViewSetUp(ChefListViewTestScript.java:88)
... Removed 22 stack frames]]>
    </failure>
  </testcase> <!-- @BeforeClass chefListViewSetUp -->
  <testcase classname="com.menumitratCommonAPITestScript.GetSpicyIndexList" name="@BeforeClass getSpicyIndexListSetUp" time="0.0">
    <failure type="com.menumitra.utilityclass.customException" message="Error in get spicy index list setup: Cannot invoke &amp;quot;String.isEmpty()&amp;quot; because &amp;quot;this.accessToken&amp;quot; is null">
      <![CDATA[com.menumitra.utilityclass.customException: Error in get spicy index list setup: Cannot invoke "String.isEmpty()" because "this.accessToken" is null
	at com.menumitratCommonAPITestScript.GetSpicyIndexList.getSpicyIndexListSetUp(GetSpicyIndexList.java:92)
... Removed 22 stack frames]]>
    </failure>
  </testcase> <!-- @BeforeClass getSpicyIndexListSetUp -->
  <testcase classname="com.menumitratCommonAPITestScript.GetSupplierListTestScript" name="@BeforeClass supplierListSetUp" time="0.0">
    <failure type="com.menumitra.utilityclass.customException" message="Error in get supplier list setup: Cannot invoke &amp;quot;String.isEmpty()&amp;quot; because &amp;quot;this.accessToken&amp;quot; is null">
      <![CDATA[com.menumitra.utilityclass.customException: Error in get supplier list setup: Cannot invoke "String.isEmpty()" because "this.accessToken" is null
	at com.menumitratCommonAPITestScript.GetSupplierListTestScript.supplierListSetUp(GetSupplierListTestScript.java:96)
... Removed 22 stack frames]]>
    </failure>
  </testcase> <!-- @BeforeClass supplierListSetUp -->
  <testcase classname="com.menumitratCommonAPITestScript.MenuCreateTestScript" name="@BeforeClass setup" time="0.0">
    <failure type="com.menumitra.utilityclass.customException" message="Error during setup: Cannot invoke &amp;quot;String.isEmpty()&amp;quot; because &amp;quot;this.accessToken&amp;quot; is null">
      <![CDATA[com.menumitra.utilityclass.customException: Error during setup: Cannot invoke "String.isEmpty()" because "this.accessToken" is null
	at com.menumitratCommonAPITestScript.MenuCreateTestScript.setup(MenuCreateTestScript.java:181)
... Removed 22 stack frames]]>
    </failure>
  </testcase> <!-- @BeforeClass setup -->
  <testcase classname="com.menumitratCommonAPITestScript.MenuCreateTestScript" name="@AfterClass tearDown" time="0.0">
    <skipped/>
  </testcase> <!-- @AfterClass tearDown -->
  <testcase classname="com.menumitratCommonAPITestScript.InventoryCategoryCreate" name="@BeforeClass setup" time="0.0">
    <failure type="com.menumitra.utilityclass.customException" message="Error during setup: Cannot invoke &amp;quot;String.isEmpty()&amp;quot; because &amp;quot;this.accessToken&amp;quot; is null">
      <![CDATA[com.menumitra.utilityclass.customException: Error during setup: Cannot invoke "String.isEmpty()" because "this.accessToken" is null
	at com.menumitratCommonAPITestScript.InventoryCategoryCreate.setup(InventoryCategoryCreate.java:159)
... Removed 22 stack frames]]>
    </failure>
  </testcase> <!-- @BeforeClass setup -->
  <testcase classname="com.menumitratCommonAPITestScript.GetAllMenuListByCategory" name="@BeforeClass setup" time="0.0">
    <failure type="com.menumitra.utilityclass.customException" message="Error during setup: Cannot invoke &amp;quot;String.isEmpty()&amp;quot; because &amp;quot;this.accessToken&amp;quot; is null">
      <![CDATA[com.menumitra.utilityclass.customException: Error during setup: Cannot invoke "String.isEmpty()" because "this.accessToken" is null
	at com.menumitratCommonAPITestScript.GetAllMenuListByCategory.setup(GetAllMenuListByCategory.java:184)
... Removed 22 stack frames]]>
    </failure>
  </testcase> <!-- @BeforeClass setup -->
  <testcase classname="com.menumitratCommonAPITestScript.StaffCreateTestScript" name="@BeforeClass setup" time="0.0">
    <failure type="com.menumitra.utilityclass.customException" message="Error during setup: Cannot invoke &amp;quot;String.isEmpty()&amp;quot; because &amp;quot;this.accessToken&amp;quot; is null">
      <![CDATA[com.menumitra.utilityclass.customException: Error during setup: Cannot invoke "String.isEmpty()" because "this.accessToken" is null
	at com.menumitratCommonAPITestScript.StaffCreateTestScript.setup(StaffCreateTestScript.java:178)
... Removed 22 stack frames]]>
    </failure>
  </testcase> <!-- @BeforeClass setup -->
  <testcase classname="com.menumitratCommonAPITestScript.StaffCreateTestScript" name="@AfterClass tearDown" time="0.0">
    <skipped/>
  </testcase> <!-- @AfterClass tearDown -->
  <testcase classname="com.menumitratCommonAPITestScript.TicketViewTestScript" name="@BeforeClass ticketViewSetUp" time="0.0">
    <failure type="com.menumitra.utilityclass.customException" message="Error in ticket view setup: Cannot invoke &amp;quot;String.isEmpty()&amp;quot; because &amp;quot;this.accessToken&amp;quot; is null">
      <![CDATA[com.menumitra.utilityclass.customException: Error in ticket view setup: Cannot invoke "String.isEmpty()" because "this.accessToken" is null
	at com.menumitratCommonAPITestScript.TicketViewTestScript.ticketViewSetUp(TicketViewTestScript.java:88)
... Removed 22 stack frames]]>
    </failure>
  </testcase> <!-- @BeforeClass ticketViewSetUp -->
  <testcase classname="com.menumitratCommonAPITestScript.GetFoodTypeList" name="@BeforeClass getFoodTypeListSetUp" time="0.0">
    <failure type="com.menumitra.utilityclass.customException" message="Error in get food type list setup: Cannot invoke &amp;quot;String.isEmpty()&amp;quot; because &amp;quot;this.accessToken&amp;quot; is null">
      <![CDATA[com.menumitra.utilityclass.customException: Error in get food type list setup: Cannot invoke "String.isEmpty()" because "this.accessToken" is null
	at com.menumitratCommonAPITestScript.GetFoodTypeList.getFoodTypeListSetUp(GetFoodTypeList.java:92)
... Removed 22 stack frames]]>
    </failure>
  </testcase> <!-- @BeforeClass getFoodTypeListSetUp -->
  <testcase classname="com.menumitratCommonAPITestScript.OutletTypeTestScript" name="@BeforeClass outletTypeSetUp" time="0.0">
    <failure type="com.menumitra.utilityclass.customException" message="Error in outlet type setup: Cannot invoke &amp;quot;String.isEmpty()&amp;quot; because &amp;quot;this.accessToken&amp;quot; is null">
      <![CDATA[com.menumitra.utilityclass.customException: Error in outlet type setup: Cannot invoke "String.isEmpty()" because "this.accessToken" is null
	at com.menumitratCommonAPITestScript.OutletTypeTestScript.outletTypeSetUp(OutletTypeTestScript.java:92)
... Removed 22 stack frames]]>
    </failure>
  </testcase> <!-- @BeforeClass outletTypeSetUp -->
  <testcase classname="com.menumitratCommonAPITestScript.InventoryDeleteTestScript" name="@BeforeClass setup" time="0.0">
    <failure type="com.menumitra.utilityclass.customException" message="Error during setup: Cannot invoke &amp;quot;String.isEmpty()&amp;quot; because &amp;quot;this.accessToken&amp;quot; is null">
      <![CDATA[com.menumitra.utilityclass.customException: Error during setup: Cannot invoke "String.isEmpty()" because "this.accessToken" is null
	at com.menumitratCommonAPITestScript.InventoryDeleteTestScript.setup(InventoryDeleteTestScript.java:160)
... Removed 22 stack frames]]>
    </failure>
  </testcase> <!-- @BeforeClass setup -->
  <testcase classname="com.menumitratCommonAPITestScript.InventoryUpdateTestScript" name="@BeforeClass setup" time="0.0">
    <failure type="com.menumitra.utilityclass.customException" message="Error during setup: Cannot invoke &amp;quot;String.isEmpty()&amp;quot; because &amp;quot;this.accessToken&amp;quot; is null">
      <![CDATA[com.menumitra.utilityclass.customException: Error during setup: Cannot invoke "String.isEmpty()" because "this.accessToken" is null
	at com.menumitratCommonAPITestScript.InventoryUpdateTestScript.setup(InventoryUpdateTestScript.java:196)
... Removed 22 stack frames]]>
    </failure>
  </testcase> <!-- @BeforeClass setup -->
  <testcase classname="com.menumitratCommonAPITestScript.supplierViewTestScript" name="@BeforeClass supplierViewSetUp" time="0.0">
    <failure type="com.menumitra.utilityclass.customException" message="Error in supplier view setUp: Cannot invoke &amp;quot;String.isEmpty()&amp;quot; because &amp;quot;this.accessToken&amp;quot; is null">
      <![CDATA[com.menumitra.utilityclass.customException: Error in supplier view setUp: Cannot invoke "String.isEmpty()" because "this.accessToken" is null
	at com.menumitratCommonAPITestScript.supplierViewTestScript.supplierViewSetUp(supplierViewTestScript.java:175)
... Removed 22 stack frames]]>
    </failure>
  </testcase> <!-- @BeforeClass supplierViewSetUp -->
  <testcase classname="com.menumitratCommonAPITestScript.InventoryViewTestScript" name="@BeforeClass inventoryViewSetUp" time="0.0">
    <failure type="com.menumitra.utilityclass.customException" message="Error in inventory view setUp: Cannot invoke &amp;quot;String.isEmpty()&amp;quot; because &amp;quot;this.accessToken&amp;quot; is null">
      <![CDATA[com.menumitra.utilityclass.customException: Error in inventory view setUp: Cannot invoke "String.isEmpty()" because "this.accessToken" is null
	at com.menumitratCommonAPITestScript.InventoryViewTestScript.inventoryViewSetUp(InventoryViewTestScript.java:173)
... Removed 22 stack frames]]>
    </failure>
  </testcase> <!-- @BeforeClass inventoryViewSetUp -->
  <testcase classname="com.menumitratCommonAPITestScript.MenuCategoryListViewTestScript" name="@BeforeClass menuCategoryListViewSetUp" time="0.0">
    <failure type="com.menumitra.utilityclass.customException" message="Error in menu category list view setup: Cannot invoke &amp;quot;String.isEmpty()&amp;quot; because &amp;quot;this.accessToken&amp;quot; is null">
      <![CDATA[com.menumitra.utilityclass.customException: Error in menu category list view setup: Cannot invoke "String.isEmpty()" because "this.accessToken" is null
	at com.menumitratCommonAPITestScript.MenuCategoryListViewTestScript.menuCategoryListViewSetUp(MenuCategoryListViewTestScript.java:95)
... Removed 22 stack frames]]>
    </failure>
  </testcase> <!-- @BeforeClass menuCategoryListViewSetUp -->
  <testcase classname="com.menumitratCommonAPITestScript.GetAvailableTablesTestScript" name="@BeforeClass getAvailableTablesSetUp" time="0.0">
    <failure type="com.menumitra.utilityclass.customException" message="Error in get available tables setup: Cannot invoke &amp;quot;String.isEmpty()&amp;quot; because &amp;quot;this.accessToken&amp;quot; is null">
      <![CDATA[com.menumitra.utilityclass.customException: Error in get available tables setup: Cannot invoke "String.isEmpty()" because "this.accessToken" is null
	at com.menumitratCommonAPITestScript.GetAvailableTablesTestScript.getAvailableTablesSetUp(GetAvailableTablesTestScript.java:91)
... Removed 22 stack frames]]>
    </failure>
  </testcase> <!-- @BeforeClass getAvailableTablesSetUp -->
  <testcase classname="com.menumitratCommonAPITestScript.SupplierDeleteTestScript" name="@BeforeClass setup" time="0.0">
    <failure type="com.menumitra.utilityclass.customException" message="Error in supplier delete setup: Cannot invoke &amp;quot;String.isEmpty()&amp;quot; because &amp;quot;this.accessToken&amp;quot; is null">
      <![CDATA[com.menumitra.utilityclass.customException: Error in supplier delete setup: Cannot invoke "String.isEmpty()" because "this.accessToken" is null
	at com.menumitratCommonAPITestScript.SupplierDeleteTestScript.setup(SupplierDeleteTestScript.java:173)
... Removed 22 stack frames]]>
    </failure>
  </testcase> <!-- @BeforeClass setup -->
  <testcase classname="com.menumitratCommonAPITestScript.UpdateOutletTestScript" name="@BeforeClass updateOutletSetUp" time="0.0">
    <failure type="com.menumitra.utilityclass.customException" message="Error in update outlet setup: Cannot invoke &amp;quot;String.isEmpty()&amp;quot; because &amp;quot;this.accessToken&amp;quot; is null">
      <![CDATA[com.menumitra.utilityclass.customException: Error in update outlet setup: Cannot invoke "String.isEmpty()" because "this.accessToken" is null
	at com.menumitratCommonAPITestScript.UpdateOutletTestScript.updateOutletSetUp(UpdateOutletTestScript.java:97)
... Removed 22 stack frames]]>
    </failure>
  </testcase> <!-- @BeforeClass updateOutletSetUp -->
  <testcase classname="com.menumitratCommonAPITestScript.UpdateOrderTestScript" name="@BeforeClass updateOrderSetUp" time="0.0">
    <failure type="com.menumitra.utilityclass.customException" message="Error in update order setup: Cannot invoke &amp;quot;String.isEmpty()&amp;quot; because &amp;quot;this.accessToken&amp;quot; is null">
      <![CDATA[com.menumitra.utilityclass.customException: Error in update order setup: Cannot invoke "String.isEmpty()" because "this.accessToken" is null
	at com.menumitratCommonAPITestScript.UpdateOrderTestScript.updateOrderSetUp(UpdateOrderTestScript.java:84)
... Removed 22 stack frames]]>
    </failure>
  </testcase> <!-- @BeforeClass updateOrderSetUp -->
  <testcase classname="com.menumitratCommonAPITestScript.MenuCategoryCreateTestScript" name="@BeforeClass setup" time="0.0">
    <failure type="com.menumitra.utilityclass.customException" message="Error during setup: Cannot invoke &amp;quot;String.isEmpty()&amp;quot; because &amp;quot;this.accessToken&amp;quot; is null">
      <![CDATA[com.menumitra.utilityclass.customException: Error during setup: Cannot invoke "String.isEmpty()" because "this.accessToken" is null
	at com.menumitratCommonAPITestScript.MenuCategoryCreateTestScript.setup(MenuCategoryCreateTestScript.java:163)
... Removed 22 stack frames]]>
    </failure>
  </testcase> <!-- @BeforeClass setup -->
  <testcase classname="com.menumitratCommonAPITestScript.MenuCategoryCreateTestScript" name="@AfterClass tearDown" time="0.0">
    <skipped/>
  </testcase> <!-- @AfterClass tearDown -->
  <testcase classname="com.menumitratCommonAPITestScript.StaffUpdateTestScript" name="@BeforeClass setup" time="0.0">
    <failure type="com.menumitra.utilityclass.customException" message="Error during setup: Cannot invoke &amp;quot;String.isEmpty()&amp;quot; because &amp;quot;this.accessToken&amp;quot; is null">
      <![CDATA[com.menumitra.utilityclass.customException: Error during setup: Cannot invoke "String.isEmpty()" because "this.accessToken" is null
	at com.menumitratCommonAPITestScript.StaffUpdateTestScript.setup(StaffUpdateTestScript.java:114)
... Removed 22 stack frames]]>
    </failure>
  </testcase> <!-- @BeforeClass setup -->
  <testcase classname="com.menumitratCommonAPITestScript.StaffUpdateTestScript" name="@AfterClass tearDown" time="0.0">
    <skipped/>
  </testcase> <!-- @AfterClass tearDown -->
  <testcase classname="com.menumitratCommonAPITestScript.GetTemplates" name="@BeforeClass getTemplatesSetUp" time="0.0">
    <failure type="com.menumitra.utilityclass.customException" message="Error in get templates setup: Cannot invoke &amp;quot;String.isEmpty()&amp;quot; because &amp;quot;this.accessToken&amp;quot; is null">
      <![CDATA[com.menumitra.utilityclass.customException: Error in get templates setup: Cannot invoke "String.isEmpty()" because "this.accessToken" is null
	at com.menumitratCommonAPITestScript.GetTemplates.getTemplatesSetUp(GetTemplates.java:92)
... Removed 22 stack frames]]>
    </failure>
  </testcase> <!-- @BeforeClass getTemplatesSetUp -->
  <testcase classname="com.menumitratCommonAPITestScript.SplitTableTestScript" name="@BeforeClass setup" time="0.0">
    <failure type="com.menumitra.utilityclass.customException" message="Error during setup: Cannot invoke &amp;quot;String.isEmpty()&amp;quot; because &amp;quot;this.accessToken&amp;quot; is null">
      <![CDATA[com.menumitra.utilityclass.customException: Error during setup: Cannot invoke "String.isEmpty()" because "this.accessToken" is null
	at com.menumitratCommonAPITestScript.SplitTableTestScript.setup(SplitTableTestScript.java:132)
... Removed 22 stack frames]]>
    </failure>
  </testcase> <!-- @BeforeClass setup -->
  <testcase classname="com.menumitratCommonAPITestScript.UnSplitTableTestScript" name="@BeforeClass setup" time="0.0">
    <failure type="com.menumitra.utilityclass.customException" message="Error during setup: Cannot invoke &amp;quot;String.isEmpty()&amp;quot; because &amp;quot;this.accessToken&amp;quot; is null">
      <![CDATA[com.menumitra.utilityclass.customException: Error during setup: Cannot invoke "String.isEmpty()" because "this.accessToken" is null
	at com.menumitratCommonAPITestScript.UnSplitTableTestScript.setup(UnSplitTableTestScript.java:124)
... Removed 22 stack frames]]>
    </failure>
  </testcase> <!-- @BeforeClass setup -->
  <testcase classname="com.menumitratCommonAPITestScript.OrderPaymentSettleTestScript" name="@BeforeClass setup" time="0.0">
    <failure type="com.menumitra.utilityclass.customException" message="Error during setup: Cannot invoke &amp;quot;String.isEmpty()&amp;quot; because &amp;quot;this.accessToken&amp;quot; is null">
      <![CDATA[com.menumitra.utilityclass.customException: Error during setup: Cannot invoke "String.isEmpty()" because "this.accessToken" is null
	at com.menumitratCommonAPITestScript.OrderPaymentSettleTestScript.setup(OrderPaymentSettleTestScript.java:137)
... Removed 22 stack frames]]>
    </failure>
  </testcase> <!-- @BeforeClass setup -->
  <testcase classname="com.menumitratCommonAPITestScript.StaffListViewTestScript" name="@BeforeClass staffListViewSetUp" time="0.0">
    <failure type="com.menumitra.utilityclass.customException" message="Error in staff list view setup: Cannot invoke &amp;quot;String.isEmpty()&amp;quot; because &amp;quot;this.access&amp;quot; is null">
      <![CDATA[com.menumitra.utilityclass.customException: Error in staff list view setup: Cannot invoke "String.isEmpty()" because "this.access" is null
	at com.menumitratCommonAPITestScript.StaffListViewTestScript.staffListViewSetUp(StaffListViewTestScript.java:89)
... Removed 22 stack frames]]>
    </failure>
  </testcase> <!-- @BeforeClass staffListViewSetUp -->
  <testcase classname="com.menumitratCommonAPITestScript.UbacFuctionalityCreateTestScript" name="@BeforeClass ubacCreateSetUp" time="0.0">
    <failure type="com.menumitra.utilityclass.customException" message="Error in UBAC create setup: Cannot invoke &amp;quot;String.isEmpty()&amp;quot; because &amp;quot;this.accessToken&amp;quot; is null">
      <![CDATA[com.menumitra.utilityclass.customException: Error in UBAC create setup: Cannot invoke "String.isEmpty()" because "this.accessToken" is null
	at com.menumitratCommonAPITestScript.UbacFuctionalityCreateTestScript.ubacCreateSetUp(UbacFuctionalityCreateTestScript.java:85)
... Removed 22 stack frames]]>
    </failure>
  </testcase> <!-- @BeforeClass ubacCreateSetUp -->
  <testcase classname="com.menumitratCommonAPITestScript.UbacFuctionalityViewTestScript" name="@BeforeClass ubacViewSetUp" time="0.0">
    <failure type="com.menumitra.utilityclass.customException" message="Error in UBAC list view setup: Cannot invoke &amp;quot;String.isEmpty()&amp;quot; because &amp;quot;this.accessToken&amp;quot; is null">
      <![CDATA[com.menumitra.utilityclass.customException: Error in UBAC list view setup: Cannot invoke "String.isEmpty()" because "this.accessToken" is null
	at com.menumitratCommonAPITestScript.UbacFuctionalityViewTestScript.ubacViewSetUp(UbacFuctionalityViewTestScript.java:85)
... Removed 22 stack frames]]>
    </failure>
  </testcase> <!-- @BeforeClass ubacViewSetUp -->
  <testcase classname="com.menumitratCommonAPITestScript.UdhariLedgerTestScript" name="@BeforeClass udhariLedgerSetUp" time="0.0">
    <failure type="com.menumitra.utilityclass.customException" message="Error in Udhari Ledger setup: Cannot invoke &amp;quot;String.isEmpty()&amp;quot; because &amp;quot;this.accessToken&amp;quot; is null">
      <![CDATA[com.menumitra.utilityclass.customException: Error in Udhari Ledger setup: Cannot invoke "String.isEmpty()" because "this.accessToken" is null
	at com.menumitratCommonAPITestScript.UdhariLedgerTestScript.udhariLedgerSetUp(UdhariLedgerTestScript.java:85)
... Removed 22 stack frames]]>
    </failure>
  </testcase> <!-- @BeforeClass udhariLedgerSetUp -->
  <testcase classname="com.menumitratCommonAPITestScript.UdhariLedgerListTestScript" name="@BeforeClass udhariLedgerListSetUp" time="0.0">
    <failure type="com.menumitra.utilityclass.customException" message="Error in Udhari Ledger List setup: Access token is null or empty after verification">
      <![CDATA[com.menumitra.utilityclass.customException: Error in Udhari Ledger List setup: Access token is null or empty after verification
	at com.menumitratCommonAPITestScript.UdhariLedgerListTestScript.udhariLedgerListSetUp(UdhariLedgerListTestScript.java:115)
... Removed 22 stack frames]]>
    </failure>
  </testcase> <!-- @BeforeClass udhariLedgerListSetUp -->
  <testcase classname="com.menumitratCommonAPITestScript.UdhariLedgerViewTestScript" name="@BeforeClass udhariLedgerViewSetUp" time="0.0">
    <failure type="com.menumitra.utilityclass.customException" message="Error in Udhari Ledger View setup: Cannot invoke &amp;quot;String.isEmpty()&amp;quot; because &amp;quot;this.accessToken&amp;quot; is null">
      <![CDATA[com.menumitra.utilityclass.customException: Error in Udhari Ledger View setup: Cannot invoke "String.isEmpty()" because "this.accessToken" is null
	at com.menumitratCommonAPITestScript.UdhariLedgerViewTestScript.udhariLedgerViewSetUp(UdhariLedgerViewTestScript.java:84)
... Removed 22 stack frames]]>
    </failure>
  </testcase> <!-- @BeforeClass udhariLedgerViewSetUp -->
  <testcase classname="com.menumitratCommonAPITestScript.CreateBookingTestScript" name="@BeforeClass bookingCreateSetUp" time="0.0">
    <failure type="com.menumitra.utilityclass.customException" message="Error in booking create setup: Cannot invoke &amp;quot;String.isEmpty()&amp;quot; because &amp;quot;this.accessToken&amp;quot; is null">
      <![CDATA[com.menumitra.utilityclass.customException: Error in booking create setup: Cannot invoke "String.isEmpty()" because "this.accessToken" is null
	at com.menumitratCommonAPITestScript.CreateBookingTestScript.bookingCreateSetUp(CreateBookingTestScript.java:84)
... Removed 22 stack frames]]>
    </failure>
  </testcase> <!-- @BeforeClass bookingCreateSetUp -->
  <testcase classname="com.menumitratCommonAPITestScript.ListViewBookingTestScript" name="@BeforeClass bookingListViewSetUp" time="0.0">
    <failure type="com.menumitra.utilityclass.customException" message="Error in booking list view setup: Cannot invoke &amp;quot;String.isEmpty()&amp;quot; because &amp;quot;this.accessToken&amp;quot; is null">
      <![CDATA[com.menumitra.utilityclass.customException: Error in booking list view setup: Cannot invoke "String.isEmpty()" because "this.accessToken" is null
	at com.menumitratCommonAPITestScript.ListViewBookingTestScript.bookingListViewSetUp(ListViewBookingTestScript.java:79)
... Removed 22 stack frames]]>
    </failure>
  </testcase> <!-- @BeforeClass bookingListViewSetUp -->
  <testcase classname="com.menumitratCommonAPITestScript.ViewBookingTestScript" name="@BeforeClass bookingViewSetUp" time="0.0">
    <failure type="com.menumitra.utilityclass.customException" message="Error in booking view setup: Cannot invoke &amp;quot;String.isEmpty()&amp;quot; because &amp;quot;this.accessToken&amp;quot; is null">
      <![CDATA[com.menumitra.utilityclass.customException: Error in booking view setup: Cannot invoke "String.isEmpty()" because "this.accessToken" is null
	at com.menumitratCommonAPITestScript.ViewBookingTestScript.bookingViewSetUp(ViewBookingTestScript.java:79)
... Removed 22 stack frames]]>
    </failure>
  </testcase> <!-- @BeforeClass bookingViewSetUp -->
  <testcase classname="com.menumitratCommonAPITestScript.TableListViewTestScript" name="verifyTableListView" time="3.309"/>
  <testcase classname="com.menumitratCommonAPITestScript.ActivityLogTestScript" name="activityLogTest" time="0.137"/>
  <testcase classname="com.menumitratCommonAPITestScript.ChefViewTestScript" name="chefViewTest" time="0.119">
    <failure type="com.menumitra.utilityclass.customException" message="Error in chef view test: Status code mismatch - Expected: 200, Actual: 404">
      <![CDATA[com.menumitra.utilityclass.customException: Error in chef view test: Status code mismatch - Expected: 200, Actual: 404
	at com.menumitratCommonAPITestScript.ChefViewTestScript.chefViewTest(ChefViewTestScript.java:223)
... Removed 22 stack frames]]>
    </failure>
  </testcase> <!-- chefViewTest -->
  <testcase classname="com.menumitratCommonAPITestScript.GetStaffListWithRole" name="getStaffListWithRoleTest" time="0.082">
    <failure type="com.menumitra.utilityclass.customException" message="Error in staff list with role test: Status code mismatch - Expected: 200, Actual: 400">
      <![CDATA[com.menumitra.utilityclass.customException: Error in staff list with role test: Status code mismatch - Expected: 200, Actual: 400
	at com.menumitratCommonAPITestScript.GetStaffListWithRole.getStaffListWithRoleTest(GetStaffListWithRole.java:232)
... Removed 22 stack frames]]>
    </failure>
  </testcase> <!-- getStaffListWithRoleTest -->
  <testcase classname="com.menumitratCommonAPITestScript.GetStaffListWithRole" name="getStaffListWithRoleTest" time="0.064"/>
  <testcase classname="com.menumitratCommonAPITestScript.MakeMenuSpecialNonSpecial" name="makeMenuSpecialNonSpecialNegativeTest" time="0.0">
    <skipped/>
  </testcase> <!-- makeMenuSpecialNonSpecialNegativeTest -->
  <testcase classname="com.menumitratCommonAPITestScript.UpdateTemplatesTestScript" name="updateTemplatesUsingValidInputData" time="0.248"/>
  <testcase classname="com.menumitratCommonAPITestScript.GetStaffRole" name="verifyStaffRole" time="0.087"/>
  <testcase classname="com.menumitratCommonAPITestScript.WaiterCreateTestScript" name="verifyWaiterCreate" time="0.076">
    <failure type="com.menumitra.utilityclass.customException" message="Error in waiter create test: Status code mismatch - Expected: 200, Actual: 400">
      <![CDATA[com.menumitra.utilityclass.customException: Error in waiter create test: Status code mismatch - Expected: 200, Actual: 400
	at com.menumitratCommonAPITestScript.WaiterCreateTestScript.verifyWaiterCreate(WaiterCreateTestScript.java:272)
... Removed 22 stack frames]]>
    </failure>
  </testcase> <!-- verifyWaiterCreate -->
  <testcase classname="com.menumitratCommonAPITestScript.MenuUpdate" name="updateMenu" time="0.097">
    <failure type="com.menumitra.utilityclass.customException" message="Menu update failed: Status code validation failed - Expected: 200, Actual: 500">
      <![CDATA[com.menumitra.utilityclass.customException: Menu update failed: Status code validation failed - Expected: 200, Actual: 500
	at com.menumitratCommonAPITestScript.MenuUpdate.updateMenu(MenuUpdate.java:289)
... Removed 22 stack frames]]>
    </failure>
  </testcase> <!-- updateMenu -->
  <testcase classname="com.menumitratCommonAPITestScript.orderListViewSetUp" name="orderListViewTest" time="2.82"/>
  <testcase classname="com.menumitratCommonAPITestScript.SendQRLinkTestScript" name="sendQRLinkTest" time="0.046"/>
  <testcase classname="com.menumitratCommonAPITestScript.ChefDeleteTestScript" name="deleteChef" time="0.251">
    <failure type="com.menumitra.utilityclass.customException" message="Test execution failed: Status code validation failed - Expected: 200, Actual: 404">
      <![CDATA[com.menumitra.utilityclass.customException: Test execution failed: Status code validation failed - Expected: 200, Actual: 404
	at com.menumitratCommonAPITestScript.ChefDeleteTestScript.deleteChef(ChefDeleteTestScript.java:236)
... Removed 22 stack frames]]>
    </failure>
  </testcase> <!-- deleteChef -->
  <testcase classname="com.menumitratCommonAPITestScript.WaiterViewTestScript" name="verifyWaiterView" time="0.073">
    <failure type="com.menumitra.utilityclass.customException" message="Error in waiter view test: Status code mismatch - Expected: 200, Actual: 404">
      <![CDATA[com.menumitra.utilityclass.customException: Error in waiter view test: Status code mismatch - Expected: 200, Actual: 404
	at com.menumitratCommonAPITestScript.WaiterViewTestScript.verifyWaiterView(WaiterViewTestScript.java:229)
... Removed 22 stack frames]]>
    </failure>
  </testcase> <!-- verifyWaiterView -->
  <testcase classname="com.menumitratCommonAPITestScript.OrderViewTestScript" name="orderViewNegativeTest" time="0.052"/>
  <testcase classname="com.menumitratCommonAPITestScript.OrderViewTestScript" name="orderViewNegativeTest" time="0.059"/>
  <testcase classname="com.menumitratCommonAPITestScript.OrderViewTestScript" name="orderViewTest" time="0.083">
    <failure type="com.menumitra.utilityclass.customException" message="Error in order view test: Status code mismatch - Expected: 200, Actual: 400">
      <![CDATA[com.menumitra.utilityclass.customException: Error in order view test: Status code mismatch - Expected: 200, Actual: 400
	at com.menumitratCommonAPITestScript.OrderViewTestScript.orderViewTest(OrderViewTestScript.java:222)
... Removed 22 stack frames]]>
    </failure>
  </testcase> <!-- orderViewTest -->
  <testcase classname="com.menumitratCommonAPITestScript.DefaultSettingTestScript" name="defaultSetting" time="0.057">
    <failure type="com.menumitra.utilityclass.customException" message="Test execution failed: Status code validation failed - Expected: 200, Actual: 404">
      <![CDATA[com.menumitra.utilityclass.customException: Test execution failed: Status code validation failed - Expected: 200, Actual: 404
	at com.menumitratCommonAPITestScript.DefaultSettingTestScript.defaultSetting(DefaultSettingTestScript.java:234)
... Removed 22 stack frames]]>
    </failure>
  </testcase> <!-- defaultSetting -->
  <testcase classname="com.menumitratCommonAPITestScript.sectionUpdateTestScript" name="verifySectionUpdateUsingValidInputData" time="0.058">
    <failure type="com.menumitra.utilityclass.customException" message="An error occurred during section update verification">
      <![CDATA[com.menumitra.utilityclass.customException: An error occurred during section update verification
	at com.menumitratCommonAPITestScript.sectionUpdateTestScript.verifySectionUpdateUsingValidInputData(sectionUpdateTestScript.java:216)
... Removed 22 stack frames]]>
    </failure>
  </testcase> <!-- verifySectionUpdateUsingValidInputData -->
  <testcase classname="com.menumitratCommonAPITestScript.CaptainListViewTestScript" name="captainListViewTest" time="0.127"/>
  <testcase classname="com.menumitratCommonAPITestScript.CaptainDeleteTestScript" name="deleteCaptain" time="0.064">
    <failure type="com.menumitra.utilityclass.customException" message="Test execution failed: Status code validation failed - Expected: 200, Actual: 404">
      <![CDATA[com.menumitra.utilityclass.customException: Test execution failed: Status code validation failed - Expected: 200, Actual: 404
	at com.menumitratCommonAPITestScript.CaptainDeleteTestScript.deleteCaptain(CaptainDeleteTestScript.java:235)
... Removed 22 stack frames]]>
    </failure>
  </testcase> <!-- deleteCaptain -->
  <testcase classname="com.menumitratCommonAPITestScript.TableCreateTestScript" name="verifyTableCreate" time="0.085"/>
  <testcase classname="com.menumitratCommonAPITestScript.GetInventoryCategoryList" name="getInventoryCategoryList" time="0.109">
    <failure type="com.menumitra.utilityclass.customException" message="Test execution failed: Status code validation failed - Expected: 200, Actual: 404">
      <![CDATA[com.menumitra.utilityclass.customException: Test execution failed: Status code validation failed - Expected: 200, Actual: 404
	at com.menumitratCommonAPITestScript.GetInventoryCategoryList.getInventoryCategoryList(GetInventoryCategoryList.java:242)
... Removed 22 stack frames]]>
    </failure>
  </testcase> <!-- getInventoryCategoryList -->
  <testcase classname="com.menumitratCommonAPITestScript.OutletSettingsViewTestScript" name="outletSettingsView" time="0.058"/>
  <testcase classname="com.menumitratCommonAPITestScript.OutletSettingsViewTestScript" name="outletSettingsViewNegativeTest" time="0.038"/>
  <testcase classname="com.menumitratCommonAPITestScript.MenuCategoryViewTestScript" name="menuCategoryViewNegativeTest" time="0.054"/>
  <testcase classname="com.menumitratCommonAPITestScript.MenuCategoryViewTestScript" name="menuCategoryViewNegativeTest" time="0.064">
    <failure type="com.menumitra.utilityclass.customException" message="Error in menu category view negative test: Error validating response: Error processing success response: Actual response does not match expected response">
      <![CDATA[com.menumitra.utilityclass.customException: Error in menu category view negative test: Error validating response: Error processing success response: Actual response does not match expected response
	at com.menumitratCommonAPITestScript.MenuCategoryViewTestScript.menuCategoryViewNegativeTest(MenuCategoryViewTestScript.java:388)
... Removed 22 stack frames]]>
    </failure>
  </testcase> <!-- menuCategoryViewNegativeTest -->
  <testcase classname="com.menumitratCommonAPITestScript.MenuCategoryViewTestScript" name="menuCategoryViewNegativeTest" time="0.045"/>
  <testcase classname="com.menumitratCommonAPITestScript.MenuCategoryViewTestScript" name="menuCategoryViewNegativeTest" time="0.09">
    <failure type="com.menumitra.utilityclass.customException" message="Error in menu category view negative test: Error validating response: Error processing success response: Actual response does not match expected response">
      <![CDATA[com.menumitra.utilityclass.customException: Error in menu category view negative test: Error validating response: Error processing success response: Actual response does not match expected response
	at com.menumitratCommonAPITestScript.MenuCategoryViewTestScript.menuCategoryViewNegativeTest(MenuCategoryViewTestScript.java:388)
... Removed 22 stack frames]]>
    </failure>
  </testcase> <!-- menuCategoryViewNegativeTest -->
  <testcase classname="com.menumitratCommonAPITestScript.MenuCategoryViewTestScript" name="verifyMenuCategoryView" time="0.087">
    <failure type="com.menumitra.utilityclass.customException" message="Error in menu category view test: Status code mismatch - Expected: 200, Actual: 400">
      <![CDATA[com.menumitra.utilityclass.customException: Error in menu category view test: Status code mismatch - Expected: 200, Actual: 400
	at com.menumitratCommonAPITestScript.MenuCategoryViewTestScript.verifyMenuCategoryView(MenuCategoryViewTestScript.java:261)
... Removed 22 stack frames]]>
    </failure>
  </testcase> <!-- verifyMenuCategoryView -->
  <testcase classname="com.menumitratCommonAPITestScript.InventoryCategoryListView" name="getInventoryCategoryList" time="0.059">
    <failure type="com.menumitra.utilityclass.customException" message="Error in inventory category list view test: Status code mismatch - Expected: 200, Actual: 404">
      <![CDATA[com.menumitra.utilityclass.customException: Error in inventory category list view test: Status code mismatch - Expected: 200, Actual: 404
	at com.menumitratCommonAPITestScript.InventoryCategoryListView.getInventoryCategoryList(InventoryCategoryListView.java:220)
... Removed 22 stack frames]]>
    </failure>
  </testcase> <!-- getInventoryCategoryList -->
  <testcase classname="com.menumitratCommonAPITestScript.SupplierCreditRatingChoicesTestScript" name="testSupplierCreditRatingChoices" time="0.05">
    <failure type="com.menumitra.utilityclass.customException" message="Error during supplier credit rating choices test execution: Status code mismatch - Expected: 200, Actual: 404">
      <![CDATA[com.menumitra.utilityclass.customException: Error during supplier credit rating choices test execution: Status code mismatch - Expected: 200, Actual: 404
	at com.menumitratCommonAPITestScript.SupplierCreditRatingChoicesTestScript.testSupplierCreditRatingChoices(SupplierCreditRatingChoicesTestScript.java:219)
... Removed 22 stack frames]]>
    </failure>
  </testcase> <!-- testSupplierCreditRatingChoices -->
  <testcase classname="com.menumitratCommonAPITestScript.verifyOTPTestScript" name="verifyOTPAPiUsingValidInputData" time="0.064"/>
  <testcase classname="com.menumitratCommonAPITestScript.MenuCategoryUpdateTestScript" name="menuCategoryUpdateNegativeTest" time="0.069">
    <failure type="com.menumitra.utilityclass.customException" message="Error during menu category update negative test: Status code validation failed - Expected: 400, Actual: 500">
      <![CDATA[com.menumitra.utilityclass.customException: Error during menu category update negative test: Status code validation failed - Expected: 400, Actual: 500
	at com.menumitratCommonAPITestScript.MenuCategoryUpdateTestScript.menuCategoryUpdateNegativeTest(MenuCategoryUpdateTestScript.java:371)
... Removed 22 stack frames]]>
    </failure>
  </testcase> <!-- menuCategoryUpdateNegativeTest -->
  <testcase classname="com.menumitratCommonAPITestScript.MenuCategoryUpdateTestScript" name="menuCategoryUpdateNegativeTest" time="0.067">
    <failure type="com.menumitra.utilityclass.customException" message="Error during menu category update negative test: Status code validation failed - Expected: 400, Actual: 500">
      <![CDATA[com.menumitra.utilityclass.customException: Error during menu category update negative test: Status code validation failed - Expected: 400, Actual: 500
	at com.menumitratCommonAPITestScript.MenuCategoryUpdateTestScript.menuCategoryUpdateNegativeTest(MenuCategoryUpdateTestScript.java:371)
... Removed 22 stack frames]]>
    </failure>
  </testcase> <!-- menuCategoryUpdateNegativeTest -->
  <testcase classname="com.menumitratCommonAPITestScript.GetRatingList" name="verifyRatingList" time="0.001"/>
  <testcase classname="com.menumitratCommonAPITestScript.WaiterListViewTestScript" name="waiterListViewTest" time="0.118"/>
  <testcase classname="com.menumitratCommonAPITestScript.SearchMenu" name="searchMenuNegativeTest" time="0.059">
    <failure type="com.menumitra.utilityclass.customException" message="Error in search menu negative test: Error validating response: Error processing success response: Actual response does not match expected response">
      <![CDATA[com.menumitra.utilityclass.customException: Error in search menu negative test: Error validating response: Error processing success response: Actual response does not match expected response
	at com.menumitratCommonAPITestScript.SearchMenu.searchMenuNegativeTest(SearchMenu.java:465)
... Removed 22 stack frames]]>
    </failure>
  </testcase> <!-- searchMenuNegativeTest -->
  <testcase classname="com.menumitratCommonAPITestScript.SearchMenu" name="verifySearchMenu" time="0.057">
    <failure type="com.menumitra.utilityclass.customException" message="Error in search menu test: Status code mismatch - Expected: 200, Actual: 400">
      <![CDATA[com.menumitra.utilityclass.customException: Error in search menu test: Status code mismatch - Expected: 200, Actual: 400
	at com.menumitratCommonAPITestScript.SearchMenu.verifySearchMenu(SearchMenu.java:262)
... Removed 22 stack frames]]>
    </failure>
  </testcase> <!-- verifySearchMenu -->
  <testcase classname="com.menumitratCommonAPITestScript.CheckVersionTestScript" name="checkVersionTest" time="0.086"/>
  <testcase classname="com.menumitratCommonAPITestScript.StaffRoleListTestScript" name="staffRoleListTest" time="0.068">
    <failure type="com.menumitra.utilityclass.customException" message="Error in staff role list test: Status code mismatch - Expected: 200, Actual: 400">
      <![CDATA[com.menumitra.utilityclass.customException: Error in staff role list test: Status code mismatch - Expected: 200, Actual: 400
	at com.menumitratCommonAPITestScript.StaffRoleListTestScript.staffRoleListTest(StaffRoleListTestScript.java:227)
... Removed 22 stack frames]]>
    </failure>
  </testcase> <!-- staffRoleListTest -->
  <testcase classname="com.menumitratCommonAPITestScript.GetVegOrNonVegList" name="verifyVegOrNonVegList" time="0.038"/>
  <testcase classname="com.menumitratCommonAPITestScript.SupplierListViewTestScript" name="verifySupplierListViewUsingPositiveData" time="0.038">
    <failure type="com.menumitra.utilityclass.customException" message="Error in supplier list view test: Status code mismatch - Expected: 200, Actual: 404">
      <![CDATA[com.menumitra.utilityclass.customException: Error in supplier list view test: Status code mismatch - Expected: 200, Actual: 404
	at com.menumitratCommonAPITestScript.SupplierListViewTestScript.verifySupplierListViewUsingPositiveData(SupplierListViewTestScript.java:236)
... Removed 22 stack frames]]>
    </failure>
  </testcase> <!-- verifySupplierListViewUsingPositiveData -->
  <testcase classname="com.menumitratCommonAPITestScript.DefaultUserSettingsTestScript" name="defaultUserSettingsTest" time="0.093"/>
  <testcase classname="com.menumitratCommonAPITestScript.ViewOutletTestScript" name="verifyViewOutlet" time="0.001">
    <failure type="java.lang.Error" message="Unresolved compilation problems: 
	The method setOutlet_id(String) is undefined for the type InventoryRequest
	The method setUser_id(String) is undefined for the type InventoryRequest
">
      <![CDATA[java.lang.Error: Unresolved compilation problems: 
	The method setOutlet_id(String) is undefined for the type InventoryRequest
	The method setUser_id(String) is undefined for the type InventoryRequest

	at com.menumitratCommonAPITestScript.ViewOutletTestScript.verifyViewOutlet(ViewOutletTestScript.java:207)
... Removed 22 stack frames]]>
    </failure>
  </testcase> <!-- verifyViewOutlet -->
  <testcase classname="com.menumitratCommonAPITestScript.ForceCancelOrderTestScript" name="forceCancelOrderTest" time="0.061">
    <failure type="com.menumitra.utilityclass.customException" message="Error in force cancel order test: Status code mismatch - Expected: 200, Actual: 400">
[...]
    <skipped/>
  </testcase> <!-- verifyUpdateMenuQuantity -->
  <testcase classname="com.menumitratCommonAPITestScript.CaptainViewTestScript" name="captainViewTest" time="0.001">
    <skipped/>
  </testcase> <!-- captainViewTest -->
  <testcase classname="com.menumitratCommonAPITestScript.SupplierCreateTestScript" name="createSupplier" time="0.001">
    <skipped/>
  </testcase> <!-- createSupplier -->
  <testcase classname="com.menumitratCommonAPITestScript.SupplierCreateTestScript" name="supplierCreateNegativeTest" time="0.002">
    <skipped/>
  </testcase> <!-- supplierCreateNegativeTest -->
  <testcase classname="com.menumitratCommonAPITestScript.SupplierCreateTestScript" name="supplierCreateNegativeTest" time="0.003">
    <skipped/>
  </testcase> <!-- supplierCreateNegativeTest -->
  <testcase classname="com.menumitratCommonAPITestScript.SupplierCreateTestScript" name="supplierCreateNegativeTest" time="0.002">
    <skipped/>
  </testcase> <!-- supplierCreateNegativeTest -->
  <testcase classname="com.menumitratCommonAPITestScript.CreateQRTemplatesTestScript" name="createQRTemplatesUsingValidInputData" time="0.001">
    <skipped/>
  </testcase> <!-- createQRTemplatesUsingValidInputData -->
  <testcase classname="com.menumitratCommonAPITestScript.SelectTemplateTestScript" name="selectTemplateNegativeTest" time="0.001">
    <skipped/>
  </testcase> <!-- selectTemplateNegativeTest -->
  <testcase classname="com.menumitratCommonAPITestScript.SelectTemplateTestScript" name="selectTemplateUsingValidInputData" time="0.001">
    <skipped/>
  </testcase> <!-- selectTemplateUsingValidInputData -->
  <testcase classname="com.menumitratCommonAPITestScript.SelectOutletTestScript" name="selectOutletNegativeTest" time="0.0">
    <skipped/>
  </testcase> <!-- selectOutletNegativeTest -->
  <testcase classname="com.menumitratCommonAPITestScript.SelectOutletTestScript" name="selectOutletNegativeTest" time="0.002">
    <skipped/>
  </testcase> <!-- selectOutletNegativeTest -->
  <testcase classname="com.menumitratCommonAPITestScript.SelectOutletTestScript" name="selectOutletTest" time="0.0">
    <skipped/>
  </testcase> <!-- selectOutletTest -->
  <testcase classname="com.menumitratCommonAPITestScript.InventoryListViewTestScript" name="verifyInventoryList" time="0.001">
    <skipped/>
  </testcase> <!-- verifyInventoryList -->
  <testcase classname="com.menumitratCommonAPITestScript.ContinueChatTestScript" name="continueChatTest" time="0.001">
    <skipped/>
  </testcase> <!-- continueChatTest -->
  <testcase classname="com.menumitratCommonAPITestScript.DeleteTemplatesTestScript" name="deleteTemplatesTest" time="0.0">
    <skipped/>
  </testcase> <!-- deleteTemplatesTest -->
  <testcase classname="com.menumitratCommonAPITestScript.UpdateProfileDetailTestScript" name="verifyUpdateProfileDetail" time="0.0">
    <skipped/>
  </testcase> <!-- verifyUpdateProfileDetail -->
  <testcase classname="com.menumitratCommonAPITestScript.TicketListViewTestScript" name="ticketListViewNegativeTest" time="0.001">
    <skipped/>
  </testcase> <!-- ticketListViewNegativeTest -->
  <testcase classname="com.menumitratCommonAPITestScript.TicketListViewTestScript" name="ticketListViewTest" time="0.001">
    <skipped/>
  </testcase> <!-- ticketListViewTest -->
  <testcase classname="com.menumitratCommonAPITestScript.PosDetailsTestScript" name="posDetailsNegativeTest" time="0.001">
    <skipped/>
  </testcase> <!-- posDetailsNegativeTest -->
  <testcase classname="com.menumitratCommonAPITestScript.PosDetailsTestScript" name="posDetailsTest" time="0.0">
    <skipped/>
  </testcase> <!-- posDetailsTest -->
  <testcase classname="com.menumitratCommonAPITestScript.TableDeleteTestScript" name="tableDeleteNegativeTest" time="0.0">
    <skipped/>
  </testcase> <!-- tableDeleteNegativeTest -->
  <testcase classname="com.menumitratCommonAPITestScript.TableDeleteTestScript" name="verifyTableDelete" time="0.001">
    <skipped/>
  </testcase> <!-- verifyTableDelete -->
  <testcase classname="com.menumitratCommonAPITestScript.TotalTicketsTestScript" name="totalTicketsTest" time="0.001">
    <skipped/>
  </testcase> <!-- totalTicketsTest -->
  <testcase classname="com.menumitratCommonAPITestScript.ChefCreateTestScript" name="createChef" time="0.001">
    <skipped/>
  </testcase> <!-- createChef -->
  <testcase classname="com.menumitratCommonAPITestScript.ChangeSettingsTestScript" name="changeSettingsTest" time="0.001">
    <skipped/>
  </testcase> <!-- changeSettingsTest -->
  <testcase classname="com.menumitratCommonAPITestScript.UpdateActiveStatusTestScript" name="updateActiveStatusTest" time="0.0">
    <skipped/>
  </testcase> <!-- updateActiveStatusTest -->
  <testcase classname="com.menumitratCommonAPITestScript.ChefUpdateTestScript" name="updateChef" time="0.001">
    <skipped/>
  </testcase> <!-- updateChef -->
  <testcase classname="com.menumitratCommonAPITestScript.ListViewOutletTestScript" name="verifyListViewOutlet" time="0.0">
    <skipped/>
  </testcase> <!-- verifyListViewOutlet -->
  <testcase classname="com.menumitratCommonAPITestScript.TableIsReservedTestScript" name="setTableIsReserved" time="0.0">
    <skipped/>
  </testcase> <!-- setTableIsReserved -->
  <testcase classname="com.menumitratCommonAPITestScript.TableIsReservedTestScript" name="tableIsReservedNegativeTest" time="0.0">
    <skipped/>
  </testcase> <!-- tableIsReservedNegativeTest -->
  <testcase classname="com.menumitratCommonAPITestScript.TableIsReservedTestScript" name="tableIsReservedNegativeTest" time="0.001">
    <skipped/>
  </testcase> <!-- tableIsReservedNegativeTest -->
  <testcase classname="com.menumitratCommonAPITestScript.AddMenusToOrder" name="verifyAddMenusToOrder" time="0.001">
    <skipped/>
  </testcase> <!-- verifyAddMenusToOrder -->
  <testcase classname="com.menumitratCommonAPITestScript.SupplierStatusChoicesTestScript" name="testSupplierStatusChoices" time="0.0">
    <skipped/>
  </testcase> <!-- testSupplierStatusChoices -->
  <testcase classname="com.menumitratCommonAPITestScript.MenuDelete" name="deleteMenu" time="0.002">
    <skipped/>
  </testcase> <!-- deleteMenu -->
  <testcase classname="com.menumitratCommonAPITestScript.MenuDelete" name="menuDeleteNegativeTest" time="0.0">
    <skipped/>
  </testcase> <!-- menuDeleteNegativeTest -->
  <testcase classname="com.menumitratCommonAPITestScript.MenuDelete" name="menuDeleteNegativeTest" time="0.001">
    <skipped/>
  </testcase> <!-- menuDeleteNegativeTest -->
  <testcase classname="com.menumitratCommonAPITestScript.MenuDelete" name="menuDeleteNegativeTest" time="0.001">
    <skipped/>
  </testcase> <!-- menuDeleteNegativeTest -->
  <testcase classname="com.menumitratCommonAPITestScript.GetMenuList" name="verifyMenuList" time="0.001">
    <skipped/>
  </testcase> <!-- verifyMenuList -->
  <testcase classname="com.menumitratCommonAPITestScript.OwnerDetailsTestScript" name="ownerDetailsTest" time="0.001">
    <skipped/>
  </testcase> <!-- ownerDetailsTest -->
  <testcase classname="com.menumitratCommonAPITestScript.OwnerDetailsTestScript" name="ownerDetailsTest" time="0.001">
    <skipped/>
  </testcase> <!-- ownerDetailsTest -->
  <testcase classname="com.menumitratCommonAPITestScript.StaffDeleteTestScript" name="testStaffDelete" time="0.0">
    <skipped/>
  </testcase> <!-- testStaffDelete -->
  <testcase classname="com.menumitratCommonAPITestScript.MenuCategorysTestScript" name="menuCategoriesNegativeTest" time="0.0">
    <skipped/>
  </testcase> <!-- menuCategoriesNegativeTest -->
  <testcase classname="com.menumitratCommonAPITestScript.MenuCategorysTestScript" name="verifyMenuCategorys" time="0.001">
    <skipped/>
  </testcase> <!-- verifyMenuCategorys -->
  <testcase classname="com.menumitratCommonAPITestScript.CreateTicketTestScript" name="createTicketUsingValidInputData" time="0.001">
    <skipped/>
  </testcase> <!-- createTicketUsingValidInputData -->
  <testcase classname="com.menumitratCommonAPITestScript.WaiterDeleteTestScript" name="deleteWaiter" time="0.0">
    <skipped/>
  </testcase> <!-- deleteWaiter -->
  <testcase classname="com.menumitratCommonAPITestScript.OrderMenuDetailsTestScript" name="verifyOrderMenuDetails" time="0.0">
    <skipped/>
  </testcase> <!-- verifyOrderMenuDetails -->
  <testcase classname="com.menumitratCommonAPITestScript.ViewProfileTestScript" name="verifyViewProfile" time="0.001">
    <skipped/>
  </testcase> <!-- verifyViewProfile -->
  <testcase classname="com.menumitratCommonAPITestScript.ViewProfileTestScript" name="verifyViewProfile" time="0.0">
    <skipped/>
  </testcase> <!-- verifyViewProfile -->
  <testcase classname="com.menumitratCommonAPITestScript.ChefListViewTestScript" name="chefListViewTest" time="0.001">
    <skipped/>
  </testcase> <!-- chefListViewTest -->
  <testcase classname="com.menumitratCommonAPITestScript.GetSpicyIndexList" name="verifySpicyIndexList" time="0.001">
    <skipped/>
  </testcase> <!-- verifySpicyIndexList -->
  <testcase classname="com.menumitratCommonAPITestScript.GetSupplierListTestScript" name="getSupplierList" time="0.001">
    <skipped/>
  </testcase> <!-- getSupplierList -->
  <testcase classname="com.menumitratCommonAPITestScript.MenuCreateTestScript" name="createMenuUsigValidInputData" time="0.001">
    <skipped/>
  </testcase> <!-- createMenuUsigValidInputData -->
  <testcase classname="com.menumitratCommonAPITestScript.InventoryCategoryCreate" name="createInventoryCategory" time="0.001">
    <skipped/>
  </testcase> <!-- createInventoryCategory -->
  <testcase classname="com.menumitratCommonAPITestScript.GetAllMenuListByCategory" name="getAllMenuListByCategory" time="0.001">
    <skipped/>
  </testcase> <!-- getAllMenuListByCategory -->
  <testcase classname="com.menumitratCommonAPITestScript.GetAllMenuListByCategory" name="getAllMenuListByCategoryNegativeTest" time="0.0">
    <skipped/>
  </testcase> <!-- getAllMenuListByCategoryNegativeTest -->
  <testcase classname="com.menumitratCommonAPITestScript.StaffCreateTestScript" name="createStaff" time="0.001">
    <skipped/>
  </testcase> <!-- createStaff -->
  <testcase classname="com.menumitratCommonAPITestScript.ResendOTPTestScript" name="verifyRessendOTPUSingPositiveInputData" time="0.075"/>
  <testcase classname="com.menumitratCommonAPITestScript.ResendOTPTestScript" name="resendOTPusingInvalidData" time="0.058"/>
  <testcase classname="com.menumitratCommonAPITestScript.ResendOTPTestScript" name="resendOTPusingInvalidData" time="0.039"/>
  <testcase classname="com.menumitratCommonAPITestScript.ResendOTPTestScript" name="resendOTPusingInvalidData" time="0.045"/>
  <testcase classname="com.menumitratCommonAPITestScript.ResendOTPTestScript" name="resendOTPusingInvalidData" time="0.049"/>
  <testcase classname="com.menumitratCommonAPITestScript.ResendOTPTestScript" name="resendOTPusingInvalidData" time="0.049"/>
  <testcase classname="com.menumitratCommonAPITestScript.TicketViewTestScript" name="ticketViewTest" time="0.002">
    <skipped/>
  </testcase> <!-- ticketViewTest -->
  <testcase classname="com.menumitratCommonAPITestScript.GetFoodTypeList" name="verifyFoodTypeList" time="0.001">
    <skipped/>
  </testcase> <!-- verifyFoodTypeList -->
  <testcase classname="com.menumitratCommonAPITestScript.OutletTypeTestScript" name="verifyOutletType" time="0.0">
    <skipped/>
  </testcase> <!-- verifyOutletType -->
  <testcase classname="com.menumitratCommonAPITestScript.InventoryDeleteTestScript" name="deleteInventory" time="0.0">
    <skipped/>
  </testcase> <!-- deleteInventory -->
  <testcase classname="com.menumitratCommonAPITestScript.InventoryDeleteTestScript" name="deleteInventoryNegative" time="0.001">
    <skipped/>
  </testcase> <!-- deleteInventoryNegative -->
  <testcase classname="com.menumitratCommonAPITestScript.InventoryDeleteTestScript" name="deleteInventoryNegative" time="0.0">
    <skipped/>
  </testcase> <!-- deleteInventoryNegative -->
  <testcase classname="com.menumitratCommonAPITestScript.InventoryUpdateTestScript" name="updateInventory" time="0.0">
    <skipped/>
  </testcase> <!-- updateInventory -->
  <testcase classname="com.menumitratCommonAPITestScript.supplierViewTestScript" name="supplierViewNegativeTest" time="0.001">
    <skipped/>
  </testcase> <!-- supplierViewNegativeTest -->
  <testcase classname="com.menumitratCommonAPITestScript.supplierViewTestScript" name="supplierViewNegativeTest" time="0.001">
    <skipped/>
  </testcase> <!-- supplierViewNegativeTest -->
  <testcase classname="com.menumitratCommonAPITestScript.supplierViewTestScript" name="verifySupplierView" time="0.001">
    <skipped/>
  </testcase> <!-- verifySupplierView -->
  <testcase classname="com.menumitratCommonAPITestScript.InventoryViewTestScript" name="verifyInventoryView" time="0.001">
    <skipped/>
  </testcase> <!-- verifyInventoryView -->
  <testcase classname="com.menumitratCommonAPITestScript.MenuCategoryListViewTestScript" name="menuCategoryListViewNegativeTest" time="0.001">
    <skipped/>
  </testcase> <!-- menuCategoryListViewNegativeTest -->
  <testcase classname="com.menumitratCommonAPITestScript.MenuCategoryListViewTestScript" name="verifyMenuCategoryListView" time="0.0">
    <skipped/>
  </testcase> <!-- verifyMenuCategoryListView -->
  <testcase classname="com.menumitratCommonAPITestScript.TableListTestScript" name="verifyTableListView" time="0.001"/>
  <testcase classname="com.menumitratCommonAPITestScript.GetAvailableTablesTestScript" name="getAvailableTablesTest" time="0.001">
    <skipped/>
  </testcase> <!-- getAvailableTablesTest -->
  <testcase classname="com.menumitratCommonAPITestScript.SupplierDeleteTestScript" name="supplierDeleteNegativeTest" time="0.0">
    <skipped/>
  </testcase> <!-- supplierDeleteNegativeTest -->
  <testcase classname="com.menumitratCommonAPITestScript.SupplierDeleteTestScript" name="supplierDeleteNegativeTest" time="0.001">
    <skipped/>
  </testcase> <!-- supplierDeleteNegativeTest -->
  <testcase classname="com.menumitratCommonAPITestScript.SupplierDeleteTestScript" name="testSupplierDelete" time="0.0">
    <skipped/>
  </testcase> <!-- testSupplierDelete -->
  <testcase classname="com.menumitratCommonAPITestScript.UpdateOutletTestScript" name="verifyUpdateOutlet" time="0.001">
    <skipped/>
  </testcase> <!-- verifyUpdateOutlet -->
  <testcase classname="com.menumitratCommonAPITestScript.UpdateOrderTestScript" name="updateDineInOrder" time="0.001">
    <skipped/>
  </testcase> <!-- updateDineInOrder -->
  <testcase classname="com.menumitratCommonAPITestScript.UpdateOrderTestScript" name="updateDeliveryOrder" time="0.0">
    <skipped/>
  </testcase> <!-- updateDeliveryOrder -->
  <testcase classname="com.menumitratCommonAPITestScript.UpdateOrderTestScript" name="updateParcelOrder" time="0.001">
    <skipped/>
  </testcase> <!-- updateParcelOrder -->
  <testcase classname="com.menumitratCommonAPITestScript.UpdateOrderTestScript" name="updateDriveThroughOrder" time="0.002">
    <skipped/>
  </testcase> <!-- updateDriveThroughOrder -->
  <testcase classname="com.menumitratCommonAPITestScript.UpdateOrderTestScript" name="updateCounterOrder" time="0.001">
    <skipped/>
  </testcase> <!-- updateCounterOrder -->
  <testcase classname="com.menumitratCommonAPITestScript.MenuCategoryCreateTestScript" name="createMenuCategoryUsingValidInputData" time="0.0">
    <skipped/>
  </testcase> <!-- createMenuCategoryUsingValidInputData -->
  <testcase classname="com.menumitratCommonAPITestScript.MenuCategoryCreateTestScript" name="menuCategoryCreateNegativeTest" time="0.001">
    <skipped/>
  </testcase> <!-- menuCategoryCreateNegativeTest -->
  <testcase classname="com.menumitratCommonAPITestScript.MenuCategoryCreateTestScript" name="menuCategoryCreateNegativeTest" time="0.0">
    <skipped/>
  </testcase> <!-- menuCategoryCreateNegativeTest -->
  <testcase classname="com.menumitratCommonAPITestScript.StaffUpdateTestScript" name="updateStaff" time="0.0">
    <skipped/>
  </testcase> <!-- updateStaff -->
  <testcase classname="com.menumitratCommonAPITestScript.GetTemplates" name="verifyTemplates" time="0.001">
    <skipped/>
  </testcase> <!-- verifyTemplates -->
  <testcase classname="com.menumitratCommonAPITestScript.SplitTableTestScript" name="splitTable" time="0.0">
    <skipped/>
  </testcase> <!-- splitTable -->
  <testcase classname="com.menumitratCommonAPITestScript.UnSplitTableTestScript" name="unsplitTable" time="0.0">
    <skipped/>
  </testcase> <!-- unsplitTable -->
  <testcase classname="com.menumitratCommonAPITestScript.OrderPaymentSettleTestScript" name="orderPaymentSettle" time="0.001">
    <skipped/>
  </testcase> <!-- orderPaymentSettle -->
  <testcase classname="com.menumitratCommonAPITestScript.StaffListViewTestScript" name="staffListViewTest" time="0.0">
    <skipped/>
  </testcase> <!-- staffListViewTest -->
  <testcase classname="com.menumitratCommonAPITestScript.UbacFuctionalityCreateTestScript" name="ubacCreateTest" time="0.0">
    <skipped/>
  </testcase> <!-- ubacCreateTest -->
  <testcase classname="com.menumitratCommonAPITestScript.UbacFuctionalityViewTestScript" name="ubacViewTest" time="0.001">
    <skipped/>
  </testcase> <!-- ubacViewTest -->
  <testcase classname="com.menumitratCommonAPITestScript.UdhariLedgerTestScript" name="udhariLedgerTest" time="0.001">
    <skipped/>
  </testcase> <!-- udhariLedgerTest -->
  <testcase classname="com.menumitratCommonAPITestScript.UdhariLedgerUpdateTestScript" name="udhariLedgerUpdateTest" time="0.099">
    <failure type="com.menumitra.utilityclass.customException" message="Error in Udhari Ledger Update test: Status code mismatch - Expected: 200, Actual: 401, Response Body: {&amp;quot;detail&amp;quot;:&amp;quot;Error with token: Not enough segments&amp;quot;}">
      <![CDATA[com.menumitra.utilityclass.customException: Error in Udhari Ledger Update test: Status code mismatch - Expected: 200, Actual: 401, Response Body: {"detail":"Error with token: Not enough segments"}
	at com.menumitratCommonAPITestScript.UdhariLedgerUpdateTestScript.udhariLedgerUpdateTest(UdhariLedgerUpdateTestScript.java:247)
... Removed 22 stack frames]]>
    </failure>
  </testcase> <!-- udhariLedgerUpdateTest -->
  <testcase classname="com.menumitratCommonAPITestScript.UdhariLedgerListTestScript" name="udhariLedgerListTest" time="0.0">
    <skipped/>
  </testcase> <!-- udhariLedgerListTest -->
  <testcase classname="com.menumitratCommonAPITestScript.UdhariLedgerViewTestScript" name="udhariLedgerViewTest" time="0.001">
    <skipped/>
  </testcase> <!-- udhariLedgerViewTest -->
  <testcase classname="com.menumitratCommonAPITestScript.WareHouseUpdateTestScript" name="wareHouseUpdateTest" time="0.008">
    <failure type="com.menumitra.utilityclass.customException" message="Error in warehouse update test case: warehouseUpdate_001 - Cannot invoke &amp;quot;String.substring(int, int)&amp;quot; because &amp;quot;this.accessToken&amp;quot; is null">
      <![CDATA[com.menumitra.utilityclass.customException: Error in warehouse update test case: warehouseUpdate_001 - Cannot invoke "String.substring(int, int)" because "this.accessToken" is null
	at com.menumitratCommonAPITestScript.WareHouseUpdateTestScript.wareHouseUpdateTest(WareHouseUpdateTestScript.java:192)
... Removed 22 stack frames]]>
    </failure>
  </testcase> <!-- wareHouseUpdateTest -->
  <testcase classname="com.menumitratCommonAPITestScript.CreateBookingTestScript" name="bookingCreateTest" time="0.0">
    <skipped/>
  </testcase> <!-- bookingCreateTest -->
  <testcase classname="com.menumitratCommonAPITestScript.ListViewBookingTestScript" name="bookingListViewTest" time="0.001">
    <skipped/>
  </testcase> <!-- bookingListViewTest -->
  <testcase classname="com.menumitratCommonAPITestScript.ViewBookingTestScript" name="bookingViewTest" time="0.001">
    <skipped/>
  </testcase> <!-- bookingViewTest -->
</testsuite> <!-- Test -->
