<?xml version="1.0" encoding="UTF-8"?>
<testng-results total="1" passed="0" failed="1" skipped="0">
  <reporter-output>
  </reporter-output>
  <suite started-at="2025-07-04T08:05:05Z" name="Suite" finished-at="2025-07-04T08:05:14Z" duration-ms="9371">
    <groups>
    </groups>
    <test started-at="2025-07-04T08:05:05Z" name="Test" finished-at="2025-07-04T08:05:14Z" duration-ms="9371">
      <class name="com.menumitra.superclass.APIBase">
        <test-method is-config="true" signature="setUp()[pri:0, instance:com.menumitra.superclass.APIBase@2925bf5b]" started-at="2025-07-04T13:35:05Z" name="setUp" finished-at="2025-07-04T13:35:05Z" duration-ms="40" status="PASS">
          <reporter-output>
          </reporter-output>
        </test-method> <!-- setUp -->
        <test-method is-config="true" signature="tearDown()[pri:0, instance:com.menumitra.superclass.APIBase@2925bf5b]" started-at="2025-07-04T13:35:15Z" name="tearDown" finished-at="2025-07-04T13:35:15Z" duration-ms="0" status="PASS">
          <reporter-output>
          </reporter-output>
        </test-method> <!-- tearDown -->
      </class> <!-- com.menumitra.superclass.APIBase -->
      <class name="com.menumitratCommonAPITestScript.OutletListViewTestScript">
        <test-method is-config="true" signature="setup()[pri:0, instance:com.menumitratCommonAPITestScript.OutletListViewTestScript@710f4dc7]" started-at="2025-07-04T13:35:05Z" name="setup" finished-at="2025-07-04T13:35:14Z" duration-ms="8849" status="PASS">
          <reporter-output>
          </reporter-output>
        </test-method> <!-- setup -->
        <test-method signature="outletListView(java.lang.String, java.lang.String, java.lang.String, java.lang.String, java.lang.String, java.lang.String, java.lang.String, java.lang.String)[pri:0, instance:com.menumitratCommonAPITestScript.OutletListViewTestScript@710f4dc7]" started-at="2025-07-04T13:35:14Z" name="outletListView" data-provider="getOutletListViewData" finished-at="2025-07-04T13:35:14Z" duration-ms="164" status="FAIL">
          <params>
            <param index="0">
              <value>
                <![CDATA[outletlistview]]>
              </value>
            </param>
            <param index="1">
              <value>
                <![CDATA[outletlistview_001]]>
              </value>
            </param>
            <param index="2">
              <value>
                <![CDATA[positive]]>
              </value>
            </param>
            <param index="3">
              <value>
                <![CDATA[Verify]]>
              </value>
            </param>
            <param index="4">
              <value>
                <![CDATA[post]]>
              </value>
            </param>
            <param index="5">
              <value>
                <![CDATA[{
  "user_id":136,
"app_source":"admin_app"
}
]]>
              </value>
            </param>
            <param index="6">
              <value>
                <![CDATA[{
  "detail": "Successfully retrieved outlets",
  "data": [
    {
      "outlet_id": 31,
      "outlet_code": "557997",
      "outlet_name": "Rajat Restaurant",
      "mobile": "6264335750",
      "outlet_status": 1,
      "is_open": 1,
      "account_type": "test",
      "owner_count": 1
    },
    {
      "outlet_id": 96,
      "outlet_code": "390450",
      "outlet_name": "Rajat Restro",
      "mobile": "8989898989",
      "outlet_status": 1,
      "is_open": 1,
      "account_type": "test",
      "owner_count": 1
    },
    {
      "outlet_id": 100,
      "outlet_code": "880724",
      "outlet_name": "Rajat Cake Shop",
      "mobile": "8787878787",
      "outlet_status": 1,
      "is_open": 1,
      "account_type": "test",
      "owner_count": 1
    },
    {
      "outlet_id": 247,
      "outlet_code": "705105",
      "outlet_name": "Meat & More Square",
      "mobile": "6127930001",
      "outlet_status": 1,
      "is_open": 1,
      "account_type": "test",
      "owner_count": 1
    }
  ]
}]]>
              </value>
            </param>
            <param index="7">
              <value>
                <![CDATA[200]]>
              </value>
            </param>
          </params>
          <exception class="com.menumitra.utilityclass.customException">
            <message>
              <![CDATA[Error in test case outletlistview_001: Error validating response: Error processing success response: Value mismatch for field 'data']]>
            </message>
            <full-stacktrace>
              <![CDATA[com.menumitra.utilityclass.customException: Error in test case outletlistview_001: Error validating response: Error processing success response: Value mismatch for field 'data'
	at com.menumitratCommonAPITestScript.OutletListViewTestScript.outletListView(OutletListViewTestScript.java:182)
	at java.base/jdk.internal.reflect.DirectMethodHandleAccessor.invoke(DirectMethodHandleAccessor.java:103)
	at java.base/java.lang.reflect.Method.invoke(Method.java:580)
	at org.testng.internal.MethodInvocationHelper.invokeMethod(MethodInvocationHelper.java:86)
	at org.testng.internal.Invoker.invokeMethod(Invoker.java:643)
	at org.testng.internal.Invoker.invokeTestMethod(Invoker.java:820)
	at org.testng.internal.Invoker.invokeTestMethods(Invoker.java:1128)
	at org.testng.internal.TestMethodWorker.invokeTestMethods(TestMethodWorker.java:129)
	at org.testng.internal.TestMethodWorker.run(TestMethodWorker.java:112)
	at org.testng.TestRunner.privateRun(TestRunner.java:782)
	at org.testng.TestRunner.run(TestRunner.java:632)
	at org.testng.SuiteRunner.runTest(SuiteRunner.java:366)
	at org.testng.SuiteRunner.runSequentially(SuiteRunner.java:361)
	at org.testng.SuiteRunner.privateRun(SuiteRunner.java:319)
	at org.testng.SuiteRunner.run(SuiteRunner.java:268)
	at org.testng.SuiteRunnerWorker.runSuite(SuiteRunnerWorker.java:52)
	at org.testng.SuiteRunnerWorker.run(SuiteRunnerWorker.java:86)
	at org.testng.TestNG.runSuitesSequentially(TestNG.java:1244)
	at org.testng.TestNG.runSuitesLocally(TestNG.java:1169)
	at org.testng.TestNG.run(TestNG.java:1064)
	at org.testng.remote.AbstractRemoteTestNG.run(AbstractRemoteTestNG.java:115)
	at org.testng.remote.RemoteTestNG.initAndRun(RemoteTestNG.java:293)
	at org.testng.remote.RemoteTestNG.main(RemoteTestNG.java:91)
]]>
            </full-stacktrace>
          </exception> <!-- com.menumitra.utilityclass.customException -->
          <reporter-output>
          </reporter-output>
        </test-method> <!-- outletListView -->
      </class> <!-- com.menumitratCommonAPITestScript.OutletListViewTestScript -->
    </test> <!-- Test -->
  </suite> <!-- Suite -->
</testng-results>
