<?xml version="1.0" encoding="UTF-8"?>
<testng-results total="2" passed="1" failed="1" skipped="0">
  <reporter-output>
  </reporter-output>
  <suite started-at="2025-07-02T18:50:12Z" name="Suite" finished-at="2025-07-02T18:50:27Z" duration-ms="14935">
    <groups>
    </groups>
    <test started-at="2025-07-02T18:50:12Z" name="Test" finished-at="2025-07-02T18:50:27Z" duration-ms="14935">
      <class name="com.menumitratCommonAPITestScript.OutletMultipleTestScript">
        <test-method is-config="true" signature="outletMultipleSetUp()[pri:0, instance:com.menumitratCommonAPITestScript.OutletMultipleTestScript@55b0dcab]" started-at="2025-07-03T00:20:13Z" name="outletMultipleSetUp" finished-at="2025-07-03T00:20:16Z" duration-ms="3828" status="PASS">
          <reporter-output>
          </reporter-output>
        </test-method> <!-- outletMultipleSetUp -->
        <test-method signature="createMultipleOutletsTest()[pri:0, instance:com.menumitratCommonAPITestScript.OutletMultipleTestScript@55b0dcab]" started-at="2025-07-03T00:20:16Z" name="createMultipleOutletsTest" finished-at="2025-07-03T00:20:27Z" duration-ms="10611" status="FAIL">
          <exception class="com.menumitra.utilityclass.customException">
            <message>
              <![CDATA[Error in creating multiple outlets: Created 5 out of 20 outlets successfully - Some outlets failed to create]]>
            </message>
            <full-stacktrace>
              <![CDATA[com.menumitra.utilityclass.customException: Error in creating multiple outlets: Created 5 out of 20 outlets successfully - Some outlets failed to create
	at com.menumitratCommonAPITestScript.OutletMultipleTestScript.createMultipleOutletsTest(OutletMultipleTestScript.java:318)
	at java.base/jdk.internal.reflect.DirectMethodHandleAccessor.invoke(DirectMethodHandleAccessor.java:103)
	at java.base/java.lang.reflect.Method.invoke(Method.java:580)
	at org.testng.internal.MethodInvocationHelper.invokeMethod(MethodInvocationHelper.java:86)
	at org.testng.internal.Invoker.invokeMethod(Invoker.java:643)
	at org.testng.internal.Invoker.invokeTestMethod(Invoker.java:820)
	at org.testng.internal.Invoker.invokeTestMethods(Invoker.java:1128)
	at org.testng.internal.TestMethodWorker.invokeTestMethods(TestMethodWorker.java:129)
	at org.testng.internal.TestMethodWorker.run(TestMethodWorker.java:112)
	at org.testng.TestRunner.privateRun(TestRunner.java:782)
	at org.testng.TestRunner.run(TestRunner.java:632)
	at org.testng.SuiteRunner.runTest(SuiteRunner.java:366)
	at org.testng.SuiteRunner.runSequentially(SuiteRunner.java:361)
	at org.testng.SuiteRunner.privateRun(SuiteRunner.java:319)
	at org.testng.SuiteRunner.run(SuiteRunner.java:268)
	at org.testng.SuiteRunnerWorker.runSuite(SuiteRunnerWorker.java:52)
	at org.testng.SuiteRunnerWorker.run(SuiteRunnerWorker.java:86)
	at org.testng.TestNG.runSuitesSequentially(TestNG.java:1244)
	at org.testng.TestNG.runSuitesLocally(TestNG.java:1169)
	at org.testng.TestNG.run(TestNG.java:1064)
	at org.testng.remote.AbstractRemoteTestNG.run(AbstractRemoteTestNG.java:115)
	at org.testng.remote.RemoteTestNG.initAndRun(RemoteTestNG.java:293)
	at org.testng.remote.RemoteTestNG.main(RemoteTestNG.java:91)
]]>
            </full-stacktrace>
          </exception> <!-- com.menumitra.utilityclass.customException -->
          <reporter-output>
          </reporter-output>
        </test-method> <!-- createMultipleOutletsTest -->
        <test-method signature="outletMultipleTest(java.lang.String, java.lang.String, java.lang.String, java.lang.String, java.lang.String, java.lang.String, java.lang.String, java.lang.String)[pri:0, instance:com.menumitratCommonAPITestScript.OutletMultipleTestScript@55b0dcab]" started-at="2025-07-03T00:20:27Z" name="outletMultipleTest" data-provider="getOutletMultipleData" finished-at="2025-07-03T00:20:27Z" duration-ms="97" status="PASS">
          <params>
            <param index="0">
              <value>
                <![CDATA[outletmultiple]]>
              </value>
            </param>
            <param index="1">
              <value>
                <![CDATA[outletmultiple_001]]>
              </value>
            </param>
            <param index="2">
              <value>
                <![CDATA[positive]]>
              </value>
            </param>
            <param index="3">
              <value>
                <![CDATA[Verify]]>
              </value>
            </param>
            <param index="4">
              <value>
                <![CDATA[post]]>
              </value>
            </param>
            <param index="5">
              <value>
                <![CDATA[{
  "owner_ids": [136],
  "user_id": "1",
  "name": "xyz outlet cake",
  "mobile": "7898789877",
  "address": "pune",
  "outlet_type": "hotel",
  "outlet_mode": "online",
  "veg_nonveg": "veg",
  "upi_id":"aaaa@okhdfcbank",
  "app_type":"pos"
}]]>
              </value>
            </param>
            <param index="6">
              <value>
                <![CDATA[{
  "detail": "Outlet created successfully with Section and 5 Tables",
  "data": {
    "image_url": null
  }
}]]>
              </value>
            </param>
            <param index="7">
              <value>
                <![CDATA[200]]>
              </value>
            </param>
          </params>
          <reporter-output>
          </reporter-output>
        </test-method> <!-- outletMultipleTest -->
      </class> <!-- com.menumitratCommonAPITestScript.OutletMultipleTestScript -->
      <class name="com.menumitra.superclass.APIBase">
        <test-method is-config="true" signature="setUp()[pri:0, instance:com.menumitra.superclass.APIBase@131ef10]" started-at="2025-07-03T00:20:12Z" name="setUp" finished-at="2025-07-03T00:20:12Z" duration-ms="63" status="PASS">
          <reporter-output>
          </reporter-output>
        </test-method> <!-- setUp -->
        <test-method is-config="true" signature="tearDown()[pri:0, instance:com.menumitra.superclass.APIBase@131ef10]" started-at="2025-07-03T00:20:28Z" name="tearDown" finished-at="2025-07-03T00:20:28Z" duration-ms="0" status="PASS">
          <reporter-output>
          </reporter-output>
        </test-method> <!-- tearDown -->
      </class> <!-- com.menumitra.superclass.APIBase -->
    </test> <!-- Test -->
  </suite> <!-- Suite -->
</testng-results>
