<?xml version="1.0" encoding="UTF-8"?>
<testng-results ignored="0" total="0" passed="0" failed="0" skipped="0">
  <reporter-output>
  </reporter-output>
  <suite started-at="2025-05-28T06:15:43 IST" name="Suite" finished-at="2025-05-28T06:15:45 IST" duration-ms="1702">
    <groups>
    </groups>
    <test started-at="2025-05-28T06:15:43 IST" name="Test" finished-at="2025-05-28T06:15:45 IST" duration-ms="1702">
      <class name="com.menumitra.superclass.APIBase">
        <test-method is-config="true" signature="setUp()[pri:0, instance:com.menumitra.superclass.APIBase@279fedbd]" started-at="2025-05-28T06:15:43 IST" name="setUp" finished-at="2025-05-28T06:15:43 IST" duration-ms="70" status="PASS">
          <reporter-output>
          </reporter-output>
        </test-method> <!-- setUp -->
        <test-method is-config="true" signature="tearDown()[pri:0, instance:com.menumitra.superclass.APIBase@279fedbd]" started-at="2025-05-28T06:15:45 IST" name="tearDown" finished-at="2025-05-28T06:15:45 IST" duration-ms="1" status="PASS">
          <reporter-output>
          </reporter-output>
        </test-method> <!-- tearDown -->
      </class> <!-- com.menumitra.superclass.APIBase -->
      <class name="com.menumitratCommonAPITestScript.UdhariLedgerCreateTestScript">
        <test-method is-config="true" signature="udhariLedgerSetUp()[pri:0, instance:com.menumitratCommonAPITestScript.UdhariLedgerCreateTestScript@3f6b0be5]" started-at="2025-05-28T06:15:44 IST" name="udhariLedgerSetUp" finished-at="2025-05-28T06:15:45 IST" duration-ms="1100" status="FAIL">
          <exception class="com.menumitra.utilityclass.customException">
            <message>
              <![CDATA[Failed to set up Udhari Ledger test: Cannot invoke "java.util.Properties.getProperty(String)" because "this.property" is null]]>
            </message>
            <full-stacktrace>
              <![CDATA[com.menumitra.utilityclass.customException: Failed to set up Udhari Ledger test: Cannot invoke "java.util.Properties.getProperty(String)" because "this.property" is null
at com.menumitratCommonAPITestScript.UdhariLedgerCreateTestScript.udhariLedgerSetUp(UdhariLedgerCreateTestScript.java:141)
at java.base/jdk.internal.reflect.DirectMethodHandleAccessor.invoke(DirectMethodHandleAccessor.java:103)
at java.base/java.lang.reflect.Method.invoke(Method.java:580)
at org.testng.internal.invokers.MethodInvocationHelper.invokeMethod(MethodInvocationHelper.java:139)
at org.testng.internal.invokers.MethodInvocationHelper.invokeMethodConsideringTimeout(MethodInvocationHelper.java:69)
at org.testng.internal.invokers.ConfigInvoker.invokeConfigurationMethod(ConfigInvoker.java:390)
at org.testng.internal.invokers.ConfigInvoker.invokeConfigurations(ConfigInvoker.java:325)
at org.testng.internal.invokers.TestMethodWorker.invokeBeforeClassMethods(TestMethodWorker.java:180)
at org.testng.internal.invokers.TestMethodWorker.run(TestMethodWorker.java:122)
at java.base/java.util.ArrayList.forEach(ArrayList.java:1596)
at org.testng.TestRunner.privateRun(TestRunner.java:848)
at org.testng.TestRunner.run(TestRunner.java:621)
at org.testng.SuiteRunner.runTest(SuiteRunner.java:443)
at org.testng.SuiteRunner.runSequentially(SuiteRunner.java:437)
at org.testng.SuiteRunner.privateRun(SuiteRunner.java:397)
at org.testng.SuiteRunner.run(SuiteRunner.java:336)
at org.testng.SuiteRunnerWorker.runSuite(SuiteRunnerWorker.java:52)
at org.testng.SuiteRunnerWorker.run(SuiteRunnerWorker.java:95)
at org.testng.TestNG.runSuitesSequentially(TestNG.java:1280)
at org.testng.TestNG.runSuitesLocally(TestNG.java:1200)
at org.testng.TestNG.runSuites(TestNG.java:1114)
at org.testng.TestNG.run(TestNG.java:1082)
at org.testng.remote.AbstractRemoteTestNG.run(AbstractRemoteTestNG.java:115)
at org.testng.remote.RemoteTestNG.initAndRun(RemoteTestNG.java:293)
at org.testng.remote.RemoteTestNG.main(RemoteTestNG.java:91)
]]>
            </full-stacktrace>
          </exception> <!-- com.menumitra.utilityclass.customException -->
          <reporter-output>
          </reporter-output>
        </test-method> <!-- udhariLedgerSetUp -->
      </class> <!-- com.menumitratCommonAPITestScript.UdhariLedgerCreateTestScript -->
    </test> <!-- Test -->
  </suite> <!-- Suite -->
</testng-results>
