<?xml version="1.0" encoding="UTF-8"?>
<testng-results total="202" passed="34" failed="32" skipped="136">
  <reporter-output>
  </reporter-output>
  <suite started-at="2025-06-26T09:54:24Z" name="Suite" finished-at="2025-06-26T09:55:27Z" duration-ms="63575">
    <groups>
    </groups>
    <test started-at="2025-06-26T09:54:24Z" name="Test" finished-at="2025-06-26T09:55:27Z" duration-ms="63575">
      <class name="com.menumitratCommonAPITestScript.verifyOTPTestScript">
        <test-method is-config="true" signature="setup()[pri:0, instance:com.menumitratCommonAPITestScript.verifyOTPTestScript@1da2cb77]" started-at="2025-06-26T15:24:54Z" name="setup" finished-at="2025-06-26T15:24:54Z" duration-ms="71" status="PASS">
          <reporter-output>
          </reporter-output>
        </test-method> <!-- setup -->
        <test-method signature="verifyOTPAPiUsingValidInputData(java.lang.String, java.lang.String, java.lang.String, java.lang.String, java.lang.String, java.lang.String, java.lang.String, java.lang.String)[pri:1, instance:com.menumitratCommonAPITestScript.verifyOTPTestScript@1da2cb77]" started-at="2025-06-26T15:24:54Z" name="verifyOTPAPiUsingValidInputData" data-provider="getPositiveInputData" finished-at="2025-06-26T15:24:54Z" duration-ms="64" status="PASS">
          <params>
            <param index="0">
              <value>
                <![CDATA[verifyotp]]>
              </value>
            </param>
            <param index="1">
              <value>
                <![CDATA[verifyotp_001]]>
              </value>
            </param>
            <param index="2">
              <value>
                <![CDATA[positive]]>
              </value>
            </param>
            <param index="3">
              <value>
                <![CDATA[Verify OTP with valid data]]>
              </value>
            </param>
            <param index="4">
              <value>
                <![CDATA[post]]>
              </value>
            </param>
            <param index="5">
              <value>
                <![CDATA[{ "mobile": "6264335759", "otp": "1234", "fcm_token": "4578963547892", "device_id": "8974561234", "device_model": "Laptop 122" }]]>
              </value>
            </param>
            <param index="6">
              <value>
                <![CDATA[{
    "user_id": 2,
    "name": "Heena",
    "role": "owner",
    "access_token": "eyJhbGciOiJIUzI1NiIsInR5cCI6IkpXVCJ9.eyJzdWIiOiIyIiwiZXhwIjoxNzQ2NTMxOTEyLCJpYXQiOjE3NDU5MjcxMTIsImp0aSI6Ijc5NzRmYzkwLTY1MDAtNGQ2OS1iMWRmLWQwNmIzOWFiNGZiZSIsInJvbGUiOiJvd25lciIsImRldmljZSI6Ijg5NzQ1NjEyMzR8TGFwdG9wIDEyMiJ9.bQ2RYiEhNDHHW6ZAx3CqKkLu3QVdAyIm6Qz49eE9BCA",
    "expires_at": "06 May 2025"
}]]>
              </value>
            </param>
            <param index="7">
              <value>
                <![CDATA[200]]>
              </value>
            </param>
          </params>
          <reporter-output>
          </reporter-output>
        </test-method> <!-- verifyOTPAPiUsingValidInputData -->
      </class> <!-- com.menumitratCommonAPITestScript.verifyOTPTestScript -->
      <class name="com.menumitratCommonAPITestScript.OrderViewTestScript">
        <test-method is-config="true" signature="orderViewSetUp()[pri:0, instance:com.menumitratCommonAPITestScript.OrderViewTestScript@20ccf40b]" started-at="2025-06-26T15:24:50Z" name="orderViewSetUp" finished-at="2025-06-26T15:24:50Z" duration-ms="261" status="PASS">
          <reporter-output>
          </reporter-output>
        </test-method> <!-- orderViewSetUp -->
        <test-method signature="orderViewNegativeTest(java.lang.String, java.lang.String, java.lang.String, java.lang.String, java.lang.String, java.lang.String, java.lang.String, java.lang.String)[pri:0, instance:com.menumitratCommonAPITestScript.OrderViewTestScript@20ccf40b]" started-at="2025-06-26T15:24:50Z" name="orderViewNegativeTest" data-provider="getOrderViewNegativeData" finished-at="2025-06-26T15:24:50Z" duration-ms="52" status="PASS">
          <params>
            <param index="0">
              <value>
                <![CDATA[orderview]]>
              </value>
            </param>
            <param index="1">
              <value>
                <![CDATA[orderview_002]]>
              </value>
            </param>
            <param index="2">
              <value>
                <![CDATA[negative]]>
              </value>
            </param>
            <param index="3">
              <value>
                <![CDATA[Verify order view using invorrect order id]]>
              </value>
            </param>
            <param index="4">
              <value>
                <![CDATA[post]]>
              </value>
            </param>
            <param index="5">
              <value>
                <![CDATA[{
    "outlet_id":"1",
    "order_id": "10101",
    "order_number": "29"
}]]>
              </value>
            </param>
            <param index="6">
              <value>
                <![CDATA[]]>
              </value>
            </param>
            <param index="7">
              <value>
                <![CDATA[404]]>
              </value>
            </param>
          </params>
          <reporter-output>
          </reporter-output>
        </test-method> <!-- orderViewNegativeTest -->
        <test-method signature="orderViewNegativeTest(java.lang.String, java.lang.String, java.lang.String, java.lang.String, java.lang.String, java.lang.String, java.lang.String, java.lang.String)[pri:0, instance:com.menumitratCommonAPITestScript.OrderViewTestScript@20ccf40b]" started-at="2025-06-26T15:24:50Z" name="orderViewNegativeTest" data-provider="getOrderViewNegativeData" finished-at="2025-06-26T15:24:50Z" duration-ms="59" status="PASS">
          <params>
            <param index="0">
              <value>
                <![CDATA[orderview]]>
              </value>
            </param>
            <param index="1">
              <value>
                <![CDATA[orderview_002]]>
              </value>
            </param>
            <param index="2">
              <value>
                <![CDATA[negative]]>
              </value>
            </param>
            <param index="3">
              <value>
                <![CDATA[Verify order view using incorrect order number]]>
              </value>
            </param>
            <param index="4">
              <value>
                <![CDATA[post]]>
              </value>
            </param>
            <param index="5">
              <value>
                <![CDATA[{
    "outlet_id":"1",
    "order_id": "29",
    "order_number": "887"
}]]>
              </value>
            </param>
            <param index="6">
              <value>
                <![CDATA[]]>
              </value>
            </param>
            <param index="7">
              <value>
                <![CDATA[404]]>
              </value>
            </param>
          </params>
          <reporter-output>
          </reporter-output>
        </test-method> <!-- orderViewNegativeTest -->
        <test-method signature="orderViewTest(java.lang.String, java.lang.String, java.lang.String, java.lang.String, java.lang.String, java.lang.String, java.lang.String, java.lang.String)[pri:0, instance:com.menumitratCommonAPITestScript.OrderViewTestScript@20ccf40b]" started-at="2025-06-26T15:24:50Z" name="orderViewTest" data-provider="getOrderViewData" finished-at="2025-06-26T15:24:50Z" duration-ms="83" status="FAIL">
          <params>
            <param index="0">
              <value>
                <![CDATA[orderview]]>
              </value>
            </param>
            <param index="1">
              <value>
                <![CDATA[orderview_001]]>
              </value>
            </param>
            <param index="2">
              <value>
                <![CDATA[positive]]>
              </value>
            </param>
            <param index="3">
              <value>
                <![CDATA[Verify order view]]>
              </value>
            </param>
            <param index="4">
              <value>
                <![CDATA[post]]>
              </value>
            </param>
            <param index="5">
              <value>
                <![CDATA[{
    "outlet_id":"1",
    "order_id": "29",
    "order_number": "29"
}]]>
              </value>
            </param>
            <param index="6">
              <value>
                <![CDATA[]]>
              </value>
            </param>
            <param index="7">
              <value>
                <![CDATA[200]]>
              </value>
            </param>
          </params>
          <exception class="com.menumitra.utilityclass.customException">
            <message>
              <![CDATA[Error in order view test: Status code mismatch - Expected: 200, Actual: 400]]>
            </message>
            <full-stacktrace>
              <![CDATA[com.menumitra.utilityclass.customException: Error in order view test: Status code mismatch - Expected: 200, Actual: 400
	at com.menumitratCommonAPITestScript.OrderViewTestScript.orderViewTest(OrderViewTestScript.java:222)
	at java.base/jdk.internal.reflect.DirectMethodHandleAccessor.invoke(DirectMethodHandleAccessor.java:103)
	at java.base/java.lang.reflect.Method.invoke(Method.java:580)
	at org.testng.internal.MethodInvocationHelper.invokeMethod(MethodInvocationHelper.java:86)
	at org.testng.internal.Invoker.invokeMethod(Invoker.java:643)
	at org.testng.internal.Invoker.invokeTestMethod(Invoker.java:820)
	at org.testng.internal.Invoker.invokeTestMethods(Invoker.java:1128)
	at org.testng.internal.TestMethodWorker.invokeTestMethods(TestMethodWorker.java:129)
	at org.testng.internal.TestMethodWorker.run(TestMethodWorker.java:112)
	at org.testng.TestRunner.privateRun(TestRunner.java:782)
	at org.testng.TestRunner.run(TestRunner.java:632)
	at org.testng.SuiteRunner.runTest(SuiteRunner.java:366)
	at org.testng.SuiteRunner.runSequentially(SuiteRunner.java:361)
	at org.testng.SuiteRunner.privateRun(SuiteRunner.java:319)
	at org.testng.SuiteRunner.run(SuiteRunner.java:268)
	at org.testng.SuiteRunnerWorker.runSuite(SuiteRunnerWorker.java:52)
	at org.testng.SuiteRunnerWorker.run(SuiteRunnerWorker.java:86)
	at org.testng.TestNG.runSuitesSequentially(TestNG.java:1244)
	at org.testng.TestNG.runSuitesLocally(TestNG.java:1169)
	at org.testng.TestNG.run(TestNG.java:1064)
	at org.testng.remote.AbstractRemoteTestNG.run(AbstractRemoteTestNG.java:115)
	at org.testng.remote.RemoteTestNG.initAndRun(RemoteTestNG.java:293)
	at org.testng.remote.RemoteTestNG.main(RemoteTestNG.java:91)
]]>
            </full-stacktrace>
          </exception> <!-- com.menumitra.utilityclass.customException -->
          <reporter-output>
          </reporter-output>
        </test-method> <!-- orderViewTest -->
      </class> <!-- com.menumitratCommonAPITestScript.OrderViewTestScript -->
      <class name="com.menumitratCommonAPITestScript.ChefDeleteTestScript">
        <test-method is-config="true" signature="setup()[pri:0, instance:com.menumitratCommonAPITestScript.ChefDeleteTestScript@56cdfb3b]" started-at="2025-06-26T15:24:49Z" name="setup" finished-at="2025-06-26T15:24:49Z" duration-ms="184" status="PASS">
          <reporter-output>
          </reporter-output>
        </test-method> <!-- setup -->
        <test-method signature="deleteChef(java.lang.String, java.lang.String, java.lang.String, java.lang.String, java.lang.String, java.lang.String, java.lang.String, java.lang.String)[pri:0, instance:com.menumitratCommonAPITestScript.ChefDeleteTestScript@56cdfb3b]" started-at="2025-06-26T15:24:49Z" name="deleteChef" data-provider="getChefDeleteData" finished-at="2025-06-26T15:24:50Z" duration-ms="251" status="FAIL">
          <params>
            <param index="0">
              <value>
                <![CDATA[chefdelete]]>
              </value>
            </param>
            <param index="1">
              <value>
                <![CDATA[chefdelete_001]]>
              </value>
            </param>
            <param index="2">
              <value>
                <![CDATA[positive]]>
              </value>
            </param>
            <param index="3">
              <value>
                <![CDATA[verify chef delete]]>
              </value>
            </param>
            <param index="4">
              <value>
                <![CDATA[delete]]>
              </value>
            </param>
            <param index="5">
              <value>
                <![CDATA[{
 "update_user_id":2,
 "user_id":14,
 "outlet_id":1,
 "app_source":"owner_app"

}]]>
              </value>
            </param>
            <param index="6">
              <value>
                <![CDATA[{
  "detail": "Chef deleted successfully"
}]]>
              </value>
            </param>
            <param index="7">
              <value>
                <![CDATA[200]]>
              </value>
            </param>
          </params>
          <exception class="com.menumitra.utilityclass.customException">
            <message>
              <![CDATA[Test execution failed: Status code validation failed - Expected: 200, Actual: 404]]>
            </message>
            <full-stacktrace>
              <![CDATA[com.menumitra.utilityclass.customException: Test execution failed: Status code validation failed - Expected: 200, Actual: 404
	at com.menumitratCommonAPITestScript.ChefDeleteTestScript.deleteChef(ChefDeleteTestScript.java:236)
	at java.base/jdk.internal.reflect.DirectMethodHandleAccessor.invoke(DirectMethodHandleAccessor.java:103)
	at java.base/java.lang.reflect.Method.invoke(Method.java:580)
	at org.testng.internal.MethodInvocationHelper.invokeMethod(MethodInvocationHelper.java:86)
	at org.testng.internal.Invoker.invokeMethod(Invoker.java:643)
	at org.testng.internal.Invoker.invokeTestMethod(Invoker.java:820)
	at org.testng.internal.Invoker.invokeTestMethods(Invoker.java:1128)
	at org.testng.internal.TestMethodWorker.invokeTestMethods(TestMethodWorker.java:129)
	at org.testng.internal.TestMethodWorker.run(TestMethodWorker.java:112)
	at org.testng.TestRunner.privateRun(TestRunner.java:782)
	at org.testng.TestRunner.run(TestRunner.java:632)
	at org.testng.SuiteRunner.runTest(SuiteRunner.java:366)
	at org.testng.SuiteRunner.runSequentially(SuiteRunner.java:361)
	at org.testng.SuiteRunner.privateRun(SuiteRunner.java:319)
	at org.testng.SuiteRunner.run(SuiteRunner.java:268)
	at org.testng.SuiteRunnerWorker.runSuite(SuiteRunnerWorker.java:52)
	at org.testng.SuiteRunnerWorker.run(SuiteRunnerWorker.java:86)
	at org.testng.TestNG.runSuitesSequentially(TestNG.java:1244)
	at org.testng.TestNG.runSuitesLocally(TestNG.java:1169)
	at org.testng.TestNG.run(TestNG.java:1064)
	at org.testng.remote.AbstractRemoteTestNG.run(AbstractRemoteTestNG.java:115)
	at org.testng.remote.RemoteTestNG.initAndRun(RemoteTestNG.java:293)
	at org.testng.remote.RemoteTestNG.main(RemoteTestNG.java:91)
]]>
            </full-stacktrace>
          </exception> <!-- com.menumitra.utilityclass.customException -->
          <reporter-output>
          </reporter-output>
        </test-method> <!-- deleteChef -->
      </class> <!-- com.menumitratCommonAPITestScript.ChefDeleteTestScript -->
      <class name="com.menumitratCommonAPITestScript.GetStaffListWithRole">
        <test-method is-config="true" signature="getStaffListWithRoleSetUp()[pri:0, instance:com.menumitratCommonAPITestScript.GetStaffListWithRole@3232a28a]" started-at="2025-06-26T15:24:43Z" name="getStaffListWithRoleSetUp" finished-at="2025-06-26T15:24:43Z" duration-ms="316" status="PASS">
          <reporter-output>
          </reporter-output>
        </test-method> <!-- getStaffListWithRoleSetUp -->
        <test-method signature="getStaffListWithRoleTest(java.lang.String, java.lang.String, java.lang.String, java.lang.String, java.lang.String, java.lang.String, java.lang.String, java.lang.String)[pri:0, instance:com.menumitratCommonAPITestScript.GetStaffListWithRole@3232a28a]" started-at="2025-06-26T15:24:43Z" name="getStaffListWithRoleTest" data-provider="getStaffListWithRoleData" finished-at="2025-06-26T15:24:43Z" duration-ms="82" status="FAIL">
          <params>
            <param index="0">
              <value>
                <![CDATA[getstafflistwithrole]]>
              </value>
            </param>
            <param index="1">
              <value>
                <![CDATA[getstafflistwithrole_001]]>
              </value>
            </param>
            <param index="2">
              <value>
                <![CDATA[positive]]>
              </value>
            </param>
            <param index="3">
              <value>
                <![CDATA[Verify get staff list with role]]>
              </value>
            </param>
            <param index="4">
              <value>
                <![CDATA[post]]>
              </value>
            </param>
            <param index="5">
              <value>
                <![CDATA[{
    "outlet_id":1,
    "staff_role":"receptionist"
}]]>
              </value>
            </param>
            <param index="6">
              <value>
                <![CDATA[{
    "lists": [
        {
            "staff_id": 3,
            "name": "Jully",
            "mobile": "9833445579",
            "role": "receptionist",
            "photo": null
        }
    ]
}]]>
              </value>
            </param>
            <param index="7">
              <value>
                <![CDATA[200]]>
              </value>
            </param>
          </params>
          <exception class="com.menumitra.utilityclass.customException">
            <message>
              <![CDATA[Error in staff list with role test: Status code mismatch - Expected: 200, Actual: 400]]>
            </message>
            <full-stacktrace>
              <![CDATA[com.menumitra.utilityclass.customException: Error in staff list with role test: Status code mismatch - Expected: 200, Actual: 400
	at com.menumitratCommonAPITestScript.GetStaffListWithRole.getStaffListWithRoleTest(GetStaffListWithRole.java:232)
	at java.base/jdk.internal.reflect.DirectMethodHandleAccessor.invoke(DirectMethodHandleAccessor.java:103)
	at java.base/java.lang.reflect.Method.invoke(Method.java:580)
	at org.testng.internal.MethodInvocationHelper.invokeMethod(MethodInvocationHelper.java:86)
	at org.testng.internal.Invoker.invokeMethod(Invoker.java:643)
	at org.testng.internal.Invoker.invokeTestMethod(Invoker.java:820)
	at org.testng.internal.Invoker.invokeTestMethods(Invoker.java:1128)
	at org.testng.internal.TestMethodWorker.invokeTestMethods(TestMethodWorker.java:129)
	at org.testng.internal.TestMethodWorker.run(TestMethodWorker.java:112)
	at org.testng.TestRunner.privateRun(TestRunner.java:782)
	at org.testng.TestRunner.run(TestRunner.java:632)
	at org.testng.SuiteRunner.runTest(SuiteRunner.java:366)
	at org.testng.SuiteRunner.runSequentially(SuiteRunner.java:361)
	at org.testng.SuiteRunner.privateRun(SuiteRunner.java:319)
	at org.testng.SuiteRunner.run(SuiteRunner.java:268)
	at org.testng.SuiteRunnerWorker.runSuite(SuiteRunnerWorker.java:52)
	at org.testng.SuiteRunnerWorker.run(SuiteRunnerWorker.java:86)
	at org.testng.TestNG.runSuitesSequentially(TestNG.java:1244)
	at org.testng.TestNG.runSuitesLocally(TestNG.java:1169)
	at org.testng.TestNG.run(TestNG.java:1064)
	at org.testng.remote.AbstractRemoteTestNG.run(AbstractRemoteTestNG.java:115)
	at org.testng.remote.RemoteTestNG.initAndRun(RemoteTestNG.java:293)
	at org.testng.remote.RemoteTestNG.main(RemoteTestNG.java:91)
]]>
            </full-stacktrace>
          </exception> <!-- com.menumitra.utilityclass.customException -->
          <reporter-output>
          </reporter-output>
        </test-method> <!-- getStaffListWithRoleTest -->
        <test-method signature="getStaffListWithRoleTest(java.lang.String, java.lang.String, java.lang.String, java.lang.String, java.lang.String, java.lang.String, java.lang.String, java.lang.String)[pri:0, instance:com.menumitratCommonAPITestScript.GetStaffListWithRole@3232a28a]" started-at="2025-06-26T15:24:43Z" name="getStaffListWithRoleTest" data-provider="getStaffListWithRoleData" finished-at="2025-06-26T15:24:43Z" duration-ms="64" status="PASS">
          <params>
            <param index="0">
              <value>
                <![CDATA[getstafflistwithrole]]>
              </value>
            </param>
            <param index="1">
              <value>
                <![CDATA[getstafflistwithrole_001]]>
              </value>
            </param>
            <param index="2">
              <value>
                <![CDATA[positive]]>
              </value>
            </param>
            <param index="3">
              <value>
                <![CDATA[Verify get staff list with role using invalid outlet id]]>
              </value>
            </param>
            <param index="4">
              <value>
                <![CDATA[post]]>
              </value>
            </param>
            <param index="5">
              <value>
                <![CDATA[{
    "outlet_id":"1010",
    "staff_role":"receptionist"
}]]>
              </value>
            </param>
            <param index="6">
              <value>
                <![CDATA[{"detail":"outlet_id does not exist."}]]>
              </value>
            </param>
            <param index="7">
              <value>
                <![CDATA[404]]>
              </value>
            </param>
          </params>
          <reporter-output>
          </reporter-output>
        </test-method> <!-- getStaffListWithRoleTest -->
      </class> <!-- com.menumitratCommonAPITestScript.GetStaffListWithRole -->
      <class name="com.menumitratCommonAPITestScript.OrderListViewCdskdsTestScript">
        <test-method is-config="true" signature="orderListViewCdskdsSetUp()[pri:0, instance:com.menumitratCommonAPITestScript.OrderListViewCdskdsTestScript@e15b7e8]" started-at="2025-06-26T15:25:06Z" name="orderListViewCdskdsSetUp" finished-at="2025-06-26T15:25:06Z" duration-ms="0" status="FAIL">
          <exception class="com.menumitra.utilityclass.customException">
            <message>
              <![CDATA[Error in order list view cdskds setup: Cannot invoke "String.isEmpty()" because "this.accessToken" is null]]>
            </message>
            <full-stacktrace>
              <![CDATA[com.menumitra.utilityclass.customException: Error in order list view cdskds setup: Cannot invoke "String.isEmpty()" because "this.accessToken" is null
	at com.menumitratCommonAPITestScript.OrderListViewCdskdsTestScript.orderListViewCdskdsSetUp(OrderListViewCdskdsTestScript.java:89)
	at java.base/jdk.internal.reflect.DirectMethodHandleAccessor.invoke(DirectMethodHandleAccessor.java:103)
	at java.base/java.lang.reflect.Method.invoke(Method.java:580)
	at org.testng.internal.MethodInvocationHelper.invokeMethod(MethodInvocationHelper.java:86)
	at org.testng.internal.Invoker.invokeConfigurationMethod(Invoker.java:514)
	at org.testng.internal.Invoker.invokeConfigurations(Invoker.java:215)
	at org.testng.internal.Invoker.invokeConfigurations(Invoker.java:142)
	at org.testng.internal.TestMethodWorker.invokeBeforeClassMethods(TestMethodWorker.java:178)
	at org.testng.internal.TestMethodWorker.run(TestMethodWorker.java:108)
	at org.testng.TestRunner.privateRun(TestRunner.java:782)
	at org.testng.TestRunner.run(TestRunner.java:632)
	at org.testng.SuiteRunner.runTest(SuiteRunner.java:366)
	at org.testng.SuiteRunner.runSequentially(SuiteRunner.java:361)
	at org.testng.SuiteRunner.privateRun(SuiteRunner.java:319)
	at org.testng.SuiteRunner.run(SuiteRunner.java:268)
	at org.testng.SuiteRunnerWorker.runSuite(SuiteRunnerWorker.java:52)
	at org.testng.SuiteRunnerWorker.run(SuiteRunnerWorker.java:86)
	at org.testng.TestNG.runSuitesSequentially(TestNG.java:1244)
	at org.testng.TestNG.runSuitesLocally(TestNG.java:1169)
	at org.testng.TestNG.run(TestNG.java:1064)
	at org.testng.remote.AbstractRemoteTestNG.run(AbstractRemoteTestNG.java:115)
	at org.testng.remote.RemoteTestNG.initAndRun(RemoteTestNG.java:293)
	at org.testng.remote.RemoteTestNG.main(RemoteTestNG.java:91)
]]>
            </full-stacktrace>
          </exception> <!-- com.menumitra.utilityclass.customException -->
          <reporter-output>
          </reporter-output>
        </test-method> <!-- orderListViewCdskdsSetUp -->
        <test-method signature="orderListViewCdskdsNegativeTest(java.lang.String, java.lang.String, java.lang.String, java.lang.String, java.lang.String, java.lang.String, java.lang.String, java.lang.String)[pri:0, instance:com.menumitratCommonAPITestScript.OrderListViewCdskdsTestScript@e15b7e8]" started-at="2025-06-26T15:25:06Z" name="orderListViewCdskdsNegativeTest" data-provider="getOrderListViewCdskdsNegativeData" finished-at="2025-06-26T15:25:06Z" duration-ms="1" status="SKIP">
          <params>
            <param index="0">
              <value>
                <![CDATA[orderlistviewcdskds]]>
              </value>
            </param>
            <param index="1">
              <value>
                <![CDATA[orderlistviewcdskds_002]]>
              </value>
            </param>
            <param index="2">
              <value>
                <![CDATA[negative]]>
              </value>
            </param>
            <param index="3">
              <value>
                <![CDATA[Verify order list view Cds kds using special character in outlet]]>
              </value>
            </param>
            <param index="4">
              <value>
                <![CDATA[post]]>
              </value>
            </param>
            <param index="5">
              <value>
                <![CDATA[{
    "outlet_id": "@"
}]]>
              </value>
            </param>
            <param index="6">
              <value>
                <![CDATA[{ "detail": "outlet_id must be a number" }]]>
              </value>
            </param>
            <param index="7">
              <value>
                <![CDATA[400]]>
              </value>
            </param>
          </params>
          <reporter-output>
          </reporter-output>
        </test-method> <!-- orderListViewCdskdsNegativeTest -->
        <test-method signature="orderListViewCdskdsTest(java.lang.String, java.lang.String, java.lang.String, java.lang.String, java.lang.String, java.lang.String, java.lang.String, java.lang.String)[pri:0, instance:com.menumitratCommonAPITestScript.OrderListViewCdskdsTestScript@e15b7e8]" started-at="2025-06-26T15:25:06Z" name="orderListViewCdskdsTest" data-provider="getOrderListViewCdskdsData" finished-at="2025-06-26T15:25:06Z" duration-ms="0" status="SKIP">
          <params>
            <param index="0">
              <value>
                <![CDATA[orderlistviewcdskds]]>
              </value>
            </param>
            <param index="1">
              <value>
                <![CDATA[orderlistviewcdskds_001]]>
              </value>
            </param>
            <param index="2">
              <value>
                <![CDATA[positive]]>
              </value>
            </param>
            <param index="3">
              <value>
                <![CDATA[Verify order list view Cds kds]]>
              </value>
            </param>
            <param index="4">
              <value>
                <![CDATA[post]]>
              </value>
            </param>
            <param index="5">
              <value>
                <![CDATA[{
    "outlet_id": "1"
}]]>
              </value>
            </param>
            <param index="6">
              <value>
                <![CDATA[]]>
              </value>
            </param>
            <param index="7">
              <value>
                <![CDATA[200]]>
              </value>
            </param>
          </params>
          <reporter-output>
          </reporter-output>
        </test-method> <!-- orderListViewCdskdsTest -->
      </class> <!-- com.menumitratCommonAPITestScript.OrderListViewCdskdsTestScript -->
      <class name="com.menumitratCommonAPITestScript.WaiterUpdateTestScript">
        <test-method is-config="true" signature="waiterUpdateSetUp()[pri:0, instance:com.menumitratCommonAPITestScript.WaiterUpdateTestScript@306e95ec]" started-at="2025-06-26T15:25:04Z" name="waiterUpdateSetUp" finished-at="2025-06-26T15:25:04Z" duration-ms="0" status="FAIL">
          <exception class="com.menumitra.utilityclass.customException">
            <message>
              <![CDATA[Error in waiter update setup: Cannot invoke "String.isEmpty()" because "this.accessToken" is null]]>
            </message>
            <full-stacktrace>
              <![CDATA[com.menumitra.utilityclass.customException: Error in waiter update setup: Cannot invoke "String.isEmpty()" because "this.accessToken" is null
	at com.menumitratCommonAPITestScript.WaiterUpdateTestScript.waiterUpdateSetUp(WaiterUpdateTestScript.java:95)
	at java.base/jdk.internal.reflect.DirectMethodHandleAccessor.invoke(DirectMethodHandleAccessor.java:103)
	at java.base/java.lang.reflect.Method.invoke(Method.java:580)
	at org.testng.internal.MethodInvocationHelper.invokeMethod(MethodInvocationHelper.java:86)
	at org.testng.internal.Invoker.invokeConfigurationMethod(Invoker.java:514)
	at org.testng.internal.Invoker.invokeConfigurations(Invoker.java:215)
	at org.testng.internal.Invoker.invokeConfigurations(Invoker.java:142)
	at org.testng.internal.TestMethodWorker.invokeBeforeClassMethods(TestMethodWorker.java:178)
	at org.testng.internal.TestMethodWorker.run(TestMethodWorker.java:108)
	at org.testng.TestRunner.privateRun(TestRunner.java:782)
	at org.testng.TestRunner.run(TestRunner.java:632)
	at org.testng.SuiteRunner.runTest(SuiteRunner.java:366)
	at org.testng.SuiteRunner.runSequentially(SuiteRunner.java:361)
	at org.testng.SuiteRunner.privateRun(SuiteRunner.java:319)
	at org.testng.SuiteRunner.run(SuiteRunner.java:268)
	at org.testng.SuiteRunnerWorker.runSuite(SuiteRunnerWorker.java:52)
	at org.testng.SuiteRunnerWorker.run(SuiteRunnerWorker.java:86)
	at org.testng.TestNG.runSuitesSequentially(TestNG.java:1244)
	at org.testng.TestNG.runSuitesLocally(TestNG.java:1169)
	at org.testng.TestNG.run(TestNG.java:1064)
	at org.testng.remote.AbstractRemoteTestNG.run(AbstractRemoteTestNG.java:115)
	at org.testng.remote.RemoteTestNG.initAndRun(RemoteTestNG.java:293)
	at org.testng.remote.RemoteTestNG.main(RemoteTestNG.java:91)
]]>
            </full-stacktrace>
          </exception> <!-- com.menumitra.utilityclass.customException -->
          <reporter-output>
          </reporter-output>
        </test-method> <!-- waiterUpdateSetUp -->
        <test-method signature="verifyWaiterUpdate(java.lang.String, java.lang.String, java.lang.String, java.lang.String, java.lang.String, java.lang.String, java.lang.String, java.lang.String)[pri:0, instance:com.menumitratCommonAPITestScript.WaiterUpdateTestScript@306e95ec]" started-at="2025-06-26T15:25:04Z" name="verifyWaiterUpdate" data-provider="getWaiterUpdateData" finished-at="2025-06-26T15:25:04Z" duration-ms="0" status="SKIP">
          <params>
            <param index="0">
              <value>
                <![CDATA[waiterupdate]]>
              </value>
            </param>
            <param index="1">
              <value>
                <![CDATA[waiterupdate_001]]>
              </value>
            </param>
            <param index="2">
              <value>
                <![CDATA[positive]]>
              </value>
            </param>
            <param index="3">
              <value>
                <![CDATA[verify waiter update]]>
              </value>
            </param>
            <param index="4">
              <value>
                <![CDATA[patch]]>
              </value>
            </param>
            <param index="5">
              <value>
                <![CDATA[{
 "update_user_id":2,
 "user_id":124,
 "outlet_id":1,
 "name":"waitvaibhav",
 "mobile":"6746240984",
 "address":"satara",
 "aadhar_number":"343332322321",
 "dob":"12 Jan 2023",
 "email":"h@gmail.com",
 "functionality_ids":[1,2,3,4],
 "app_source":"waiter_app"

}]]>
              </value>
            </param>
            <param index="6">
              <value>
                <![CDATA[{
    "detail": "Waiter updated successfully",
    "data": {
        "user_id": 10,
        "name": "waitvaibhav"
    }
}]]>
              </value>
            </param>
            <param index="7">
              <value>
                <![CDATA[200]]>
              </value>
            </param>
          </params>
          <reporter-output>
          </reporter-output>
        </test-method> <!-- verifyWaiterUpdate -->
      </class> <!-- com.menumitratCommonAPITestScript.WaiterUpdateTestScript -->
      <class name="com.menumitratCommonAPITestScript.GetVegOrNonVegList">
        <test-method is-config="true" signature="getVegOrNonVegListSetUp()[pri:0, instance:com.menumitratCommonAPITestScript.GetVegOrNonVegList@6cd28fa7]" started-at="2025-06-26T15:24:57Z" name="getVegOrNonVegListSetUp" finished-at="2025-06-26T15:24:57Z" duration-ms="230" status="PASS">
          <reporter-output>
          </reporter-output>
        </test-method> <!-- getVegOrNonVegListSetUp -->
        <test-method signature="verifyVegOrNonVegList(java.lang.String, java.lang.String, java.lang.String, java.lang.String, java.lang.String, java.lang.String, java.lang.String, java.lang.String)[pri:0, instance:com.menumitratCommonAPITestScript.GetVegOrNonVegList@6cd28fa7]" started-at="2025-06-26T15:24:57Z" name="verifyVegOrNonVegList" data-provider="getVegOrNonVegListData" finished-at="2025-06-26T15:24:57Z" duration-ms="38" status="PASS">
          <params>
            <param index="0">
              <value>
                <![CDATA[getvegornonveglist]]>
              </value>
            </param>
            <param index="1">
              <value>
                <![CDATA[getvegornonveglist_001]]>
              </value>
            </param>
            <param index="2">
              <value>
                <![CDATA[positive]]>
              </value>
            </param>
            <param index="3">
              <value>
                <![CDATA[verify Get Veg or non veg list]]>
              </value>
            </param>
            <param index="4">
              <value>
                <![CDATA[get]]>
              </value>
            </param>
            <param index="5">
              <value>
                <![CDATA[]]>
              </value>
            </param>
            <param index="6">
              <value>
                <![CDATA[]]>
              </value>
            </param>
            <param index="7">
              <value>
                <![CDATA[200]]>
              </value>
            </param>
          </params>
          <reporter-output>
          </reporter-output>
        </test-method> <!-- verifyVegOrNonVegList -->
      </class> <!-- com.menumitratCommonAPITestScript.GetVegOrNonVegList -->
      <class name="com.menumitratCommonAPITestScript.StaffViewTestScript">
        <test-method is-config="true" signature="staffviewsetUp()[pri:0, instance:com.menumitratCommonAPITestScript.StaffViewTestScript@21e360a]" started-at="2025-06-26T15:25:03Z" name="staffviewsetUp" finished-at="2025-06-26T15:25:03Z" duration-ms="0" status="FAIL">
          <exception class="com.menumitra.utilityclass.customException">
            <message>
              <![CDATA[Error in staff view setUp: Cannot invoke "String.isEmpty()" because "this.accessToken" is null]]>
            </message>
            <full-stacktrace>
              <![CDATA[com.menumitra.utilityclass.customException: Error in staff view setUp: Cannot invoke "String.isEmpty()" because "this.accessToken" is null
	at com.menumitratCommonAPITestScript.StaffViewTestScript.staffviewsetUp(StaffViewTestScript.java:187)
	at java.base/jdk.internal.reflect.DirectMethodHandleAccessor.invoke(DirectMethodHandleAccessor.java:103)
	at java.base/java.lang.reflect.Method.invoke(Method.java:580)
	at org.testng.internal.MethodInvocationHelper.invokeMethod(MethodInvocationHelper.java:86)
	at org.testng.internal.Invoker.invokeConfigurationMethod(Invoker.java:514)
	at org.testng.internal.Invoker.invokeConfigurations(Invoker.java:215)
	at org.testng.internal.Invoker.invokeConfigurations(Invoker.java:142)
	at org.testng.internal.TestMethodWorker.invokeBeforeClassMethods(TestMethodWorker.java:178)
	at org.testng.internal.TestMethodWorker.run(TestMethodWorker.java:108)
	at org.testng.TestRunner.privateRun(TestRunner.java:782)
	at org.testng.TestRunner.run(TestRunner.java:632)
	at org.testng.SuiteRunner.runTest(SuiteRunner.java:366)
	at org.testng.SuiteRunner.runSequentially(SuiteRunner.java:361)
	at org.testng.SuiteRunner.privateRun(SuiteRunner.java:319)
	at org.testng.SuiteRunner.run(SuiteRunner.java:268)
	at org.testng.SuiteRunnerWorker.runSuite(SuiteRunnerWorker.java:52)
	at org.testng.SuiteRunnerWorker.run(SuiteRunnerWorker.java:86)
	at org.testng.TestNG.runSuitesSequentially(TestNG.java:1244)
	at org.testng.TestNG.runSuitesLocally(TestNG.java:1169)
	at org.testng.TestNG.run(TestNG.java:1064)
	at org.testng.remote.AbstractRemoteTestNG.run(AbstractRemoteTestNG.java:115)
	at org.testng.remote.RemoteTestNG.initAndRun(RemoteTestNG.java:293)
	at org.testng.remote.RemoteTestNG.main(RemoteTestNG.java:91)
]]>
            </full-stacktrace>
          </exception> <!-- com.menumitra.utilityclass.customException -->
          <reporter-output>
          </reporter-output>
        </test-method> <!-- staffviewsetUp -->
        <test-method signature="verifyStaffView(java.lang.String, java.lang.String, java.lang.String, java.lang.String, java.lang.String, java.lang.String, java.lang.String, java.lang.String)[pri:0, instance:com.menumitratCommonAPITestScript.StaffViewTestScript@21e360a]" started-at="2025-06-26T15:25:03Z" name="verifyStaffView" data-provider="getstaffviewValidData" finished-at="2025-06-26T15:25:03Z" duration-ms="1" status="SKIP">
          <params>
            <param index="0">
              <value>
                <![CDATA[staffview]]>
              </value>
            </param>
            <param index="1">
              <value>
                <![CDATA[staffview_001]]>
              </value>
            </param>
            <param index="2">
              <value>
                <![CDATA[positive]]>
              </value>
            </param>
            <param index="3">
              <value>
                <![CDATA[verify staff view using valid data]]>
              </value>
            </param>
            <param index="4">
              <value>
                <![CDATA[post]]>
              </value>
            </param>
            <param index="5">
              <value>
                <![CDATA[{
    "staff_id": 27,
    "outlet_id": 1,
    "user_id":2,
"app_source":"owner_app"                     
  
}]]>
              </value>
            </param>
            <param index="6">
              <value>
                <![CDATA[{
  "detail": "Staff details retrieved successfully",
  "data": {
    "staff_id": 27,
    "outlet_id": 1,
    "name": "gggf",
    "mobile": "8886868686",
    "address": "null",
    "role": "receptionist",
    "dob": "04 May 2025",
    "aadhar_number": "677777555555",
    "photo": null,
    "created_by": "owner",
    "created_on": "21 May 2025 07:36:29 PM",
    "updated_by": null,
    "updated_on": null
  }
}]]>
              </value>
            </param>
            <param index="7">
              <value>
                <![CDATA[200]]>
              </value>
            </param>
          </params>
          <reporter-output>
          </reporter-output>
        </test-method> <!-- verifyStaffView -->
      </class> <!-- com.menumitratCommonAPITestScript.StaffViewTestScript -->
      <class name="com.menumitratCommonAPITestScript.UpdateTemplatesTestScript">
        <test-method is-config="true" signature="setup()[pri:0, instance:com.menumitratCommonAPITestScript.UpdateTemplatesTestScript@47faa49c]" started-at="2025-06-26T15:24:44Z" name="setup" finished-at="2025-06-26T15:24:44Z" duration-ms="312" status="PASS">
          <reporter-output>
          </reporter-output>
        </test-method> <!-- setup -->
        <test-method signature="updateTemplatesUsingValidInputData(java.lang.String, java.lang.String, java.lang.String, java.lang.String, java.lang.String, java.lang.String, java.lang.String, java.lang.String)[pri:0, instance:com.menumitratCommonAPITestScript.UpdateTemplatesTestScript@47faa49c]" started-at="2025-06-26T15:24:44Z" name="updateTemplatesUsingValidInputData" data-provider="getUpdateTemplatesData" finished-at="2025-06-26T15:24:44Z" duration-ms="248" status="PASS">
          <params>
            <param index="0">
              <value>
                <![CDATA[updatetemplates]]>
              </value>
            </param>
            <param index="1">
              <value>
                <![CDATA[updatetemplates_001]]>
              </value>
            </param>
            <param index="2">
              <value>
                <![CDATA[positive]]>
              </value>
            </param>
            <param index="3">
              <value>
                <![CDATA[Verify Update Templates]]>
              </value>
            </param>
            <param index="4">
              <value>
                <![CDATA[post]]>
              </value>
            </param>
            <param index="5">
              <value>
                <![CDATA[ {
        "name": "Classic",
        "qr_overlay_position": "top",
        "template_id":3,
        "image_name": "C:\Users\hp\Downloads\pexels-pixabay-460672.jpg"
}]]>
              </value>
            </param>
            <param index="6">
              <value>
                <![CDATA[]]>
              </value>
            </param>
            <param index="7">
              <value>
                <![CDATA[200]]>
              </value>
            </param>
          </params>
          <reporter-output>
          </reporter-output>
        </test-method> <!-- updateTemplatesUsingValidInputData -->
        <test-method is-config="true" signature="tearDown()[pri:0, instance:com.menumitratCommonAPITestScript.UpdateTemplatesTestScript@47faa49c]" started-at="2025-06-26T15:24:44Z" name="tearDown" finished-at="2025-06-26T15:24:44Z" duration-ms="0" status="PASS">
          <reporter-output>
          </reporter-output>
        </test-method> <!-- tearDown -->
      </class> <!-- com.menumitratCommonAPITestScript.UpdateTemplatesTestScript -->
      <class name="com.menumitratCommonAPITestScript.WaiterCreateTestScript">
        <test-method is-config="true" signature="waiterCreateSetUp()[pri:0, instance:com.menumitratCommonAPITestScript.WaiterCreateTestScript@f736069]" started-at="2025-06-26T15:24:45Z" name="waiterCreateSetUp" finished-at="2025-06-26T15:24:45Z" duration-ms="198" status="PASS">
          <reporter-output>
          </reporter-output>
        </test-method> <!-- waiterCreateSetUp -->
        <test-method signature="verifyWaiterCreate(java.lang.String, java.lang.String, java.lang.String, java.lang.String, java.lang.String, java.lang.String, java.lang.String, java.lang.String)[pri:0, instance:com.menumitratCommonAPITestScript.WaiterCreateTestScript@f736069]" started-at="2025-06-26T15:24:45Z" name="verifyWaiterCreate" data-provider="getWaiterCreateData" finished-at="2025-06-26T15:24:45Z" duration-ms="76" status="FAIL">
          <params>
            <param index="0">
              <value>
                <![CDATA[waitercreate]]>
              </value>
            </param>
            <param index="1">
              <value>
                <![CDATA[waitercreate_001]]>
              </value>
            </param>
            <param index="2">
              <value>
                <![CDATA[positive]]>
              </value>
            </param>
            <param index="3">
              <value>
                <![CDATA[verify Waiter create]]>
              </value>
            </param>
            <param index="4">
              <value>
                <![CDATA[post]]>
              </value>
            </param>
            <param index="5">
              <value>
                <![CDATA[{
 
 "user_id":2,
 "outlet_id":1,
 "name":"waitvaibhav",
 "mobile":"8237090371",
 "address":"satara",
 "aadhar_number":"343332322321",
 "dob":"12 Jan 2023",
 "email":"h@gmail.com",
 "app_source":"waiter_app",
 "functionality_ids":[1,2,3,4,7]

}]]>
              </value>
            </param>
            <param index="6">
              <value>
                <![CDATA[{
    "detail": "Waiter created successfully"
}]]>
              </value>
            </param>
            <param index="7">
              <value>
                <![CDATA[200]]>
              </value>
            </param>
          </params>
          <exception class="com.menumitra.utilityclass.customException">
            <message>
              <![CDATA[Error in waiter create test: Status code mismatch - Expected: 200, Actual: 400]]>
            </message>
            <full-stacktrace>
              <![CDATA[com.menumitra.utilityclass.customException: Error in waiter create test: Status code mismatch - Expected: 200, Actual: 400
	at com.menumitratCommonAPITestScript.WaiterCreateTestScript.verifyWaiterCreate(WaiterCreateTestScript.java:272)
	at java.base/jdk.internal.reflect.DirectMethodHandleAccessor.invoke(DirectMethodHandleAccessor.java:103)
	at java.base/java.lang.reflect.Method.invoke(Method.java:580)
	at org.testng.internal.MethodInvocationHelper.invokeMethod(MethodInvocationHelper.java:86)
	at org.testng.internal.Invoker.invokeMethod(Invoker.java:643)
	at org.testng.internal.Invoker.invokeTestMethod(Invoker.java:820)
	at org.testng.internal.Invoker.invokeTestMethods(Invoker.java:1128)
	at org.testng.internal.TestMethodWorker.invokeTestMethods(TestMethodWorker.java:129)
	at org.testng.internal.TestMethodWorker.run(TestMethodWorker.java:112)
	at org.testng.TestRunner.privateRun(TestRunner.java:782)
	at org.testng.TestRunner.run(TestRunner.java:632)
	at org.testng.SuiteRunner.runTest(SuiteRunner.java:366)
	at org.testng.SuiteRunner.runSequentially(SuiteRunner.java:361)
	at org.testng.SuiteRunner.privateRun(SuiteRunner.java:319)
	at org.testng.SuiteRunner.run(SuiteRunner.java:268)
	at org.testng.SuiteRunnerWorker.runSuite(SuiteRunnerWorker.java:52)
	at org.testng.SuiteRunnerWorker.run(SuiteRunnerWorker.java:86)
	at org.testng.TestNG.runSuitesSequentially(TestNG.java:1244)
	at org.testng.TestNG.runSuitesLocally(TestNG.java:1169)
	at org.testng.TestNG.run(TestNG.java:1064)
	at org.testng.remote.AbstractRemoteTestNG.run(AbstractRemoteTestNG.java:115)
	at org.testng.remote.RemoteTestNG.initAndRun(RemoteTestNG.java:293)
	at org.testng.remote.RemoteTestNG.main(RemoteTestNG.java:91)
]]>
            </full-stacktrace>
          </exception> <!-- com.menumitra.utilityclass.customException -->
          <reporter-output>
          </reporter-output>
        </test-method> <!-- verifyWaiterCreate -->
      </class> <!-- com.menumitratCommonAPITestScript.WaiterCreateTestScript -->
      <class name="com.menumitratCommonAPITestScript.ActivityLogTestScript">
        <test-method is-config="true" signature="setup()[pri:0, instance:com.menumitratCommonAPITestScript.ActivityLogTestScript@4d0f2471]" started-at="2025-06-26T15:24:41Z" name="setup" finished-at="2025-06-26T15:24:42Z" duration-ms="716" status="PASS">
          <reporter-output>
          </reporter-output>
        </test-method> <!-- setup -->
        <test-method signature="activityLogTest(java.lang.String, java.lang.String, java.lang.String, java.lang.String, java.lang.String, java.lang.String, java.lang.String, java.lang.String)[pri:0, instance:com.menumitratCommonAPITestScript.ActivityLogTestScript@4d0f2471]" started-at="2025-06-26T15:24:42Z" name="activityLogTest" data-provider="getActivityLogData" finished-at="2025-06-26T15:24:42Z" duration-ms="137" status="PASS">
          <params>
            <param index="0">
              <value>
                <![CDATA[activitylog]]>
              </value>
            </param>
            <param index="1">
              <value>
                <![CDATA[activitylog_001]]>
              </value>
            </param>
            <param index="2">
              <value>
                <![CDATA[positive]]>
              </value>
            </param>
            <param index="3">
              <value>
                <![CDATA[Verfiy Activity log]]>
              </value>
            </param>
            <param index="4">
              <value>
                <![CDATA[post]]>
              </value>
            </param>
            <param index="5">
              <value>
                <![CDATA[{
    "user_id": 2
}]]>
              </value>
            </param>
            <param index="6">
              <value>
                <![CDATA[{
  "detail": "Activity logs retrieved successfully",
  "data": {
    "activity_logs": [
      {
        "activity_log_id": 67387,
        "role": "owner",
        "module": "Authentication",
        "sub_module": "OTP Verification",
        "title": "Heenann logged in successfully",
        "outlet_id": 0,
        "created_on": "08 Jun 2025 07:30 PM"
      },
      {
        "activity_log_id": 67386,
        "role": "owner",
        "module": "Authentication",
        "sub_module": "OTP Verification",
        "title": "Heenann logged in successfully",
        "outlet_id": 0,
        "created_on": "08 Jun 2025 07:30 PM"
      },
      {
        "activity_log_id": 67385,
        "role": "owner",
        "module": "Authentication",
        "sub_module": "OTP Verification",
        "title": "Heenann logged in successfully",
        "outlet_id": 0,
        "created_on": "08 Jun 2025 07:29 PM"
      },]]>
              </value>
            </param>
            <param index="7">
              <value>
                <![CDATA[200]]>
              </value>
            </param>
          </params>
          <reporter-output>
          </reporter-output>
        </test-method> <!-- activityLogTest -->
      </class> <!-- com.menumitratCommonAPITestScript.ActivityLogTestScript -->
      <class name="com.menumitratCommonAPITestScript.MakeMenuSpecialNonSpecial">
        <test-method is-config="true" signature="makeMenuSpecialNonSpecialSetUp()[pri:0, instance:com.menumitratCommonAPITestScript.MakeMenuSpecialNonSpecial@73e22a3d]" started-at="2025-06-26T15:24:43Z" name="makeMenuSpecialNonSpecialSetUp" finished-at="2025-06-26T15:24:43Z" duration-ms="278" status="PASS">
          <reporter-output>
          </reporter-output>
        </test-method> <!-- makeMenuSpecialNonSpecialSetUp -->
        <test-method signature="makeMenuSpecialNonSpecialNegativeTest(java.lang.String, java.lang.String, java.lang.String, java.lang.String, java.lang.String, java.lang.String, java.lang.String, java.lang.String)[pri:0, instance:com.menumitratCommonAPITestScript.MakeMenuSpecialNonSpecial@73e22a3d]" started-at="2025-06-26T15:24:43Z" name="makeMenuSpecialNonSpecialNegativeTest" data-provider="getMakeMenuSpecialNonSpecialNegativeData" finished-at="2025-06-26T15:24:43Z" duration-ms="0" status="SKIP">
          <exception class="java.lang.RuntimeException">
            <message>
              <![CDATA[com.menumitra.utilityclass.customException: Error in getting Make Menu Special/Non-Special negative test data: No valid Make Menu Special/Non-Special negative test data found after filtering]]>
            </message>
            <full-stacktrace>
              <![CDATA[java.lang.RuntimeException: com.menumitra.utilityclass.customException: Error in getting Make Menu Special/Non-Special negative test data: No valid Make Menu Special/Non-Special negative test data found after filtering
	at org.testng.internal.MethodInvocationHelper.invokeDataProvider(MethodInvocationHelper.java:163)
	at org.testng.internal.Parameters.handleParameters(Parameters.java:430)
	at org.testng.internal.Invoker.handleParameters(Invoker.java:1274)
	at org.testng.internal.Invoker.createParameters(Invoker.java:989)
	at org.testng.internal.Invoker.invokeTestMethods(Invoker.java:1079)
	at org.testng.internal.TestMethodWorker.invokeTestMethods(TestMethodWorker.java:129)
	at org.testng.internal.TestMethodWorker.run(TestMethodWorker.java:112)
	at org.testng.TestRunner.privateRun(TestRunner.java:782)
	at org.testng.TestRunner.run(TestRunner.java:632)
	at org.testng.SuiteRunner.runTest(SuiteRunner.java:366)
	at org.testng.SuiteRunner.runSequentially(SuiteRunner.java:361)
	at org.testng.SuiteRunner.privateRun(SuiteRunner.java:319)
	at org.testng.SuiteRunner.run(SuiteRunner.java:268)
	at org.testng.SuiteRunnerWorker.runSuite(SuiteRunnerWorker.java:52)
	at org.testng.SuiteRunnerWorker.run(SuiteRunnerWorker.java:86)
	at org.testng.TestNG.runSuitesSequentially(TestNG.java:1244)
	at org.testng.TestNG.runSuitesLocally(TestNG.java:1169)
	at org.testng.TestNG.run(TestNG.java:1064)
	at org.testng.remote.AbstractRemoteTestNG.run(AbstractRemoteTestNG.java:115)
	at org.testng.remote.RemoteTestNG.initAndRun(RemoteTestNG.java:293)
	at org.testng.remote.RemoteTestNG.main(RemoteTestNG.java:91)
Caused by: com.menumitra.utilityclass.customException: Error in getting Make Menu Special/Non-Special negative test data: No valid Make Menu Special/Non-Special negative test data found after filtering
	at com.menumitratCommonAPITestScript.MakeMenuSpecialNonSpecial.getMakeMenuSpecialNonSpecialNegativeData(MakeMenuSpecialNonSpecial.java:319)
	at java.base/jdk.internal.reflect.DirectMethodHandleAccessor.invoke(DirectMethodHandleAccessor.java:103)
	at java.base/java.lang.reflect.Method.invoke(Method.java:580)
	at org.testng.internal.MethodInvocationHelper.invokeMethod(MethodInvocationHelper.java:86)
	at org.testng.internal.MethodInvocationHelper.invokeDataProvider(MethodInvocationHelper.java:137)
	... 20 more
]]>
            </full-stacktrace>
          </exception> <!-- java.lang.RuntimeException -->
          <reporter-output>
          </reporter-output>
        </test-method> <!-- makeMenuSpecialNonSpecialNegativeTest -->
      </class> <!-- com.menumitratCommonAPITestScript.MakeMenuSpecialNonSpecial -->
      <class name="com.menumitratCommonAPITestScript.MenuCategoryCreateTestScript">
        <test-method is-config="true" signature="setup()[pri:0, instance:com.menumitratCommonAPITestScript.MenuCategoryCreateTestScript@6253c26]" started-at="2025-06-26T15:25:22Z" name="setup" finished-at="2025-06-26T15:25:22Z" duration-ms="0" status="FAIL">
          <exception class="com.menumitra.utilityclass.customException">
            <message>
              <![CDATA[Error during setup: Cannot invoke "String.isEmpty()" because "this.accessToken" is null]]>
            </message>
            <full-stacktrace>
              <![CDATA[com.menumitra.utilityclass.customException: Error during setup: Cannot invoke "String.isEmpty()" because "this.accessToken" is null
	at com.menumitratCommonAPITestScript.MenuCategoryCreateTestScript.setup(MenuCategoryCreateTestScript.java:163)
	at java.base/jdk.internal.reflect.DirectMethodHandleAccessor.invoke(DirectMethodHandleAccessor.java:103)
	at java.base/java.lang.reflect.Method.invoke(Method.java:580)
	at org.testng.internal.MethodInvocationHelper.invokeMethod(MethodInvocationHelper.java:86)
	at org.testng.internal.Invoker.invokeConfigurationMethod(Invoker.java:514)
	at org.testng.internal.Invoker.invokeConfigurations(Invoker.java:215)
	at org.testng.internal.Invoker.invokeConfigurations(Invoker.java:142)
	at org.testng.internal.TestMethodWorker.invokeBeforeClassMethods(TestMethodWorker.java:178)
	at org.testng.internal.TestMethodWorker.run(TestMethodWorker.java:108)
	at org.testng.TestRunner.privateRun(TestRunner.java:782)
	at org.testng.TestRunner.run(TestRunner.java:632)
	at org.testng.SuiteRunner.runTest(SuiteRunner.java:366)
	at org.testng.SuiteRunner.runSequentially(SuiteRunner.java:361)
	at org.testng.SuiteRunner.privateRun(SuiteRunner.java:319)
	at org.testng.SuiteRunner.run(SuiteRunner.java:268)
	at org.testng.SuiteRunnerWorker.runSuite(SuiteRunnerWorker.java:52)
	at org.testng.SuiteRunnerWorker.run(SuiteRunnerWorker.java:86)
	at org.testng.TestNG.runSuitesSequentially(TestNG.java:1244)
	at org.testng.TestNG.runSuitesLocally(TestNG.java:1169)
	at org.testng.TestNG.run(TestNG.java:1064)
	at org.testng.remote.AbstractRemoteTestNG.run(AbstractRemoteTestNG.java:115)
	at org.testng.remote.RemoteTestNG.initAndRun(RemoteTestNG.java:293)
	at org.testng.remote.RemoteTestNG.main(RemoteTestNG.java:91)
]]>
            </full-stacktrace>
          </exception> <!-- com.menumitra.utilityclass.customException -->
          <reporter-output>
          </reporter-output>
        </test-method> <!-- setup -->
        <test-method signature="createMenuCategoryUsingValidInputData(java.lang.String, java.lang.String, java.lang.String, java.lang.String, java.lang.String, java.lang.String, java.lang.String, java.lang.String)[pri:0, instance:com.menumitratCommonAPITestScript.MenuCategoryCreateTestScript@6253c26]" started-at="2025-06-26T15:25:22Z" name="createMenuCategoryUsingValidInputData" data-provider="getMenuCategoryCreateData" finished-at="2025-06-26T15:25:22Z" duration-ms="0" status="SKIP">
          <params>
            <param index="0">
              <value>
                <![CDATA[menucategorycreate]]>
              </value>
            </param>
            <param index="1">
              <value>
                <![CDATA[menucategorycreate_001]]>
              </value>
            </param>
            <param index="2">
              <value>
                <![CDATA[positive]]>
              </value>
            </param>
            <param index="3">
              <value>
                <![CDATA[verify menu category create]]>
              </value>
            </param>
            <param index="4">
              <value>
                <![CDATA[post]]>
              </value>
            </param>
            <param index="5">
              <value>
                <![CDATA[{

"outlet_id":"1",
"category_name":"south Indian",
"image":"C:\Users\hp\Downloads\menus\medu vada.jpg",
"user_id": "2"

}]]>
              </value>
            </param>
            <param index="6">
              <value>
                <![CDATA[{
    "st": 1,
    "msg": "success"
}]]>
              </value>
            </param>
            <param index="7">
              <value>
                <![CDATA[200]]>
              </value>
            </param>
          </params>
          <reporter-output>
          </reporter-output>
        </test-method> <!-- createMenuCategoryUsingValidInputData -->
        <test-method signature="menuCategoryCreateNegativeTest(java.lang.String, java.lang.String, java.lang.String, java.lang.String, java.lang.String, java.lang.String, java.lang.String, java.lang.String)[pri:0, instance:com.menumitratCommonAPITestScript.MenuCategoryCreateTestScript@6253c26]" started-at="2025-06-26T15:25:22Z" name="menuCategoryCreateNegativeTest" data-provider="getMenuCategoryCreateNegativeData" finished-at="2025-06-26T15:25:22Z" duration-ms="1" status="SKIP">
          <params>
            <param index="0">
              <value>
                <![CDATA[menucategorycreate]]>
              </value>
            </param>
            <param index="1">
              <value>
                <![CDATA[menucategorycreate_003]]>
              </value>
            </param>
            <param index="2">
              <value>
                <![CDATA[negative]]>
              </value>
            </param>
            <param index="3">
              <value>
                <![CDATA[Missing outlet ID in the request]]>
              </value>
            </param>
            <param index="4">
              <value>
                <![CDATA[post]]>
              </value>
            </param>
            <param index="5">
              <value>
                <![CDATA[{

"outlet_id":"",
"category_name":"south Indian",
"image":"C:\Users\hp\Downloads\menus\medu vada.jpg",
"user_id": ""

}]]>
              </value>
            </param>
            <param index="6">
              <value>
                <![CDATA[{"detail":"Outlet ID must be a number"}]]>
              </value>
            </param>
            <param index="7">
              <value>
                <![CDATA[400]]>
              </value>
            </param>
          </params>
          <reporter-output>
          </reporter-output>
        </test-method> <!-- menuCategoryCreateNegativeTest -->
        <test-method signature="menuCategoryCreateNegativeTest(java.lang.String, java.lang.String, java.lang.String, java.lang.String, java.lang.String, java.lang.String, java.lang.String, java.lang.String)[pri:0, instance:com.menumitratCommonAPITestScript.MenuCategoryCreateTestScript@6253c26]" started-at="2025-06-26T15:25:22Z" name="menuCategoryCreateNegativeTest" data-provider="getMenuCategoryCreateNegativeData" finished-at="2025-06-26T15:25:22Z" duration-ms="0" status="SKIP">
          <params>
            <param index="0">
              <value>
                <![CDATA[menucategorycreate]]>
              </value>
            </param>
            <param index="1">
              <value>
                <![CDATA[menucategorycreate_005]]>
              </value>
            </param>
            <param index="2">
              <value>
                <![CDATA[negative]]>
              </value>
            </param>
            <param index="3">
              <value>
                <![CDATA[Empty category name in the request]]>
              </value>
            </param>
            <param index="4">
              <value>
                <![CDATA[post]]>
              </value>
            </param>
            <param index="5">
              <value>
                <![CDATA[{

"outlet_id":"1",
"category_name":"",
"image":"C:\Users\hp\Downloads\menus\medu vada.jpg",
"user_id": "2"

}]]>
              </value>
            </param>
            <param index="6">
              <value>
                <![CDATA[{"detail":"Category name is required"}]]>
              </value>
            </param>
            <param index="7">
              <value>
                <![CDATA[400]]>
              </value>
            </param>
          </params>
          <reporter-output>
          </reporter-output>
        </test-method> <!-- menuCategoryCreateNegativeTest -->
        <test-method is-config="true" signature="tearDown()[pri:0, instance:com.menumitratCommonAPITestScript.MenuCategoryCreateTestScript@6253c26]" started-at="2025-06-26T15:25:22Z" name="tearDown" finished-at="2025-06-26T15:25:22Z" duration-ms="0" status="SKIP">
          <reporter-output>
          </reporter-output>
        </test-method> <!-- tearDown -->
      </class> <!-- com.menumitratCommonAPITestScript.MenuCategoryCreateTestScript -->
      <class name="com.menumitratCommonAPITestScript.MenuCategoryUpdateTestScript">
        <test-method is-config="true" signature="setup()[pri:0, instance:com.menumitratCommonAPITestScript.MenuCategoryUpdateTestScript@48f278eb]" started-at="2025-06-26T15:24:54Z" name="setup" finished-at="2025-06-26T15:24:55Z" duration-ms="305" status="PASS">
          <reporter-output>
          </reporter-output>
        </test-method> <!-- setup -->
        <test-method signature="menuCategoryUpdateNegativeTest(java.lang.String, java.lang.String, java.lang.String, java.lang.String, java.lang.String, java.lang.String, java.lang.String, java.lang.String)[pri:0, instance:com.menumitratCommonAPITestScript.MenuCategoryUpdateTestScript@48f278eb]" started-at="2025-06-26T15:24:55Z" name="menuCategoryUpdateNegativeTest" data-provider="getMenuCategoryUpdateNegativeData" finished-at="2025-06-26T15:24:55Z" duration-ms="69" status="FAIL">
          <params>
            <param index="0">
              <value>
                <![CDATA[menucategoryupdate]]>
              </value>
            </param>
            <param index="1">
              <value>
                <![CDATA[menucategoryupdate_002]]>
              </value>
            </param>
            <param index="2">
              <value>
                <![CDATA[negative]]>
              </value>
            </param>
            <param index="3">
              <value>
                <![CDATA[Invalid menu_cat_id with missing or incorrect fields]]>
              </value>
            </param>
            <param index="4">
              <value>
                <![CDATA[patch]]>
              </value>
            </param>
            <param index="5">
              <value>
                <![CDATA[{

"outlet_id":"1",
"menu_cat_id":"",
"user_id":"2",
"category_name":"Gujrati",
"food_type":"veg",
"image":""

}]]>
              </value>
            </param>
            <param index="6">
              <value>
                <![CDATA[{ "detail": "Menu_cat_id must be a number" }]]>
              </value>
            </param>
            <param index="7">
              <value>
                <![CDATA[400]]>
              </value>
            </param>
          </params>
          <exception class="com.menumitra.utilityclass.customException">
            <message>
              <![CDATA[Error during menu category update negative test: Status code validation failed - Expected: 400, Actual: 500]]>
            </message>
            <full-stacktrace>
              <![CDATA[com.menumitra.utilityclass.customException: Error during menu category update negative test: Status code validation failed - Expected: 400, Actual: 500
	at com.menumitratCommonAPITestScript.MenuCategoryUpdateTestScript.menuCategoryUpdateNegativeTest(MenuCategoryUpdateTestScript.java:371)
	at java.base/jdk.internal.reflect.DirectMethodHandleAccessor.invoke(DirectMethodHandleAccessor.java:103)
	at java.base/java.lang.reflect.Method.invoke(Method.java:580)
	at org.testng.internal.MethodInvocationHelper.invokeMethod(MethodInvocationHelper.java:86)
	at org.testng.internal.Invoker.invokeMethod(Invoker.java:643)
	at org.testng.internal.Invoker.invokeTestMethod(Invoker.java:820)
	at org.testng.internal.Invoker.invokeTestMethods(Invoker.java:1128)
	at org.testng.internal.TestMethodWorker.invokeTestMethods(TestMethodWorker.java:129)
	at org.testng.internal.TestMethodWorker.run(TestMethodWorker.java:112)
	at org.testng.TestRunner.privateRun(TestRunner.java:782)
	at org.testng.TestRunner.run(TestRunner.java:632)
	at org.testng.SuiteRunner.runTest(SuiteRunner.java:366)
	at org.testng.SuiteRunner.runSequentially(SuiteRunner.java:361)
	at org.testng.SuiteRunner.privateRun(SuiteRunner.java:319)
	at org.testng.SuiteRunner.run(SuiteRunner.java:268)
	at org.testng.SuiteRunnerWorker.runSuite(SuiteRunnerWorker.java:52)
	at org.testng.SuiteRunnerWorker.run(SuiteRunnerWorker.java:86)
	at org.testng.TestNG.runSuitesSequentially(TestNG.java:1244)
	at org.testng.TestNG.runSuitesLocally(TestNG.java:1169)
	at org.testng.TestNG.run(TestNG.java:1064)
	at org.testng.remote.AbstractRemoteTestNG.run(AbstractRemoteTestNG.java:115)
	at org.testng.remote.RemoteTestNG.initAndRun(RemoteTestNG.java:293)
	at org.testng.remote.RemoteTestNG.main(RemoteTestNG.java:91)
]]>
            </full-stacktrace>
          </exception> <!-- com.menumitra.utilityclass.customException -->
          <reporter-output>
          </reporter-output>
        </test-method> <!-- menuCategoryUpdateNegativeTest -->
        <test-method signature="menuCategoryUpdateNegativeTest(java.lang.String, java.lang.String, java.lang.String, java.lang.String, java.lang.String, java.lang.String, java.lang.String, java.lang.String)[pri:0, instance:com.menumitratCommonAPITestScript.MenuCategoryUpdateTestScript@48f278eb]" started-at="2025-06-26T15:24:55Z" name="menuCategoryUpdateNegativeTest" data-provider="getMenuCategoryUpdateNegativeData" finished-at="2025-06-26T15:24:55Z" duration-ms="67" status="FAIL">
          <params>
            <param index="0">
              <value>
                <![CDATA[menucategoryupdate]]>
              </value>
            </param>
            <param index="1">
              <value>
                <![CDATA[menucategoryupdate_004]]>
              </value>
            </param>
            <param index="2">
              <value>
                <![CDATA[negative]]>
              </value>
            </param>
            <param index="3">
              <value>
                <![CDATA[category_name ]]>
              </value>
            </param>
            <param index="4">
              <value>
                <![CDATA[patch]]>
              </value>
            </param>
            <param index="5">
              <value>
                <![CDATA[{

"outlet_id":"1",
"menu_cat_id":"demo",
"user_id":"",
"category_name":"",
"food_type":"veg",
"image":""

}]]>
              </value>
            </param>
            <param index="6">
              <value>
                <![CDATA[{ "detail": "Menu_cat_id must be a number" }]]>
              </value>
            </param>
            <param index="7">
              <value>
                <![CDATA[400]]>
              </value>
            </param>
          </params>
          <exception class="com.menumitra.utilityclass.customException">
            <message>
              <![CDATA[Error during menu category update negative test: Status code validation failed - Expected: 400, Actual: 500]]>
            </message>
            <full-stacktrace>
              <![CDATA[com.menumitra.utilityclass.customException: Error during menu category update negative test: Status code validation failed - Expected: 400, Actual: 500
	at com.menumitratCommonAPITestScript.MenuCategoryUpdateTestScript.menuCategoryUpdateNegativeTest(MenuCategoryUpdateTestScript.java:371)
	at java.base/jdk.internal.reflect.DirectMethodHandleAccessor.invoke(DirectMethodHandleAccessor.java:103)
	at java.base/java.lang.reflect.Method.invoke(Method.java:580)
	at org.testng.internal.MethodInvocationHelper.invokeMethod(MethodInvocationHelper.java:86)
	at org.testng.internal.Invoker.invokeMethod(Invoker.java:643)
	at org.testng.internal.Invoker.invokeTestMethod(Invoker.java:820)
	at org.testng.internal.Invoker.invokeTestMethods(Invoker.java:1128)
	at org.testng.internal.TestMethodWorker.invokeTestMethods(TestMethodWorker.java:129)
	at org.testng.internal.TestMethodWorker.run(TestMethodWorker.java:112)
	at org.testng.TestRunner.privateRun(TestRunner.java:782)
	at org.testng.TestRunner.run(TestRunner.java:632)
	at org.testng.SuiteRunner.runTest(SuiteRunner.java:366)
	at org.testng.SuiteRunner.runSequentially(SuiteRunner.java:361)
	at org.testng.SuiteRunner.privateRun(SuiteRunner.java:319)
	at org.testng.SuiteRunner.run(SuiteRunner.java:268)
	at org.testng.SuiteRunnerWorker.runSuite(SuiteRunnerWorker.java:52)
	at org.testng.SuiteRunnerWorker.run(SuiteRunnerWorker.java:86)
	at org.testng.TestNG.runSuitesSequentially(TestNG.java:1244)
	at org.testng.TestNG.runSuitesLocally(TestNG.java:1169)
	at org.testng.TestNG.run(TestNG.java:1064)
	at org.testng.remote.AbstractRemoteTestNG.run(AbstractRemoteTestNG.java:115)
	at org.testng.remote.RemoteTestNG.initAndRun(RemoteTestNG.java:293)
	at org.testng.remote.RemoteTestNG.main(RemoteTestNG.java:91)
]]>
            </full-stacktrace>
          </exception> <!-- com.menumitra.utilityclass.customException -->
          <reporter-output>
          </reporter-output>
        </test-method> <!-- menuCategoryUpdateNegativeTest -->
        <test-method is-config="true" signature="tearDown()[pri:0, instance:com.menumitratCommonAPITestScript.MenuCategoryUpdateTestScript@48f278eb]" started-at="2025-06-26T15:24:55Z" name="tearDown" finished-at="2025-06-26T15:24:55Z" duration-ms="0" status="PASS">
          <reporter-output>
          </reporter-output>
        </test-method> <!-- tearDown -->
      </class> <!-- com.menumitratCommonAPITestScript.MenuCategoryUpdateTestScript -->
      <class name="com.menumitratCommonAPITestScript.TicketViewTestScript">
        <test-method is-config="true" signature="ticketViewSetUp()[pri:0, instance:com.menumitratCommonAPITestScript.TicketViewTestScript@4dbb42b7]" started-at="2025-06-26T15:25:17Z" name="ticketViewSetUp" finished-at="2025-06-26T15:25:17Z" duration-ms="0" status="FAIL">
          <exception class="com.menumitra.utilityclass.customException">
            <message>
              <![CDATA[Error in ticket view setup: Cannot invoke "String.isEmpty()" because "this.accessToken" is null]]>
            </message>
            <full-stacktrace>
              <![CDATA[com.menumitra.utilityclass.customException: Error in ticket view setup: Cannot invoke "String.isEmpty()" because "this.accessToken" is null
	at com.menumitratCommonAPITestScript.TicketViewTestScript.ticketViewSetUp(TicketViewTestScript.java:88)
	at java.base/jdk.internal.reflect.DirectMethodHandleAccessor.invoke(DirectMethodHandleAccessor.java:103)
	at java.base/java.lang.reflect.Method.invoke(Method.java:580)
	at org.testng.internal.MethodInvocationHelper.invokeMethod(MethodInvocationHelper.java:86)
	at org.testng.internal.Invoker.invokeConfigurationMethod(Invoker.java:514)
	at org.testng.internal.Invoker.invokeConfigurations(Invoker.java:215)
	at org.testng.internal.Invoker.invokeConfigurations(Invoker.java:142)
	at org.testng.internal.TestMethodWorker.invokeBeforeClassMethods(TestMethodWorker.java:178)
	at org.testng.internal.TestMethodWorker.run(TestMethodWorker.java:108)
	at org.testng.TestRunner.privateRun(TestRunner.java:782)
	at org.testng.TestRunner.run(TestRunner.java:632)
	at org.testng.SuiteRunner.runTest(SuiteRunner.java:366)
	at org.testng.SuiteRunner.runSequentially(SuiteRunner.java:361)
	at org.testng.SuiteRunner.privateRun(SuiteRunner.java:319)
	at org.testng.SuiteRunner.run(SuiteRunner.java:268)
	at org.testng.SuiteRunnerWorker.runSuite(SuiteRunnerWorker.java:52)
	at org.testng.SuiteRunnerWorker.run(SuiteRunnerWorker.java:86)
	at org.testng.TestNG.runSuitesSequentially(TestNG.java:1244)
	at org.testng.TestNG.runSuitesLocally(TestNG.java:1169)
	at org.testng.TestNG.run(TestNG.java:1064)
	at org.testng.remote.AbstractRemoteTestNG.run(AbstractRemoteTestNG.java:115)
	at org.testng.remote.RemoteTestNG.initAndRun(RemoteTestNG.java:293)
	at org.testng.remote.RemoteTestNG.main(RemoteTestNG.java:91)
]]>
            </full-stacktrace>
          </exception> <!-- com.menumitra.utilityclass.customException -->
          <reporter-output>
          </reporter-output>
        </test-method> <!-- ticketViewSetUp -->
        <test-method signature="ticketViewTest(java.lang.String, java.lang.String, java.lang.String, java.lang.String, java.lang.String, java.lang.String, java.lang.String, java.lang.String)[pri:0, instance:com.menumitratCommonAPITestScript.TicketViewTestScript@4dbb42b7]" started-at="2025-06-26T15:25:17Z" name="ticketViewTest" data-provider="getTicketViewData" finished-at="2025-06-26T15:25:17Z" duration-ms="2" status="SKIP">
          <params>
            <param index="0">
              <value>
                <![CDATA[ticketview]]>
              </value>
            </param>
            <param index="1">
              <value>
                <![CDATA[ticketview_001]]>
              </value>
            </param>
            <param index="2">
              <value>
                <![CDATA[positive]]>
              </value>
            </param>
            <param index="3">
              <value>
                <![CDATA[verfiy Ticket View]]>
              </value>
            </param>
            <param index="4">
              <value>
                <![CDATA[post]]>
              </value>
            </param>
            <param index="5">
              <value>
                <![CDATA[{
    "ticket_id":"4"
}]]>
              </value>
            </param>
            <param index="6">
              <value>
                <![CDATA[{
    "detail": "Ticket details of ticket ID: 2",
    "ticket": {
        "ticket_number": null,
        "title": "Issue with system",
        "description": "The system was not working.",
        "status": "wip",
        "created_on": "02 May 2025 05:40 PM",
        "user_name": "Heena",
        "user_role": "owner",
        "attachment_1": "uploads/tickets/2_1746187816_1.jpg",
        "attachment_2": "uploads/tickets/2_1746187816_2.jpg"
    },
    "chat": [
        {
            "ticket_chat_id": 2,
            "message": "Hello, How can I help you!",
            "flag": "1",
            "created_on": "02-05-2025 05:40 PM",
            "user_name": "Admin",
            "user_role": "admin"
        }
    ]
}]]>
              </value>
            </param>
            <param index="7">
              <value>
                <![CDATA[200]]>
              </value>
            </param>
          </params>
          <reporter-output>
          </reporter-output>
        </test-method> <!-- ticketViewTest -->
      </class> <!-- com.menumitratCommonAPITestScript.TicketViewTestScript -->
      <class name="com.menumitratCommonAPITestScript.CreateOrderTestScript">
        <test-method is-config="true" signature="createOrderSetUp()[pri:0, instance:com.menumitratCommonAPITestScript.CreateOrderTestScript@2c35e847]" started-at="2025-06-26T15:25:02Z" name="createOrderSetUp" finished-at="2025-06-26T15:25:02Z" duration-ms="0" status="FAIL">
          <exception class="com.menumitra.utilityclass.customException">
            <message>
              <![CDATA[Error in create order setup: Cannot invoke "String.isEmpty()" because "this.accessToken" is null]]>
            </message>
            <full-stacktrace>
              <![CDATA[com.menumitra.utilityclass.customException: Error in create order setup: Cannot invoke "String.isEmpty()" because "this.accessToken" is null
	at com.menumitratCommonAPITestScript.CreateOrderTestScript.createOrderSetUp(CreateOrderTestScript.java:85)
	at java.base/jdk.internal.reflect.DirectMethodHandleAccessor.invoke(DirectMethodHandleAccessor.java:103)
	at java.base/java.lang.reflect.Method.invoke(Method.java:580)
	at org.testng.internal.MethodInvocationHelper.invokeMethod(MethodInvocationHelper.java:86)
	at org.testng.internal.Invoker.invokeConfigurationMethod(Invoker.java:514)
	at org.testng.internal.Invoker.invokeConfigurations(Invoker.java:215)
	at org.testng.internal.Invoker.invokeConfigurations(Invoker.java:142)
	at org.testng.internal.TestMethodWorker.invokeBeforeClassMethods(TestMethodWorker.java:178)
	at org.testng.internal.TestMethodWorker.run(TestMethodWorker.java:108)
	at org.testng.TestRunner.privateRun(TestRunner.java:782)
	at org.testng.TestRunner.run(TestRunner.java:632)
	at org.testng.SuiteRunner.runTest(SuiteRunner.java:366)
	at org.testng.SuiteRunner.runSequentially(SuiteRunner.java:361)
	at org.testng.SuiteRunner.privateRun(SuiteRunner.java:319)
	at org.testng.SuiteRunner.run(SuiteRunner.java:268)
	at org.testng.SuiteRunnerWorker.runSuite(SuiteRunnerWorker.java:52)
	at org.testng.SuiteRunnerWorker.run(SuiteRunnerWorker.java:86)
	at org.testng.TestNG.runSuitesSequentially(TestNG.java:1244)
	at org.testng.TestNG.runSuitesLocally(TestNG.java:1169)
	at org.testng.TestNG.run(TestNG.java:1064)
	at org.testng.remote.AbstractRemoteTestNG.run(AbstractRemoteTestNG.java:115)
	at org.testng.remote.RemoteTestNG.initAndRun(RemoteTestNG.java:293)
	at org.testng.remote.RemoteTestNG.main(RemoteTestNG.java:91)
]]>
            </full-stacktrace>
          </exception> <!-- com.menumitra.utilityclass.customException -->
          <reporter-output>
          </reporter-output>
        </test-method> <!-- createOrderSetUp -->
[...]
	at org.testng.SuiteRunner.runTest(SuiteRunner.java:366)
	at org.testng.SuiteRunner.runSequentially(SuiteRunner.java:361)
	at org.testng.SuiteRunner.privateRun(SuiteRunner.java:319)
	at org.testng.SuiteRunner.run(SuiteRunner.java:268)
	at org.testng.SuiteRunnerWorker.runSuite(SuiteRunnerWorker.java:52)
	at org.testng.SuiteRunnerWorker.run(SuiteRunnerWorker.java:86)
	at org.testng.TestNG.runSuitesSequentially(TestNG.java:1244)
	at org.testng.TestNG.runSuitesLocally(TestNG.java:1169)
	at org.testng.TestNG.run(TestNG.java:1064)
	at org.testng.remote.AbstractRemoteTestNG.run(AbstractRemoteTestNG.java:115)
	at org.testng.remote.RemoteTestNG.initAndRun(RemoteTestNG.java:293)
	at org.testng.remote.RemoteTestNG.main(RemoteTestNG.java:91)
]]>
            </full-stacktrace>
          </exception> <!-- com.menumitra.utilityclass.customException -->
          <reporter-output>
          </reporter-output>
        </test-method> <!-- menuCategoryViewNegativeTest -->
        <test-method signature="menuCategoryViewNegativeTest(java.lang.String, java.lang.String, java.lang.String, java.lang.String, java.lang.String, java.lang.String, java.lang.String, java.lang.String)[pri:0, instance:com.menumitratCommonAPITestScript.MenuCategoryViewTestScript@3b6ddd1d]" started-at="2025-06-26T15:24:53Z" name="menuCategoryViewNegativeTest" data-provider="getMenuCategoryViewNegativeData" finished-at="2025-06-26T15:24:53Z" duration-ms="45" status="PASS">
          <params>
            <param index="0">
              <value>
                <![CDATA[menucategoryview]]>
              </value>
            </param>
            <param index="1">
              <value>
                <![CDATA[menucategoryview_006]]>
              </value>
            </param>
            <param index="2">
              <value>
                <![CDATA[negative]]>
              </value>
            </param>
            <param index="3">
              <value>
                <![CDATA[outlet_id is empty]]>
              </value>
            </param>
            <param index="4">
              <value>
                <![CDATA[post]]>
              </value>
            </param>
            <param index="5">
              <value>
                <![CDATA[{ "outlet_id": "", "menu_cat_id": "5" }]]>
              </value>
            </param>
            <param index="6">
              <value>
                <![CDATA[{"detail":"Please provide outlet_id"}]]>
              </value>
            </param>
            <param index="7">
              <value>
                <![CDATA[400]]>
              </value>
            </param>
          </params>
          <reporter-output>
          </reporter-output>
        </test-method> <!-- menuCategoryViewNegativeTest -->
        <test-method signature="menuCategoryViewNegativeTest(java.lang.String, java.lang.String, java.lang.String, java.lang.String, java.lang.String, java.lang.String, java.lang.String, java.lang.String)[pri:0, instance:com.menumitratCommonAPITestScript.MenuCategoryViewTestScript@3b6ddd1d]" started-at="2025-06-26T15:24:53Z" name="menuCategoryViewNegativeTest" data-provider="getMenuCategoryViewNegativeData" finished-at="2025-06-26T15:24:53Z" duration-ms="90" status="FAIL">
          <params>
            <param index="0">
              <value>
                <![CDATA[menucategoryview]]>
              </value>
            </param>
            <param index="1">
              <value>
                <![CDATA[menucategoryview_007]]>
              </value>
            </param>
            <param index="2">
              <value>
                <![CDATA[negative]]>
              </value>
            </param>
            <param index="3">
              <value>
                <![CDATA[menu_cat_id is empty]]>
              </value>
            </param>
            <param index="4">
              <value>
                <![CDATA[post]]>
              </value>
            </param>
            <param index="5">
              <value>
                <![CDATA[{ "outlet_id": "1", "menu_cat_id": "" }]]>
              </value>
            </param>
            <param index="6">
              <value>
                <![CDATA[{"detail":"Please provide menu_cat_id"}]]>
              </value>
            </param>
            <param index="7">
              <value>
                <![CDATA[400]]>
              </value>
            </param>
          </params>
          <exception class="com.menumitra.utilityclass.customException">
            <message>
              <![CDATA[Error in menu category view negative test: Error validating response: Error processing success response: Actual response does not match expected response]]>
            </message>
            <full-stacktrace>
              <![CDATA[com.menumitra.utilityclass.customException: Error in menu category view negative test: Error validating response: Error processing success response: Actual response does not match expected response
	at com.menumitratCommonAPITestScript.MenuCategoryViewTestScript.menuCategoryViewNegativeTest(MenuCategoryViewTestScript.java:388)
	at java.base/jdk.internal.reflect.DirectMethodHandleAccessor.invoke(DirectMethodHandleAccessor.java:103)
	at java.base/java.lang.reflect.Method.invoke(Method.java:580)
	at org.testng.internal.MethodInvocationHelper.invokeMethod(MethodInvocationHelper.java:86)
	at org.testng.internal.Invoker.invokeMethod(Invoker.java:643)
	at org.testng.internal.Invoker.invokeTestMethod(Invoker.java:820)
	at org.testng.internal.Invoker.invokeTestMethods(Invoker.java:1128)
	at org.testng.internal.TestMethodWorker.invokeTestMethods(TestMethodWorker.java:129)
	at org.testng.internal.TestMethodWorker.run(TestMethodWorker.java:112)
	at org.testng.TestRunner.privateRun(TestRunner.java:782)
	at org.testng.TestRunner.run(TestRunner.java:632)
	at org.testng.SuiteRunner.runTest(SuiteRunner.java:366)
	at org.testng.SuiteRunner.runSequentially(SuiteRunner.java:361)
	at org.testng.SuiteRunner.privateRun(SuiteRunner.java:319)
	at org.testng.SuiteRunner.run(SuiteRunner.java:268)
	at org.testng.SuiteRunnerWorker.runSuite(SuiteRunnerWorker.java:52)
	at org.testng.SuiteRunnerWorker.run(SuiteRunnerWorker.java:86)
	at org.testng.TestNG.runSuitesSequentially(TestNG.java:1244)
	at org.testng.TestNG.runSuitesLocally(TestNG.java:1169)
	at org.testng.TestNG.run(TestNG.java:1064)
	at org.testng.remote.AbstractRemoteTestNG.run(AbstractRemoteTestNG.java:115)
	at org.testng.remote.RemoteTestNG.initAndRun(RemoteTestNG.java:293)
	at org.testng.remote.RemoteTestNG.main(RemoteTestNG.java:91)
]]>
            </full-stacktrace>
          </exception> <!-- com.menumitra.utilityclass.customException -->
          <reporter-output>
          </reporter-output>
        </test-method> <!-- menuCategoryViewNegativeTest -->
        <test-method signature="verifyMenuCategoryView(java.lang.String, java.lang.String, java.lang.String, java.lang.String, java.lang.String, java.lang.String, java.lang.String, java.lang.String)[pri:0, instance:com.menumitratCommonAPITestScript.MenuCategoryViewTestScript@3b6ddd1d]" started-at="2025-06-26T15:24:53Z" name="verifyMenuCategoryView" data-provider="getMenuCategoryViewData" finished-at="2025-06-26T15:24:53Z" duration-ms="87" status="FAIL">
          <params>
            <param index="0">
              <value>
                <![CDATA[menucategoryview]]>
              </value>
            </param>
            <param index="1">
              <value>
                <![CDATA[menucategoryview_001]]>
              </value>
            </param>
            <param index="2">
              <value>
                <![CDATA[positive]]>
              </value>
            </param>
            <param index="3">
              <value>
                <![CDATA[verify menu category view]]>
              </value>
            </param>
            <param index="4">
              <value>
                <![CDATA[post]]>
              </value>
            </param>
            <param index="5">
              <value>
                <![CDATA[{
    "outlet_id":"1",
    "menu_cat_id": "5"
}]]>
              </value>
            </param>
            <param index="6">
              <value>
                <![CDATA[]]>
              </value>
            </param>
            <param index="7">
              <value>
                <![CDATA[200]]>
              </value>
            </param>
          </params>
          <exception class="com.menumitra.utilityclass.customException">
            <message>
              <![CDATA[Error in menu category view test: Status code mismatch - Expected: 200, Actual: 400]]>
            </message>
            <full-stacktrace>
              <![CDATA[com.menumitra.utilityclass.customException: Error in menu category view test: Status code mismatch - Expected: 200, Actual: 400
	at com.menumitratCommonAPITestScript.MenuCategoryViewTestScript.verifyMenuCategoryView(MenuCategoryViewTestScript.java:261)
	at java.base/jdk.internal.reflect.DirectMethodHandleAccessor.invoke(DirectMethodHandleAccessor.java:103)
	at java.base/java.lang.reflect.Method.invoke(Method.java:580)
	at org.testng.internal.MethodInvocationHelper.invokeMethod(MethodInvocationHelper.java:86)
	at org.testng.internal.Invoker.invokeMethod(Invoker.java:643)
	at org.testng.internal.Invoker.invokeTestMethod(Invoker.java:820)
	at org.testng.internal.Invoker.invokeTestMethods(Invoker.java:1128)
	at org.testng.internal.TestMethodWorker.invokeTestMethods(TestMethodWorker.java:129)
	at org.testng.internal.TestMethodWorker.run(TestMethodWorker.java:112)
	at org.testng.TestRunner.privateRun(TestRunner.java:782)
	at org.testng.TestRunner.run(TestRunner.java:632)
	at org.testng.SuiteRunner.runTest(SuiteRunner.java:366)
	at org.testng.SuiteRunner.runSequentially(SuiteRunner.java:361)
	at org.testng.SuiteRunner.privateRun(SuiteRunner.java:319)
	at org.testng.SuiteRunner.run(SuiteRunner.java:268)
	at org.testng.SuiteRunnerWorker.runSuite(SuiteRunnerWorker.java:52)
	at org.testng.SuiteRunnerWorker.run(SuiteRunnerWorker.java:86)
	at org.testng.TestNG.runSuitesSequentially(TestNG.java:1244)
	at org.testng.TestNG.runSuitesLocally(TestNG.java:1169)
	at org.testng.TestNG.run(TestNG.java:1064)
	at org.testng.remote.AbstractRemoteTestNG.run(AbstractRemoteTestNG.java:115)
	at org.testng.remote.RemoteTestNG.initAndRun(RemoteTestNG.java:293)
	at org.testng.remote.RemoteTestNG.main(RemoteTestNG.java:91)
]]>
            </full-stacktrace>
          </exception> <!-- com.menumitra.utilityclass.customException -->
          <reporter-output>
          </reporter-output>
        </test-method> <!-- verifyMenuCategoryView -->
      </class> <!-- com.menumitratCommonAPITestScript.MenuCategoryViewTestScript -->
      <class name="com.menumitratCommonAPITestScript.OrderPaymentSettleTestScript">
        <test-method is-config="true" signature="setup()[pri:0, instance:com.menumitratCommonAPITestScript.OrderPaymentSettleTestScript@659499f1]" started-at="2025-06-26T15:25:23Z" name="setup" finished-at="2025-06-26T15:25:23Z" duration-ms="0" status="FAIL">
          <exception class="com.menumitra.utilityclass.customException">
            <message>
              <![CDATA[Error during setup: Cannot invoke "String.isEmpty()" because "this.accessToken" is null]]>
            </message>
            <full-stacktrace>
              <![CDATA[com.menumitra.utilityclass.customException: Error during setup: Cannot invoke "String.isEmpty()" because "this.accessToken" is null
	at com.menumitratCommonAPITestScript.OrderPaymentSettleTestScript.setup(OrderPaymentSettleTestScript.java:137)
	at java.base/jdk.internal.reflect.DirectMethodHandleAccessor.invoke(DirectMethodHandleAccessor.java:103)
	at java.base/java.lang.reflect.Method.invoke(Method.java:580)
	at org.testng.internal.MethodInvocationHelper.invokeMethod(MethodInvocationHelper.java:86)
	at org.testng.internal.Invoker.invokeConfigurationMethod(Invoker.java:514)
	at org.testng.internal.Invoker.invokeConfigurations(Invoker.java:215)
	at org.testng.internal.Invoker.invokeConfigurations(Invoker.java:142)
	at org.testng.internal.TestMethodWorker.invokeBeforeClassMethods(TestMethodWorker.java:178)
	at org.testng.internal.TestMethodWorker.run(TestMethodWorker.java:108)
	at org.testng.TestRunner.privateRun(TestRunner.java:782)
	at org.testng.TestRunner.run(TestRunner.java:632)
	at org.testng.SuiteRunner.runTest(SuiteRunner.java:366)
	at org.testng.SuiteRunner.runSequentially(SuiteRunner.java:361)
	at org.testng.SuiteRunner.privateRun(SuiteRunner.java:319)
	at org.testng.SuiteRunner.run(SuiteRunner.java:268)
	at org.testng.SuiteRunnerWorker.runSuite(SuiteRunnerWorker.java:52)
	at org.testng.SuiteRunnerWorker.run(SuiteRunnerWorker.java:86)
	at org.testng.TestNG.runSuitesSequentially(TestNG.java:1244)
	at org.testng.TestNG.runSuitesLocally(TestNG.java:1169)
	at org.testng.TestNG.run(TestNG.java:1064)
	at org.testng.remote.AbstractRemoteTestNG.run(AbstractRemoteTestNG.java:115)
	at org.testng.remote.RemoteTestNG.initAndRun(RemoteTestNG.java:293)
	at org.testng.remote.RemoteTestNG.main(RemoteTestNG.java:91)
]]>
            </full-stacktrace>
          </exception> <!-- com.menumitra.utilityclass.customException -->
          <reporter-output>
          </reporter-output>
        </test-method> <!-- setup -->
        <test-method signature="orderPaymentSettle(java.lang.String, java.lang.String, java.lang.String, java.lang.String, java.lang.String, java.lang.String, java.lang.String, java.lang.String)[pri:0, instance:com.menumitratCommonAPITestScript.OrderPaymentSettleTestScript@659499f1]" started-at="2025-06-26T15:25:23Z" name="orderPaymentSettle" data-provider="getOrderPaymentSettleData" finished-at="2025-06-26T15:25:23Z" duration-ms="1" status="SKIP">
          <params>
            <param index="0">
              <value>
                <![CDATA[orderpaymentsettle]]>
              </value>
            </param>
            <param index="1">
              <value>
                <![CDATA[orderpaymentsettle_001]]>
              </value>
            </param>
            <param index="2">
              <value>
                <![CDATA[positive]]>
              </value>
            </param>
            <param index="3">
              <value>
                <![CDATA[Verify]]>
              </value>
            </param>
            <param index="4">
              <value>
                <![CDATA[patch]]>
              </value>
            </param>
            <param index="5">
              <value>
                <![CDATA[{
  "outlet_id": "1",
  "order_id": "47", 
  "payment_settle_type": "paid",
  "user_id": "2"
}]]>
              </value>
            </param>
            <param index="6">
              <value>
                <![CDATA[{
  "detail": "Order payment settle type and status updated successfully"
}]]>
              </value>
            </param>
            <param index="7">
              <value>
                <![CDATA[200]]>
              </value>
            </param>
          </params>
          <reporter-output>
          </reporter-output>
        </test-method> <!-- orderPaymentSettle -->
      </class> <!-- com.menumitratCommonAPITestScript.OrderPaymentSettleTestScript -->
      <class name="com.menumitratCommonAPITestScript.GetMenuList">
        <test-method is-config="true" signature="menuListSetUp()[pri:0, instance:com.menumitratCommonAPITestScript.GetMenuList@3c7f66c4]" started-at="2025-06-26T15:25:12Z" name="menuListSetUp" finished-at="2025-06-26T15:25:12Z" duration-ms="0" status="FAIL">
          <exception class="com.menumitra.utilityclass.customException">
            <message>
              <![CDATA[Error in menu list setup: Cannot invoke "String.isEmpty()" because "this.accessToken" is null]]>
            </message>
            <full-stacktrace>
              <![CDATA[com.menumitra.utilityclass.customException: Error in menu list setup: Cannot invoke "String.isEmpty()" because "this.accessToken" is null
	at com.menumitratCommonAPITestScript.GetMenuList.menuListSetUp(GetMenuList.java:95)
	at java.base/jdk.internal.reflect.DirectMethodHandleAccessor.invoke(DirectMethodHandleAccessor.java:103)
	at java.base/java.lang.reflect.Method.invoke(Method.java:580)
	at org.testng.internal.MethodInvocationHelper.invokeMethod(MethodInvocationHelper.java:86)
	at org.testng.internal.Invoker.invokeConfigurationMethod(Invoker.java:514)
	at org.testng.internal.Invoker.invokeConfigurations(Invoker.java:215)
	at org.testng.internal.Invoker.invokeConfigurations(Invoker.java:142)
	at org.testng.internal.TestMethodWorker.invokeBeforeClassMethods(TestMethodWorker.java:178)
	at org.testng.internal.TestMethodWorker.run(TestMethodWorker.java:108)
	at org.testng.TestRunner.privateRun(TestRunner.java:782)
	at org.testng.TestRunner.run(TestRunner.java:632)
	at org.testng.SuiteRunner.runTest(SuiteRunner.java:366)
	at org.testng.SuiteRunner.runSequentially(SuiteRunner.java:361)
	at org.testng.SuiteRunner.privateRun(SuiteRunner.java:319)
	at org.testng.SuiteRunner.run(SuiteRunner.java:268)
	at org.testng.SuiteRunnerWorker.runSuite(SuiteRunnerWorker.java:52)
	at org.testng.SuiteRunnerWorker.run(SuiteRunnerWorker.java:86)
	at org.testng.TestNG.runSuitesSequentially(TestNG.java:1244)
	at org.testng.TestNG.runSuitesLocally(TestNG.java:1169)
	at org.testng.TestNG.run(TestNG.java:1064)
	at org.testng.remote.AbstractRemoteTestNG.run(AbstractRemoteTestNG.java:115)
	at org.testng.remote.RemoteTestNG.initAndRun(RemoteTestNG.java:293)
	at org.testng.remote.RemoteTestNG.main(RemoteTestNG.java:91)
]]>
            </full-stacktrace>
          </exception> <!-- com.menumitra.utilityclass.customException -->
          <reporter-output>
          </reporter-output>
        </test-method> <!-- menuListSetUp -->
        <test-method signature="verifyMenuList(java.lang.String, java.lang.String, java.lang.String, java.lang.String, java.lang.String, java.lang.String, java.lang.String, java.lang.String)[pri:0, instance:com.menumitratCommonAPITestScript.GetMenuList@3c7f66c4]" started-at="2025-06-26T15:25:13Z" name="verifyMenuList" data-provider="getMenuListData" finished-at="2025-06-26T15:25:13Z" duration-ms="1" status="SKIP">
          <params>
            <param index="0">
              <value>
                <![CDATA[getmenulist]]>
              </value>
            </param>
            <param index="1">
              <value>
                <![CDATA[getmenu_list_001]]>
              </value>
            </param>
            <param index="2">
              <value>
                <![CDATA[positive]]>
              </value>
            </param>
            <param index="3">
              <value>
                <![CDATA[verify Get Menu List]]>
              </value>
            </param>
            <param index="4">
              <value>
                <![CDATA[post]]>
              </value>
            </param>
            <param index="5">
              <value>
                <![CDATA[{
  
  "outlet_id": 1,
 "app_source":"owner_app"

}]]>
              </value>
            </param>
            <param index="6">
              <value>
                <![CDATA[{
  "menu_list": {
    "Lemon Ricee": 14,
    "Fried Rice": 12,
    "Jeera Rice": 386,
    "Chicken biryani": 17,
    "testing menu": 51,
    "Chicken tandoor": 380,
    "CCVC": 105,
    "online ": 113,
    "chiken testing": 128,
    "testing": 333,
    "bgff": 341,
    "Test vtwo": 373,
    "White Sauce past with extra cheese": 381,
    "vfffdf": 383,
    "Momos": 390,
    "Pulav": 391,
    "Gddh": 392,
    "Pizza": 393
  }
}]]>
              </value>
            </param>
            <param index="7">
              <value>
                <![CDATA[200]]>
              </value>
            </param>
          </params>
          <reporter-output>
          </reporter-output>
        </test-method> <!-- verifyMenuList -->
      </class> <!-- com.menumitratCommonAPITestScript.GetMenuList -->
    </test> <!-- Test -->
  </suite> <!-- Suite -->
</testng-results>
